###############################################################################
#                                                                             #
# IAR C/C++ Compiler V8.10.1.10194/W32 for 8051         17/Dec/2014  19:41:11 #
# Copyright 2004-2011 IAR Systems AB.                                         #
#                                                                             #
#    Core               =  plain                                              #
#    Code model         =  banked                                             #
#    Data model         =  large                                              #
#    Calling convention =  xdata reentrant                                    #
#    Constant location  =  data_rom                                           #
#    Dptr setup         =  1,16                                               #
#    Source file        =  D:\RE_1_2_0_FORMAL_APP(251)-14-12-8\Projects\zstac #
#                          k\Samples\SampleApp\Source\DOOR_BELL_BUTTON\DOOR_B #
#                          ELL_BUTTON_key.c                                   #
#    Command line       =  -f "D:\RE_1_2_0_FORMAL_APP(251)-14-12-8\Projects\z #
#                          stack\Samples\SampleApp\CC2530DB\..\..\..\Tools\CC #
#                          2530DB\f8wEndev.cfg" (-DCPU32MHZ                   #
#                          -DROOT=__near_func -DMAC_CFG_TX_DATA_MAX=3         #
#                          -DMAC_CFG_TX_MAX=6 -DMAC_CFG_RX_MAX=3) -f          #
#                          "D:\RE_1_2_0_FORMAL_APP(251)-14-12-8\Projects\zsta #
#                          ck\Samples\SampleApp\CC2530DB\..\..\..\Tools\CC253 #
#                          0DB\f8wConfig.cfg" (-DZIGBEEPRO -DSECURE=1         #
#                          -DZG_SECURE_DYNAMIC=0 -DREFLECTOR                  #
#                          -DZDAPP_CONFIG_PAN_ID=0xFFFF                       #
#                          -DNWK_START_DELAY=100 -DEXTENDED_JOINING_RANDOM_MA #
#                          SK=0x007F -DBEACON_REQUEST_DELAY=100               #
#                          -DBEACON_REQ_DELAY_MASK=0x00FF                     #
#                          -DLINK_STATUS_JITTER_MASK=0x007F                   #
#                          -DROUTE_EXPIRY_TIME=30 -DAPSC_ACK_WAIT_DURATION_PO #
#                          LLED=3000 -DNWK_INDIRECT_MSG_TIMEOUT=60            #
#                          -DMAX_RREQ_ENTRIES=8 -DAPSC_MAX_FRAME_RETRIES=3    #
#                          -DNWK_MAX_DATA_RETRIES=2                           #
#                          -DMAX_POLL_FAILURE_RETRIES=2 -DMAX_BCAST=9         #
#                          -DAPS_MAX_GROUPS=16 -DMAX_RTG_ENTRIES=30           #
#                          -DNWK_MAX_BINDING_ENTRIES=1                        #
#                          -DMAX_BINDING_CLUSTER_IDS=4 -DASSERT_RESET         #
#                          -DMAC_MAX_FRAME_SIZE=116                           #
#                          -DZDNWKMGR_MIN_TRANSMISSIONS=20 "-DCONST=const     #
#                          __code" -DGENERIC=__generic                        #
#                          -DRFD_RCVC_ALWAYS_ON=FALSE -DPOLL_RATE=8000        #
#                          -DQUEUED_POLL_RATE=100 -DRESPONSE_POLL_RATE=1000)  #
#                          -DREJOIN_POLL_RATE=440 "D:\RE_1_2_0_FORMAL_APP(251 #
#                          )-14-12-8\Projects\zstack\Samples\SampleApp\Source #
#                          \DOOR_BELL_BUTTON\DOOR_BELL_BUTTON_key.c" -D       #
#                          NV_INIT -D NV_RESTORE -D HOLD_AUTO_START -D        #
#                          MT_TASK -D xMT_APP_FUNC -D MT_SYS_FUNC -D          #
#                          MT_ZDO_FUNC -D xMT_ZDO_MGMT -D ISR_KEYINTERRUPT    #
#                          -D POWER_SAVING -D xLONG_POLL_TIMES -D             #
#                          xHAVE_TEST_FUN -D RESUME_TIME_TEST -D              #
#                          SCEEN_KEYPAD -D xM_V332 -lC                        #
#                          "D:\RE_1_2_0_FORMAL_APP(251)-14-12-8\Projects\zsta #
#                          ck\Samples\SampleApp\CC2530DB\SCEEN_KEYPAD\List\"  #
#                          -lA "D:\RE_1_2_0_FORMAL_APP(251)-14-12-8\Projects\ #
#                          zstack\Samples\SampleApp\CC2530DB\SCEEN_KEYPAD\Lis #
#                          t\" --diag_suppress Pe001,Pa010 -o                 #
#                          "D:\RE_1_2_0_FORMAL_APP(251)-14-12-8\Projects\zsta #
#                          ck\Samples\SampleApp\CC2530DB\SCEEN_KEYPAD\Obj\"   #
#                          -e --no_cse --no_unroll --no_inline                #
#                          --no_code_motion --no_tbaa --debug --core=plain    #
#                          --dptr=16,1 --data_model=large                     #
#                          --code_model=banked --calling_convention=xdata_ree #
#                          ntrant --place_constants=data_rom                  #
#                          --nr_virtual_regs 16 -I "D:\RE_1_2_0_FORMAL_APP(25 #
#                          1)-14-12-8\Projects\zstack\Samples\SampleApp\CC253 #
#                          0DB\" -I "D:\RE_1_2_0_FORMAL_APP(251)-14-12-8\Proj #
#                          ects\zstack\Samples\SampleApp\CC2530DB\..\Source\" #
#                           -I "D:\RE_1_2_0_FORMAL_APP(251)-14-12-8\Projects\ #
#                          zstack\Samples\SampleApp\CC2530DB\..\Source\rssi_t #
#                          est\h\" -I "D:\RE_1_2_0_FORMAL_APP(251)-14-12-8\Pr #
#                          ojects\zstack\Samples\SampleApp\CC2530DB\..\Source #
#                          \SCEEN_KEYPAD\" -I "D:\RE_1_2_0_FORMAL_APP(251)-14 #
#                          -12-8\Projects\zstack\Samples\SampleApp\CC2530DB\. #
#                          .\..\..\ZMain\TI2530DB\" -I                        #
#                          "D:\RE_1_2_0_FORMAL_APP(251)-14-12-8\Projects\zsta #
#                          ck\Samples\SampleApp\CC2530DB\..\..\..\..\..\Compo #
#                          nents\hal\include\" -I "D:\RE_1_2_0_FORMAL_APP(251 #
#                          )-14-12-8\Projects\zstack\Samples\SampleApp\CC2530 #
#                          DB\..\..\..\..\..\Components\hal\target\CC2530EB\" #
#                           -I "D:\RE_1_2_0_FORMAL_APP(251)-14-12-8\Projects\ #
#                          zstack\Samples\SampleApp\CC2530DB\..\..\..\..\..\C #
#                          omponents\mac\include\" -I                         #
#                          "D:\RE_1_2_0_FORMAL_APP(251)-14-12-8\Projects\zsta #
#                          ck\Samples\SampleApp\CC2530DB\..\..\..\..\..\Compo #
#                          nents\mac\high_level\" -I                          #
#                          "D:\RE_1_2_0_FORMAL_APP(251)-14-12-8\Projects\zsta #
#                          ck\Samples\SampleApp\CC2530DB\..\..\..\..\..\Compo #
#                          nents\mac\low_level\srf04\" -I                     #
#                          "D:\RE_1_2_0_FORMAL_APP(251)-14-12-8\Projects\zsta #
#                          ck\Samples\SampleApp\CC2530DB\..\..\..\..\..\Compo #
#                          nents\mac\low_level\srf04\single_chip\" -I         #
#                          "D:\RE_1_2_0_FORMAL_APP(251)-14-12-8\Projects\zsta #
#                          ck\Samples\SampleApp\CC2530DB\..\..\..\..\..\Compo #
#                          nents\mt\" -I "D:\RE_1_2_0_FORMAL_APP(251)-14-12-8 #
#                          \Projects\zstack\Samples\SampleApp\CC2530DB\..\..\ #
#                          ..\..\..\Components\osal\include\" -I              #
#                          "D:\RE_1_2_0_FORMAL_APP(251)-14-12-8\Projects\zsta #
#                          ck\Samples\SampleApp\CC2530DB\..\..\..\..\..\Compo #
#                          nents\services\saddr\" -I                          #
#                          "D:\RE_1_2_0_FORMAL_APP(251)-14-12-8\Projects\zsta #
#                          ck\Samples\SampleApp\CC2530DB\..\..\..\..\..\Compo #
#                          nents\services\sdata\" -I                          #
#                          "D:\RE_1_2_0_FORMAL_APP(251)-14-12-8\Projects\zsta #
#                          ck\Samples\SampleApp\CC2530DB\..\..\..\..\..\Compo #
#                          nents\stack\af\" -I "D:\RE_1_2_0_FORMAL_APP(251)-1 #
#                          4-12-8\Projects\zstack\Samples\SampleApp\CC2530DB\ #
#                          ..\..\..\..\..\Components\stack\nwk\" -I           #
#                          "D:\RE_1_2_0_FORMAL_APP(251)-14-12-8\Projects\zsta #
#                          ck\Samples\SampleApp\CC2530DB\..\..\..\..\..\Compo #
#                          nents\stack\sapi\" -I "D:\RE_1_2_0_FORMAL_APP(251) #
#                          -14-12-8\Projects\zstack\Samples\SampleApp\CC2530D #
#                          B\..\..\..\..\..\Components\stack\sec\" -I         #
#                          "D:\RE_1_2_0_FORMAL_APP(251)-14-12-8\Projects\zsta #
#                          ck\Samples\SampleApp\CC2530DB\..\..\..\..\..\Compo #
#                          nents\stack\sys\" -I "D:\RE_1_2_0_FORMAL_APP(251)- #
#                          14-12-8\Projects\zstack\Samples\SampleApp\CC2530DB #
#                          \..\..\..\..\..\Components\stack\zdo\" -I          #
#                          "D:\RE_1_2_0_FORMAL_APP(251)-14-12-8\Projects\zsta #
#                          ck\Samples\SampleApp\CC2530DB\..\..\..\..\..\Compo #
#                          nents\zmac\" -I "D:\RE_1_2_0_FORMAL_APP(251)-14-12 #
#                          -8\Projects\zstack\Samples\SampleApp\CC2530DB\..\. #
#                          .\..\..\..\Components\zmac\f8w\" -On               #
#                          --require_prototypes                               #
#    List file          =  D:\RE_1_2_0_FORMAL_APP(251)-14-12-8\Projects\zstac #
#                          k\Samples\SampleApp\CC2530DB\SCEEN_KEYPAD\List\DOO #
#                          R_BELL_BUTTON_key.lst                              #
#    Object file        =  D:\RE_1_2_0_FORMAL_APP(251)-14-12-8\Projects\zstac #
#                          k\Samples\SampleApp\CC2530DB\SCEEN_KEYPAD\Obj\DOOR #
#                          _BELL_BUTTON_key.r51                               #
#                                                                             #
#                                                                             #
###############################################################################

D:\RE_1_2_0_FORMAL_APP(251)-14-12-8\Projects\zstack\Samples\SampleApp\Source\DOOR_BELL_BUTTON\DOOR_BELL_BUTTON_key.c
      1          /**************************************************************************************************
      2            Filename:       hal_key.c
      3            Revised:        $Date: 2010-09-15 19:02:45 -0700 (Wed, 15 Sep 2010) $
      4            Revision:       $Revision: 23815 $
      5          
      6            Description:    This file contains the interface to the HAL KEY Service.
      7          
      8          
      9            Copyright 2006-2010 Texas Instruments Incorporated. All rights reserved.
     10          
     11            IMPORTANT: Your use of this Software is limited to those specific rights
     12            granted under the terms of a software license agreement between the user
     13            who downloaded the software, his/her employer (which must be your employer)
     14            and Texas Instruments Incorporated (the "License").  You may not use this
     15            Software unless you agree to abide by the terms of the License. The License
     16            limits your use, and you acknowledge, that the Software may not be modified,
     17            copied or distributed unless embedded on a Texas Instruments microcontroller
     18            or used solely and exclusively in conjunction with a Texas Instruments radio
     19            frequency transceiver, which is integrated into your product.  Other than for
     20            the foregoing purpose, you may not use, reproduce, copy, prepare derivative
     21            works of, modify, distribute, perform, display or sell this Software and/or
     22            its documentation for any purpose.
     23          
     24            YOU FURTHER ACKNOWLEDGE AND AGREE THAT THE SOFTWARE AND DOCUMENTATION ARE
     25            PROVIDED AS IS?WITHOUT WARRANTY OF ANY KIND, EITHER EXPRESS OR IMPLIED,
     26            INCLUDING WITHOUT LIMITATION, ANY WARRANTY OF MERCHANTABILITY, TITLE,
     27            NON-INFRINGEMENT AND FITNESS FOR A PARTICULAR PURPOSE. IN NO EVENT SHALL
     28            TEXAS INSTRUMENTS OR ITS LICENSORS BE LIABLE OR OBLIGATED UNDER CONTRACT,
     29            NEGLIGENCE, STRICT LIABILITY, CONTRIBUTION, BREACH OF WARRANTY, OR OTHER
     30            LEGAL EQUITABLE THEORY ANY DIRECT OR INDIRECT DAMAGES OR EXPENSES
     31            INCLUDING BUT NOT LIMITED TO ANY INCIDENTAL, SPECIAL, INDIRECT, PUNITIVE
     32            OR CONSEQUENTIAL DAMAGES, LOST PROFITS OR LOST DATA, COST OF PROCUREMENT
     33            OF SUBSTITUTE GOODS, TECHNOLOGY, SERVICES, OR ANY CLAIMS BY THIRD PARTIES
     34            (INCLUDING BUT NOT LIMITED TO ANY DEFENSE THEREOF), OR OTHER SIMILAR COSTS.
     35          
     36            Should you have any questions regarding your right to use this Software,
     37            contact Texas Instruments Incorporated at www.TI.com.
     38          **************************************************************************************************/
     39          /*********************************************************************
     40           NOTE: If polling is used, the hal_driver task schedules the KeyRead()
     41                 to occur every 100ms.  This should be long enough to naturally
     42                 debounce the keys.  The KeyRead() function remembers the key
     43                 state of the previous poll and will only return a non-zero
     44                 value if the key state changes.
     45          
     46           NOTE: If interrupts are used, the KeyRead() function is scheduled
     47                 25ms after the interrupt occurs by the ISR.  This delay is used
     48                 for key debouncing.  The ISR disables any further Key interrupt
     49                 until KeyRead() is executed.  KeyRead() will re-enable Key
     50                 interrupts after executing.  Unlike polling, when interrupts
     51                 are enabled, the previous key state is not remembered.  This
     52                 means that KeyRead() will return the current state of the keys
     53                 (not a change in state of the keys).
     54          
     55           NOTE: If interrupts are used, the KeyRead() fucntion is scheduled by
     56                 the ISR.  Therefore, the joystick movements will only be detected
     57                 during a pushbutton interrupt caused by S1 or the center joystick
     58                 pushbutton.
     59          
     60           NOTE: When a switch like S1 is pushed, the S1 signal goes from a normally
     61                 high state to a low state.  This transition is typically clean.  The
     62                 duration of the low state is around 200ms.  When the signal returns
     63                 to the high state, there is a high likelihood of signal bounce, which
     64                 causes a unwanted interrupts.  Normally, we would set the interrupt
     65                 edge to falling edge to generate an interrupt when S1 is pushed, but
     66                 because of the signal bounce, it is better to set the edge to rising
     67                 edge to generate an interrupt when S1 is released.  The debounce logic
     68                 can then filter out the signal bounce.  The result is that we typically
     69                 get only 1 interrupt per button push.  This mechanism is not totally
     70                 foolproof because occasionally, signal bound occurs during the falling
     71                 edge as well.  A similar mechanism is used to handle the joystick
     72                 pushbutton on the DB.  For the EB, we do not have independent control
     73                 of the interrupt edge for the S1 and center joystick pushbutton.  As
     74                 a result, only one or the other pushbuttons work reasonably well with
     75                 interrupts.  The default is the make the S1 switch on the EB work more
     76                 reliably.
     77          
     78          *********************************************************************/
     79          
     80          /**************************************************************************************************
     81           *                                            INCLUDES
     82           **************************************************************************************************/
     83          #include "hal_mcu.h"

   \                                 In  segment SFR_AN, at 0x87
   \   unsigned char volatile __sfr PCON
   \                     PCON:
   \   000000                DS 1

   \                                 In  segment SFR_AN, at 0x89
   \   unsigned char volatile __sfr P0IFG
   \                     P0IFG:
   \   000000                DS 1

   \                                 In  segment SFR_AN, at 0x8a
   \   unsigned char volatile __sfr P1IFG
   \                     P1IFG:
   \   000000                DS 1

   \                                 In  segment SFR_AN, at 0x8c
   \   unsigned char volatile __sfr PICTL
   \                     PICTL:
   \   000000                DS 1

   \                                 In  segment SFR_AN, at 0x8d
   \   unsigned char volatile __sfr P1IEN
   \                     P1IEN:
   \   000000                DS 1

   \                                 In  segment SFR_AN, at 0x90
   \   union <unnamed> volatile __sfr _A_P1
   \                     _A_P1:
   \   000000                DS 1

   \                                 In  segment SFR_AN, at 0x9a
   \   unsigned char volatile __sfr IEN2
   \                     IEN2:
   \   000000                DS 1

   \                                 In  segment SFR_AN, at 0xa8
   \   union <unnamed> volatile __sfr _A_IEN0
   \                     _A_IEN0:
   \   000000                DS 1

   \                                 In  segment SFR_AN, at 0xab
   \   unsigned char volatile __sfr P0IEN
   \                     P0IEN:
   \   000000                DS 1

   \                                 In  segment SFR_AN, at 0xb8
   \   union <unnamed> volatile __sfr _A_IEN1
   \                     _A_IEN1:
   \   000000                DS 1

   \                                 In  segment SFR_AN, at 0xc0
   \   union <unnamed> volatile __sfr _A_IRCON
   \                     _A_IRCON:
   \   000000                DS 1

   \                                 In  segment SFR_AN, at 0xe8
   \   union <unnamed> volatile __sfr _A_IRCON2
   \                     _A_IRCON2:
   \   000000                DS 1

   \                                 In  segment SFR_AN, at 0xf3
   \   unsigned char volatile __sfr P0SEL
   \                     P0SEL:
   \   000000                DS 1

   \                                 In  segment SFR_AN, at 0xf4
   \   unsigned char volatile __sfr P1SEL
   \                     P1SEL:
   \   000000                DS 1

   \                                 In  segment SFR_AN, at 0xfd
   \   unsigned char volatile __sfr P0DIR
   \                     P0DIR:
   \   000000                DS 1

   \                                 In  segment SFR_AN, at 0xfe
   \   unsigned char volatile __sfr P1DIR
   \                     P1DIR:
   \   000000                DS 1
     84          #include "hal_defs.h"
     85          #include "hal_types.h"
     86          #include "hal_board.h"
     87          #include "hal_drivers.h"
     88          #include "hal_adc.h"
     89          #include "hal_key.h"
     90          #include "osal.h"
     91          #include "device.h"
     92          #include "hal_led.h"
     93          #include "NLMEDE.h"
     94          #include "ZDApp.h"
     95          #include "nwk_util.h"
     96          #if (defined HAL_KEY) && (HAL_KEY == TRUE)
     97          
     98          /**************************************************************************************************
     99           *                                              MACROS
    100           **************************************************************************************************/
    101          
    102          /**************************************************************************************************
    103           *                                            CONSTANTS
    104           **************************************************************************************************/
    105          #define HAL_KEY_RISING_EDGE   0
    106          #define HAL_KEY_FALLING_EDGE  1
    107          
    108          #define HAL_KEY_DEBOUNCE_VALUE  25
    109          #define HAL_KEY_CLICKED_VALUE  600  //600ms 内没按键中断则按键检测结束，发送检测到的按键次数到应用层
    110          #define HAL_KEY_DOBULETICK_VALUE   1000
    111          /* CPU port interrupt */
    112          #define HAL_KEY_CPU_PORT_0_IF P0IF
    113          #define HAL_KEY_CPU_PORT_1_IF P1IF
    114          #define HAL_KEY_CPU_PORT_2_IF P2IF
    115          
    116          
    117          /* SW_8 is at P1.2 */
    118          #define HAL_KEY_SW_8_PORT   P1
    119          #define HAL_KEY_SW_8_BIT    BV(2)
    120          #define HAL_KEY_SW_8_SEL    P1SEL
    121          #define HAL_KEY_SW_8_DIR    P1DIR
    122          /* edge interrupt */
    123          #define HAL_KEY_SW_8_EDGEBIT  BV(1)//p1端口的触发模式设置 在PICTL的低第二位（位1）
    124          #define HAL_KEY_SW_8_EDGE     HAL_KEY_FALLING_EDGE  // 上升沿触发
    125          
    126          
    127          /* SW_8 interrupts */
    128          #define HAL_KEY_SW_8_IEN      IEN2  /* CPU interrupt mask register */
    129          #define HAL_KEY_SW_8_IENBIT   BV(4) /* Mask bit for all of Port_1 */
    130          #define HAL_KEY_SW_8_ICTL     P1IEN /* Port Interrupt Control register */
    131          #define HAL_KEY_SW_8_ICTLBIT  BV(2) /* P1IEN - P1.2 enable/disable bit */ 
    132          #define HAL_KEY_SW_8_PXIFG    P1IFG /* Interrupt flag at source */
    133          
    134          
    135          
    136          #define HAL_KEY_SW_5_PORT   P0
                         ^
Warning[Pe047]: incompatible redefinition of macro "HAL_KEY_SW_5_PORT"
          (declared at line 163 of
          "D:\RE_1_2_0_FORMAL_APP(251)-14-12-8\Components\hal\target\CC2530EB\S
          CEEN_KEYPAD_IO_CONFIG.h")
    137          #define HAL_KEY_SW_5_BIT    BV(5)
                         ^
Warning[Pe047]: incompatible redefinition of macro "HAL_KEY_SW_5_BIT"
          (declared at line 164 of
          "D:\RE_1_2_0_FORMAL_APP(251)-14-12-8\Components\hal\target\CC2530EB\S
          CEEN_KEYPAD_IO_CONFIG.h")
    138          #define HAL_KEY_SW_5_SEL    P0SEL
                         ^
Warning[Pe047]: incompatible redefinition of macro "HAL_KEY_SW_5_SEL"
          (declared at line 165 of
          "D:\RE_1_2_0_FORMAL_APP(251)-14-12-8\Components\hal\target\CC2530EB\S
          CEEN_KEYPAD_IO_CONFIG.h")
    139          #define HAL_KEY_SW_5_DIR    P0DIR
                         ^
Warning[Pe047]: incompatible redefinition of macro "HAL_KEY_SW_5_DIR"
          (declared at line 166 of
          "D:\RE_1_2_0_FORMAL_APP(251)-14-12-8\Components\hal\target\CC2530EB\S
          CEEN_KEYPAD_IO_CONFIG.h")
    140          
    141          /* edge interrupt */
    142          #define HAL_KEY_SW_5_EDGEBIT  BV(0)
                         ^
Warning[Pe047]: incompatible redefinition of macro "HAL_KEY_SW_5_EDGEBIT"
          (declared at line 167 of
          "D:\RE_1_2_0_FORMAL_APP(251)-14-12-8\Components\hal\target\CC2530EB\S
          CEEN_KEYPAD_IO_CONFIG.h")
    143          #define HAL_KEY_SW_5_EDGE     HAL_KEY_FALLING_EDGE
    144          
    145          
    146          /* SW_6 interrupts */
    147          #define HAL_KEY_SW_5_IEN      IEN1  /* CPU interrupt mask register */
                         ^
Warning[Pe047]: incompatible redefinition of macro "HAL_KEY_SW_5_IEN"
          (declared at line 169 of
          "D:\RE_1_2_0_FORMAL_APP(251)-14-12-8\Components\hal\target\CC2530EB\S
          CEEN_KEYPAD_IO_CONFIG.h")
    148          #define HAL_KEY_SW_5_IENBIT   BV(5) /* Mask bit for all of Port_0 */
                         ^
Warning[Pe047]: incompatible redefinition of macro "HAL_KEY_SW_5_IENBIT"
          (declared at line 170 of
          "D:\RE_1_2_0_FORMAL_APP(251)-14-12-8\Components\hal\target\CC2530EB\S
          CEEN_KEYPAD_IO_CONFIG.h")
    149          #define HAL_KEY_SW_5_ICTL     P0IEN /* Port Interrupt Control register */
                         ^
Warning[Pe047]: incompatible redefinition of macro "HAL_KEY_SW_5_ICTL"
          (declared at line 171 of
          "D:\RE_1_2_0_FORMAL_APP(251)-14-12-8\Components\hal\target\CC2530EB\S
          CEEN_KEYPAD_IO_CONFIG.h")
    150          #define HAL_KEY_SW_5_ICTLBIT  BV(5) /* P0IEN - P0.1 enable/disable bit BV(1)*/
                         ^
Warning[Pe047]: incompatible redefinition of macro "HAL_KEY_SW_5_ICTLBIT"
          (declared at line 172 of
          "D:\RE_1_2_0_FORMAL_APP(251)-14-12-8\Components\hal\target\CC2530EB\S
          CEEN_KEYPAD_IO_CONFIG.h")
    151          #define HAL_KEY_SW_5_PXIFG    P0IFG /* Interrupt flag at source */
                         ^
Warning[Pe047]: incompatible redefinition of macro "HAL_KEY_SW_5_PXIFG"
          (declared at line 173 of
          "D:\RE_1_2_0_FORMAL_APP(251)-14-12-8\Components\hal\target\CC2530EB\S
          CEEN_KEYPAD_IO_CONFIG.h")
    152          
    153          
    154          
    155          /* SW_9 is at P1.5 */
    156          #define HAL_KEY_SW_9_PORT   P1
    157          #define HAL_KEY_SW_9_BIT    BV(5)
    158          #define HAL_KEY_SW_9_SEL    P1SEL
    159          #define HAL_KEY_SW_9_DIR    P1DIR
    160          
    161          /* edge interrupt */
    162          #define HAL_KEY_SW_9_EDGEBIT  BV(2)//p1端口的触发模式设置 在PICTL的低第三位（位2）P1.5为高4位地址
    163          //#define HAL_KEY_SW_8_EDGE     HAL_KEY_FALLING_EDGE  // 上升沿触发
    164          
    165          
    166          /* SW_8 interrupts */
    167          #define HAL_KEY_SW_9_IEN      IEN2  /* CPU interrupt mask register */
    168          #define HAL_KEY_SW_9_IENBIT   BV(4) /* Mask bit for all of Port_1 */
    169          #define HAL_KEY_SW_9_ICTL     P1IEN /* Port Interrupt Control register */
    170          #define HAL_KEY_SW_9_ICTLBIT  BV(5) /* P1IEN - P1.5 enable/disable bit */ 
    171          #define HAL_KEY_SW_9_PXIFG    P1IFG /* Interrupt flag at source */
    172          
    173          
    174          
    175          #define HAL_KEY_JOY_CHN   HAL_ADC_CHANNEL_6
    176          
    177          
    178          /**************************************************************************************************
    179           *                                            TYPEDEFS
    180           **************************************************************************************************/
    181          
    182          
    183          /**************************************************************************************************
    184           *                                        GLOBAL VARIABLES
    185           **************************************************************************************************/

   \                                 In  segment XDATA_Z, align 1, keep-with-next
    186          static uint8 halKeySavedKeys;     /* used to store previous key state in polling mode */
   \                     halKeySavedKeys:
   \   000000                DS 1
   \   000001                REQUIRE __INIT_XDATA_Z

   \                                 In  segment XDATA_Z, align 1, keep-with-next
    187           halKeyCBack_t pHalKeyProcessFunction;
   \                     pHalKeyProcessFunction:
   \   000000                DS 2
   \   000002                REQUIRE __INIT_XDATA_Z

   \                                 In  segment XDATA_Z, align 1, keep-with-next
    188          static uint8 HalKeyConfigured;
   \                     HalKeyConfigured:
   \   000000                DS 1
   \   000001                REQUIRE __INIT_XDATA_Z

   \                                 In  segment XDATA_Z, align 1, keep-with-next
    189          bool Hal_KeyIntEnable;            /* interrupt enable/disable flag */
   \                     Hal_KeyIntEnable:
   \   000000                DS 1
   \   000001                REQUIRE __INIT_XDATA_Z

   \                                 In  segment XDATA_Z, align 1, keep-with-next
    190          uint8 key_press_zdo_flag=0;
   \                     key_press_zdo_flag:
   \   000000                DS 1
   \   000001                REQUIRE __INIT_XDATA_Z
    191          /**************************************************************************************************
    192           *                                        FUNCTIONS - Local
    193           **************************************************************************************************/
    194          void halProcessKeyInterrupt(void);
    195          uint8 halGetJoyKeyInput(void);

   \                                 In  segment XDATA_Z, align 1, keep-with-next
    196          uint8 kpush0=0;
   \                     kpush0:
   \   000000                DS 1
   \   000001                REQUIRE __INIT_XDATA_Z

   \                                 In  segment XDATA_Z, align 1, keep-with-next
    197          uint8 kpush1=0;
   \                     kpush1:
   \   000000                DS 1
   \   000001                REQUIRE __INIT_XDATA_Z

   \                                 In  segment XDATA_Z, align 1, keep-with-next
    198          uint8 key_ISR_FLAG=0;
   \                     key_ISR_FLAG:
   \   000000                DS 1
   \   000001                REQUIRE __INIT_XDATA_Z

   \                                 In  segment XDATA_Z, align 1, keep-with-next
    199          uint8 key_p1_2_ISR_FLAG=0;//test p1.2口的单击 双击
   \                     key_p1_2_ISR_FLAG:
   \   000000                DS 1
   \   000001                REQUIRE __INIT_XDATA_Z

   \                                 In  segment XDATA_Z, align 1, keep-with-next
    200          uint8 key_double_flag = 0;//按键双击状态
   \                     key_double_flag:
   \   000000                DS 1
   \   000001                REQUIRE __INIT_XDATA_Z
    201          

   \                                 In  segment XDATA_Z, align 1, keep-with-next
    202          uint8 KEY_NET_ISR_FLAG=0;//test p1.2口的单击 双击
   \                     KEY_NET_ISR_FLAG:
   \   000000                DS 1
   \   000001                REQUIRE __INIT_XDATA_Z
    203          

   \                                 In  segment XDATA_Z, align 1, keep-with-next
    204          uint8 key_holdtime_waiting_flag = 0;//等待长按时间（10s）标志 ，0无等待 1正在等待
   \                     key_holdtime_waiting_flag:
   \   000000                DS 1
   \   000001                REQUIRE __INIT_XDATA_Z
    205          

   \                                 In  segment XDATA_Z, align 1, keep-with-next
    206          uint8 key_hold_flag = 0;  //按键长按标志
   \                     key_hold_flag:
   \   000000                DS 1
   \   000001                REQUIRE __INIT_XDATA_Z
    207          
    208          
    209          
    210          extern uint8 screen_current_flag;
    211          
    212          extern uint8 screen_flag;
    213          

   \                                 In  segment XDATA_Z, align 1, keep-with-next
    214          uint8 zdo_start_flag =0;
   \                     zdo_start_flag:
   \   000000                DS 1
   \   000001                REQUIRE __INIT_XDATA_Z
    215          
    216          extern void PowerMode(uint8 sel);
    217          
    218          uint8 binding_have_entry(void);
    219          
    220          
    221          extern void SampleAPP_send_delay_message(void);
    222          extern void ZDApp_SendMsg( uint8 taskID, uint8 cmd, uint8 len, uint8 *buf );
    223          

   \                                 In  segment XDATA_Z, align 1, keep-with-next
    224          uint8 P1_2_FLAG=0;
   \                     P1_2_FLAG:
   \   000000                DS 1
   \   000001                REQUIRE __INIT_XDATA_Z
    225          /**************************************************************************************************
    226           *                                        FUNCTIONS - API
    227           **************************************************************************************************/
    228          
    229          
    230          /**************************************************************************************************
    231           * @fn      HalKeyInit
    232           *
    233           * @brief   Initilize Key Service
    234           *
    235           * @param   none
    236           *
    237           * @return  None
    238           **************************************************************************************************/

   \                                 In  segment BANKED_CODE, align 1, keep-with-next
    239          void HalKeyInit( void )
   \                     HalKeyInit:
    240          {
   \   000000   C082         PUSH    DPL
   \   000002   C083         PUSH    DPH
   \   000004                ; Saved register size: 2
   \   000004                ; Auto size: 0
    241            /* Initialize previous key to 0 */
    242            halKeySavedKeys = 0;
   \   000004   90....       MOV     DPTR,#halKeySavedKeys
   \   000007   7400         MOV     A,#0x0
   \   000009   F0           MOVX    @DPTR,A
    243            HAL_KEY_SW_5_SEL &= ~(HAL_KEY_SW_5_BIT);    /* Set pin function to GPIO */
   \   00000A   53F3DF       ANL     0xf3,#0xdf
    244            HAL_KEY_SW_5_DIR &= ~(HAL_KEY_SW_5_BIT);    /* Set pin direction to Input */
   \   00000D   53FDDF       ANL     0xfd,#0xdf
    245            
    246            
    247            HAL_KEY_SW_8_SEL &= ~(HAL_KEY_SW_8_BIT);    /* Set pin function to GPIO */
   \   000010   53F4FB       ANL     0xf4,#0xfb
    248            HAL_KEY_SW_8_DIR &= ~(HAL_KEY_SW_8_BIT);    /* Set pin direction to Input */
   \   000013   53FEFB       ANL     0xfe,#0xfb
    249            
    250            HAL_KEY_SW_9_SEL &= ~(HAL_KEY_SW_9_BIT);    /* Set pin function to GPIO */
   \   000016   53F4DF       ANL     0xf4,#0xdf
    251            HAL_KEY_SW_9_DIR &= ~(HAL_KEY_SW_9_BIT);    /* Set pin direction to Input */
   \   000019   53FEDF       ANL     0xfe,#0xdf
    252          
    253          
    254            
    255          
    256            /* Initialize callback function */
    257            pHalKeyProcessFunction  = NULL;
   \   00001C   90....       MOV     DPTR,#pHalKeyProcessFunction
   \   00001F   7400         MOV     A,#0x0
   \   000021   F0           MOVX    @DPTR,A
   \   000022   A3           INC     DPTR
   \   000023   7400         MOV     A,#0x0
   \   000025   F0           MOVX    @DPTR,A
    258          
    259            /* Start with key is not configured */
    260            HalKeyConfigured = FALSE;
   \   000026   90....       MOV     DPTR,#HalKeyConfigured
   \   000029   7400         MOV     A,#0x0
   \   00002B   F0           MOVX    @DPTR,A
    261          }
   \   00002C   D083         POP     DPH
   \   00002E   D082         POP     DPL
   \   000030   02....       LJMP    ?BRET
   \   000033                REQUIRE P0SEL
   \   000033                REQUIRE P0DIR
   \   000033                REQUIRE P1SEL
   \   000033                REQUIRE P1DIR
    262          
    263          
    264          /**************************************************************************************************
    265           * @fn      HalKeyConfig
    266           *
    267           * @brief   Configure the Key serivce
    268           *
    269           * @param   interruptEnable - TRUE/FALSE, enable/disable interrupt
    270           *          cback - pointer to the CallBack function
    271           *
    272           * @return  None
    273           **************************************************************************************************/

   \                                 In  segment BANKED_CODE, align 1, keep-with-next
    274          void HalKeyConfig (bool interruptEnable, halKeyCBack_t cback)
   \                     HalKeyConfig:
    275          {
   \   000000   74F7         MOV     A,#-0x9
   \   000002   12....       LCALL   ?BANKED_ENTER_XDATA
   \   000005                ; Saved register size: 9
   \   000005                ; Auto size: 0
   \   000005   89..         MOV     ?V0 + 0,R1
   \   000007   EA           MOV     A,R2
   \   000008   FE           MOV     R6,A
   \   000009   EB           MOV     A,R3
   \   00000A   FF           MOV     R7,A
    276            /* Enable/Disable Interrupt or */
    277            Hal_KeyIntEnable = interruptEnable;
   \   00000B   E5..         MOV     A,?V0 + 0
   \   00000D   90....       MOV     DPTR,#Hal_KeyIntEnable
   \   000010   F0           MOVX    @DPTR,A
    278          
    279            /* Register the callback fucntion */
    280            pHalKeyProcessFunction = cback;
   \   000011   90....       MOV     DPTR,#pHalKeyProcessFunction
   \   000014   EE           MOV     A,R6
   \   000015   F0           MOVX    @DPTR,A
   \   000016   A3           INC     DPTR
   \   000017   EF           MOV     A,R7
   \   000018   F0           MOVX    @DPTR,A
    281          
    282            /* Determine if interrupt is enable or not */
    283            if (Hal_KeyIntEnable)
   \   000019   90....       MOV     DPTR,#Hal_KeyIntEnable
   \   00001C   E0           MOVX    A,@DPTR
   \   00001D   603D         JZ      ??HalKeyConfig_0
    284            {
    285                /* Rising/Falling edge configuratinn */
    286          //P0.5 下降沿触发 红外放拆专用
    287              PICTL &= ~(HAL_KEY_SW_5_EDGEBIT);    /* Clear the edge bit */
   \   00001F   538CFE       ANL     0x8c,#0xfe
    288              /* For falling edge, the bit must be set. */
    289            #if (HAL_KEY_SW_5_EDGE == HAL_KEY_FALLING_EDGE)//2530的上升 下降沿触发是按端口设置的，即P0要么是上升要么全是下降
    290              PICTL |= HAL_KEY_SW_5_EDGEBIT;
   \   000022   438C01       ORL     0x8c,#0x1
    291            #endif
    292          
    293          
    294              /* Interrupt configuration:
    295               * - Enable interrupt generation at the port
    296               * - Enable CPU interrupt
    297               * - Clear any pending interrupt
    298               */
    299              HAL_KEY_SW_5_ICTL |= HAL_KEY_SW_5_ICTLBIT;//P0IEN | 00010000  即P0.4使能中断
   \   000025   43AB20       ORL     0xab,#0x20
    300              HAL_KEY_SW_5_IEN |= HAL_KEY_SW_5_IENBIT;//使能整个CPU的P0口中断
   \   000028   D2BD         SETB    0xb8.5
    301              HAL_KEY_SW_5_PXIFG = ~(HAL_KEY_SW_5_BIT);//清中断标记位
   \   00002A   7589DF       MOV     0x89,#-0x21
    302              
    303              
    304             //p1.2 下升沿触发 
    305               PICTL &= ~(HAL_KEY_SW_8_EDGEBIT);    /* Clear the edge bit */
   \   00002D   538CFD       ANL     0x8c,#0xfd
    306              /* For falling edge, the bit must be set. */
    307            #if (HAL_KEY_SW_8_EDGE == HAL_KEY_FALLING_EDGE)
    308              PICTL |= HAL_KEY_SW_8_EDGEBIT;			//P1.0~p1.3下降沿 。p1.2 按键下降沿
   \   000030   438C02       ORL     0x8c,#0x2
    309            #endif
    310          
    311          
    312              /* Interrupt configuration:
    313               * - Enable interrupt generation at the port
    314               * - Enable CPU interrupt
    315               * - Clear any pending interrupt
    316               */
    317              HAL_KEY_SW_8_ICTL |= HAL_KEY_SW_8_ICTLBIT;//P1IEN | 00000100  即P1.2使能中断
   \   000033   438D04       ORL     0x8d,#0x4
    318              HAL_KEY_SW_8_IEN |= HAL_KEY_SW_8_IENBIT;//使能整个CPU的P1口中断
   \   000036   439A10       ORL     0x9a,#0x10
    319              HAL_KEY_SW_8_PXIFG = ~(HAL_KEY_SW_8_BIT);//清中断标记位
   \   000039   758AFB       MOV     0x8a,#-0x5
    320             
    321              
    322          
    323          //P1.5 上升沿触发
    324               PICTL &= ~(HAL_KEY_SW_9_EDGEBIT);    /* Clear the edge bit */
   \   00003C   538CFB       ANL     0x8c,#0xfb
    325              /* For falling edge, the bit must be set. */
    326            #if (HAL_KEY_SW_9_EDGE == HAL_KEY_FALLING_EDGE)//2530的上升 下降沿触发是按端口设置的，即P0要么是上升要么全是下降
    327              PICTL |= HAL_KEY_SW_9_EDGEBIT;
    328            #endif
    329          
    330             // HAL_KEY_SW_9_ICTL |= HAL_KEY_SW_9_ICTLBIT;//P1IEN | 00100000  即P1.5使能中断
    331              HAL_KEY_SW_9_IEN |= HAL_KEY_SW_9_IENBIT;//使能整个CPU的P1口中断
   \   00003F   439A10       ORL     0x9a,#0x10
    332              HAL_KEY_SW_9_PXIFG = ~(HAL_KEY_SW_9_BIT);//清中断标记位
   \   000042   758ADF       MOV     0x8a,#-0x21
    333                
    334             
    335             
    336           
    337              /* Do this only after the hal_key is configured - to work with sleep stuff */
    338              if (HalKeyConfigured == TRUE)
   \   000045   90....       MOV     DPTR,#HalKeyConfigured
   \   000048   E0           MOVX    A,@DPTR
   \   000049   6401         XRL     A,#0x1
   \   00004B   7021         JNZ     ??HalKeyConfig_1
    339              {
    340                osal_stop_timerEx(Hal_TaskID, HAL_KEY_EVENT);  /* Cancel polling if active */
   \   00004D                ; Setup parameters for call to function osal_stop_timerEx
   \   00004D   7A01         MOV     R2,#0x1
   \   00004F   7B00         MOV     R3,#0x0
   \   000051   90....       MOV     DPTR,#Hal_TaskID
   \   000054   E0           MOVX    A,@DPTR
   \   000055   F9           MOV     R1,A
   \   000056   12....       LCALL   ??osal_stop_timerEx?relay
   \   000059   E9           MOV     A,R1
   \   00005A   8012         SJMP    ??HalKeyConfig_1
    341              }
    342            }
    343            else    /* Interrupts NOT enabled */
    344            {
    345              HAL_KEY_SW_6_ICTL &= ~(HAL_KEY_SW_6_ICTLBIT); /* don't generate interrupt */
   \                     ??HalKeyConfig_0:
   \   00005C   53ABEF       ANL     0xab,#0xef
    346              HAL_KEY_SW_6_IEN &= ~(HAL_KEY_SW_6_IENBIT);   /* Clear interrupt enable bit */
   \   00005F   C2BD         CLR     0xb8.5
    347          
    348              osal_set_event(Hal_TaskID, HAL_KEY_EVENT);
   \   000061                ; Setup parameters for call to function osal_set_event
   \   000061   7A01         MOV     R2,#0x1
   \   000063   7B00         MOV     R3,#0x0
   \   000065   90....       MOV     DPTR,#Hal_TaskID
   \   000068   E0           MOVX    A,@DPTR
   \   000069   F9           MOV     R1,A
   \   00006A   12....       LCALL   ??osal_set_event?relay
   \   00006D   E9           MOV     A,R1
    349            }
    350          
    351            /* Key now is configured */
    352            HalKeyConfigured = TRUE;
   \                     ??HalKeyConfig_1:
   \   00006E   90....       MOV     DPTR,#HalKeyConfigured
   \   000071   7401         MOV     A,#0x1
   \   000073   F0           MOVX    @DPTR,A
    353          }
   \   000074   7F01         MOV     R7,#0x1
   \   000076   02....       LJMP    ?BANKED_LEAVE_XDATA
   \   000079                REQUIRE PICTL
   \   000079                REQUIRE P0IEN
   \   000079                REQUIRE _A_IEN1
   \   000079                REQUIRE P0IFG
   \   000079                REQUIRE P1IEN
   \   000079                REQUIRE IEN2
   \   000079                REQUIRE P1IFG
    354          
    355          
    356          /**************************************************************************************************
    357           * @fn      HalKeyRead
    358           *
    359           * @brief   Read the current value of a key
    360           *
    361           * @param   None
    362           *
    363           * @return  keys - current keys status
    364           **************************************************************************************************/

   \                                 In  segment BANKED_CODE, align 1, keep-with-next
    365          uint8 HalKeyRead ( void )
   \                     HalKeyRead:
    366          {
   \   000000                ; Saved register size: 0
   \   000000                ; Auto size: 0
    367            uint8 keys = 0;
   \   000000   7900         MOV     R1,#0x0
    368          
    369            if (HAL_PUSH_BUTTON1())
   \   000002   A292         MOV     C,0x90.2
   \   000004   5005         JNC     ??HalKeyRead_0
    370            {
    371              keys |= HAL_KEY_SW_6;
   \   000006   D3           SETB    C
   \   000007   E9           MOV     A,R1
   \   000008   92E5         MOV     0xE0 /* A   */.5,C
   \   00000A   F9           MOV     R1,A
    372            }
    373          
    374          
    375            return keys;
   \                     ??HalKeyRead_0:
   \   00000B   02....       LJMP    ?BRET
   \   00000E                REQUIRE _A_P1
    376          }
    377          
    378          
    379          /**************************************************************************************************
    380           * @fn      HalKeyPoll
    381           *
    382           * @brief   Called by hal_driver to poll the keys
    383           *
    384           * @param   None
    385           *
    386           * @return  None
    387          
    388          key_press_zdo_flag // 是否是按键导致的事件标记，如果是按键按下的，则置位，在处理完按键时间
    389          或者由于入网事件后清零
    390          sceen_flag  按下这个按键对应的场景的ID号。对应1 2 3 4 5 6
    391          Put_in_powermode_flag 是否过了配置期的1分钟时间
    392          zdo_start_flag  ZDO的搜网的状态，如果到了20次，不搜索网络了则置位
    393          
    394           **************************************************************************************************/

   \                                 In  segment BANKED_CODE, align 1, keep-with-next
    395          void HalKeyPoll (void)
   \                     HalKeyPoll:
    396          {
   \   000000   74F7         MOV     A,#-0x9
   \   000002   12....       LCALL   ?BANKED_ENTER_XDATA
   \   000005                ; Saved register size: 9
   \   000005                ; Auto size: 0
    397           uint8 keys = 0;
   \   000005   7E00         MOV     R6,#0x0
    398          
    399          
    400            
    401          
    402            /* If interrupts are not enabled, previous key status and current key status
    403             * are compared to find out if a key has changed status.
    404             */
    405            if (!Hal_KeyIntEnable)
   \   000007   90....       MOV     DPTR,#Hal_KeyIntEnable
   \   00000A   E0           MOVX    A,@DPTR
   \   00000B   7011         JNZ     ??HalKeyPoll_0
    406            {
    407              if (keys == halKeySavedKeys)
   \   00000D   90....       MOV     DPTR,#halKeySavedKeys
   \   000010   E0           MOVX    A,@DPTR
   \   000011   6E           XRL     A,R6
   \   000012   7003         JNZ     $+5
   \   000014   02....       LJMP    ??HalKeyPoll_1 & 0xFFFF
    408              {
    409                 /* Exit - since no keys have changed */
    410                return;
    411              }
    412              /* Store the current keys for comparation next time */
    413              halKeySavedKeys = keys;
   \   000017   EE           MOV     A,R6
   \   000018   90....       MOV     DPTR,#halKeySavedKeys
   \   00001B   F0           MOVX    @DPTR,A
   \   00001C   8063         SJMP    ??HalKeyPoll_2
    414            }
    415            else
    416            {
    417              /* Key interrupt handled here */
    418                 
    419             
    420             // 开始有绑定功能
    421              if ((key_ISR_FLAG==HAL_KEY_SW_5) && (!HAL_PUSH_BUTTON4()))//初步理解，设置p0.4为下降沿触发，触发唤醒系统后，25ms到这，判断是否为0，是0则读取见键值
   \                     ??HalKeyPoll_0:
   \   00001E   90....       MOV     DPTR,#key_ISR_FLAG
   \   000021   E0           MOVX    A,@DPTR
   \   000022   6404         XRL     A,#0x4
   \   000024   700B         JNZ     ??HalKeyPoll_3
   \   000026   A296         MOV     C,0x90.6
   \   000028   4007         JC      ??HalKeyPoll_3
    422             {
    423              keys |= HAL_KEY_SW_5;
   \   00002A   D3           SETB    C
   \   00002B   EE           MOV     A,R6
   \   00002C   92E2         MOV     0xE0 /* A   */.2,C
   \   00002E   FE           MOV     R6,A
   \   00002F   8050         SJMP    ??HalKeyPoll_2
    424             }
    425            
    426             else if ((key_ISR_FLAG==HAL_KEY_SW_8) && (!(HAL_PUSH_BUTTON3())))//初步理解，设置p1.2为上升沿触发，触发唤醒系统后，25ms到这，判断是否为1，是1则读取见键值
   \                     ??HalKeyPoll_3:
   \   000031   90....       MOV     DPTR,#key_ISR_FLAG
   \   000034   E0           MOVX    A,@DPTR
   \   000035   6480         XRL     A,#0x80
   \   000037   7048         JNZ     ??HalKeyPoll_2
   \   000039   A295         MOV     C,0x90.5
   \   00003B   4044         JC      ??HalKeyPoll_2
    427             {
    428             //  keys |= HAL_KEY_SW_8;
    429               if(key_holdtime_waiting_flag)
   \   00003D   90....       MOV     DPTR,#key_holdtime_waiting_flag
   \   000040   E0           MOVX    A,@DPTR
   \   000041   6019         JZ      ??HalKeyPoll_4
    430          	 {
    431          	   key_holdtime_waiting_flag = 0;//在等待长按时间时再次按下按钮 此时需要清等待长按时间标志以及取消之前设置的等待长按时间满以后进入事件
   \   000043   90....       MOV     DPTR,#key_holdtime_waiting_flag
   \   000046   7400         MOV     A,#0x0
   \   000048   F0           MOVX    @DPTR,A
    432          	   osal_stop_timerEx (Hal_TaskID, HAL_KEY_HOLD_EVENT);//  停止之前进入的事件
   \   000049                ; Setup parameters for call to function osal_stop_timerEx
   \   000049   7A40         MOV     R2,#0x40
   \   00004B   7B00         MOV     R3,#0x0
   \   00004D   90....       MOV     DPTR,#Hal_TaskID
   \   000050   E0           MOVX    A,@DPTR
   \   000051   F9           MOV     R1,A
   \   000052   12....       LCALL   ??osal_stop_timerEx?relay
   \   000055   E9           MOV     A,R1
    433          	   KEY_NET_ISR_FLAG = 0;// 等待长按时间被打断后 重新计数按键次数
   \   000056   90....       MOV     DPTR,#KEY_NET_ISR_FLAG
   \   000059   7400         MOV     A,#0x0
   \   00005B   F0           MOVX    @DPTR,A
    434          	 }
    435          	 KEY_NET_ISR_FLAG++;//test 测试单击 双击等程序
   \                     ??HalKeyPoll_4:
   \   00005C   90....       MOV     DPTR,#KEY_NET_ISR_FLAG
   \   00005F   E0           MOVX    A,@DPTR
   \   000060   2401         ADD     A,#0x1
   \   000062   F0           MOVX    @DPTR,A
    436               osal_stop_timerEx (Hal_TaskID, HAL_KEY_MULTI_CLICK_EVENT);//  停止之前进入的事件
   \   000063                ; Setup parameters for call to function osal_stop_timerEx
   \   000063   7A20         MOV     R2,#0x20
   \   000065   7B00         MOV     R3,#0x0
   \   000067   90....       MOV     DPTR,#Hal_TaskID
   \   00006A   E0           MOVX    A,@DPTR
   \   00006B   F9           MOV     R1,A
   \   00006C   12....       LCALL   ??osal_stop_timerEx?relay
   \   00006F   E9           MOV     A,R1
    437               osal_start_timerEx (Hal_TaskID, HAL_KEY_MULTI_CLICK_EVENT, HAL_KEY_CLICKED_VALUE);//600mS后触发检测几击程序
   \   000070                ; Setup parameters for call to function osal_start_timerEx
   \   000070   7C58         MOV     R4,#0x58
   \   000072   7D02         MOV     R5,#0x2
   \   000074   7A20         MOV     R2,#0x20
   \   000076   7B00         MOV     R3,#0x0
   \   000078   90....       MOV     DPTR,#Hal_TaskID
   \   00007B   E0           MOVX    A,@DPTR
   \   00007C   F9           MOV     R1,A
   \   00007D   12....       LCALL   ??osal_start_timerEx?relay
   \   000080   E9           MOV     A,R1
    438               
    439           
    440             }  
    441            }
    442          
    443           
    444            /* Invoke Callback if new keys were depressed */
    445            if (keys && (pHalKeyProcessFunction))
   \                     ??HalKeyPoll_2:
   \   000081   EE           MOV     A,R6
   \   000082   6024         JZ      ??HalKeyPoll_1
   \   000084   90....       MOV     DPTR,#pHalKeyProcessFunction
   \   000087   E0           MOVX    A,@DPTR
   \   000088   F8           MOV     R0,A
   \   000089   A3           INC     DPTR
   \   00008A   E0           MOVX    A,@DPTR
   \   00008B   F9           MOV     R1,A
   \   00008C   E8           MOV     A,R0
   \   00008D   49           ORL     A,R1
   \   00008E   6018         JZ      ??HalKeyPoll_1
    446            {
    447              (pHalKeyProcessFunction) (keys, HAL_KEY_STATE_NORMAL);
   \   000090                ; Setup parameters for indirect call
   \   000090   7A00         MOV     R2,#0x0
   \   000092   EE           MOV     A,R6
   \   000093   F9           MOV     R1,A
   \   000094   90....       MOV     DPTR,#pHalKeyProcessFunction
   \   000097   E0           MOVX    A,@DPTR
   \   000098   F8           MOV     R0,A
   \   000099   A3           INC     DPTR
   \   00009A   E0           MOVX    A,@DPTR
   \   00009B   F583         MOV     DPH,A
   \   00009D   8882         MOV     DPL,R0
   \   00009F   12....       LCALL   ?CALL_IND
    448              key_ISR_FLAG=0;
   \   0000A2   90....       MOV     DPTR,#key_ISR_FLAG
   \   0000A5   7400         MOV     A,#0x0
   \   0000A7   F0           MOVX    @DPTR,A
    449            }
    450          }
   \                     ??HalKeyPoll_1:
   \   0000A8   7F01         MOV     R7,#0x1
   \   0000AA   02....       LJMP    ?BANKED_LEAVE_XDATA
   \   0000AD                REQUIRE _A_P1
    451          
    452          
    453          
    454          /**************************************************************************************************
    455           * @fn      halGetJoyKeyInput
    456           *
    457           * @brief   Map the ADC value to its corresponding key.
    458           *
    459           * @param   None
    460           *
    461           * @return  keys - current joy key status
    462           **************************************************************************************************/

   \                                 In  segment BANKED_CODE, align 1, keep-with-next
    463          uint8 halGetJoyKeyInput(void)
   \                     halGetJoyKeyInput:
    464          {
   \   000000   74F7         MOV     A,#-0x9
   \   000002   12....       LCALL   ?BANKED_ENTER_XDATA
   \   000005                ; Saved register size: 9
   \   000005                ; Auto size: 0
    465            /* The joystick control is encoded as an analog voltage.
    466             * Read the JOY_LEVEL analog value and map it to joy movement.
    467             */
    468            uint8 adc;
    469            uint8 ksave0 = 0;
   \   000005   7E00         MOV     R6,#0x0
    470            uint8 ksave1;
    471          
    472            /* Keep on reading the ADC until two consecutive key decisions are the same. */
    473            do
    474            {
    475              ksave1 = ksave0;    /* save previouse key reading */
   \                     ??halGetJoyKeyInput_0:
   \   000007   8E..         MOV     ?V0 + 0,R6
    476          
    477              adc = HalAdcRead (HAL_KEY_JOY_CHN, HAL_ADC_RESOLUTION_8);
   \   000009                ; Setup parameters for call to function HalAdcRead
   \   000009   7A01         MOV     R2,#0x1
   \   00000B   7906         MOV     R1,#0x6
   \   00000D   12....       LCALL   ??HalAdcRead?relay
   \   000010   EA           MOV     A,R2
   \   000011   FF           MOV     R7,A
    478          
    479              if ((adc >= 2) && (adc <= 38))
   \   000012   EF           MOV     A,R7
   \   000013   C3           CLR     C
   \   000014   9402         SUBB    A,#0x2
   \   000016   4006         JC      ??halGetJoyKeyInput_1
   \   000018   EF           MOV     A,R7
   \   000019   C3           CLR     C
   \   00001A   9427         SUBB    A,#0x27
   \   00001C   4022         JC      ??halGetJoyKeyInput_2
    480              {
    481              //   ksave0 |= HAL_KEY_UP;
    482              }
    483              else if ((adc >= 74) && (adc <= 88))
   \                     ??halGetJoyKeyInput_1:
   \   00001E   EF           MOV     A,R7
   \   00001F   C3           CLR     C
   \   000020   944A         SUBB    A,#0x4a
   \   000022   4006         JC      ??halGetJoyKeyInput_3
   \   000024   EF           MOV     A,R7
   \   000025   C3           CLR     C
   \   000026   9459         SUBB    A,#0x59
   \   000028   4016         JC      ??halGetJoyKeyInput_2
    484              {
    485             //   ksave0 |= HAL_KEY_RIGHT;
    486              }
    487              else if ((adc >= 60) && (adc <= 73))
   \                     ??halGetJoyKeyInput_3:
   \   00002A   EF           MOV     A,R7
   \   00002B   C3           CLR     C
   \   00002C   943C         SUBB    A,#0x3c
   \   00002E   4006         JC      ??halGetJoyKeyInput_4
   \   000030   EF           MOV     A,R7
   \   000031   C3           CLR     C
   \   000032   944A         SUBB    A,#0x4a
   \   000034   400A         JC      ??halGetJoyKeyInput_2
    488              {
    489             //   ksave0 |= HAL_KEY_LEFT;
    490              }
    491              else if ((adc >= 39) && (adc <= 59))
   \                     ??halGetJoyKeyInput_4:
   \   000036   EF           MOV     A,R7
   \   000037   C3           CLR     C
   \   000038   9427         SUBB    A,#0x27
   \   00003A   4004         JC      ??halGetJoyKeyInput_2
   \   00003C   EF           MOV     A,R7
   \   00003D   C3           CLR     C
   \   00003E   943C         SUBB    A,#0x3c
    492              {
    493             //   ksave0 |= HAL_KEY_DOWN;
    494              }
    495              else if ((adc >= 89) && (adc <= 100))
    496              {
    497             //   ksave0 |= HAL_KEY_CENTER;
    498              }
    499            } while (ksave0 != ksave1);
   \                     ??halGetJoyKeyInput_2:
   \   000040   E5..         MOV     A,?V0 + 0
   \   000042   6E           XRL     A,R6
   \   000043   70C2         JNZ     ??halGetJoyKeyInput_0
    500          
    501            return ksave0;
   \   000045   EE           MOV     A,R6
   \   000046   F9           MOV     R1,A
   \   000047   7F01         MOV     R7,#0x1
   \   000049   02....       LJMP    ?BANKED_LEAVE_XDATA
    502          }
    503          
    504          
    505          
    506          
    507          
    508          /**************************************************************************************************
    509           * @fn      halProcessKeyInterrupt
    510           *
    511           * @brief   Checks to see if it's a valid key interrupt, saves interrupt driven key states for
    512           *          processing by HalKeyRead(), and debounces keys by scheduling HalKeyRead() 25ms later.
    513           *
    514           * @param
    515           *
    516           * @return
    517           **************************************************************************************************/

   \                                 In  segment BANKED_CODE, align 1, keep-with-next
    518          void halProcessKeyInterrupt (void)
   \                     halProcessKeyInterrupt:
    519          {
   \   000000   74F7         MOV     A,#-0x9
   \   000002   12....       LCALL   ?BANKED_ENTER_XDATA
   \   000005                ; Saved register size: 9
   \   000005                ; Auto size: 0
    520            bool valid=FALSE;
   \   000005   7E00         MOV     R6,#0x0
    521            
    522              if (HAL_KEY_SW_1_PXIFG & HAL_KEY_SW_1_BIT)  /* Interrupt Flag has been set */
   \   000007   E58A         MOV     A,0x8a
   \   000009   A2E2         MOV     C,0xE0 /* A   */.2
   \   00000B   5002         JNC     ??halProcessKeyInterrupt_0
    523            {
    524            //  HAL_KEY_SW_1_PXIFG = ~(HAL_KEY_SW_1_BIT); /* Clear Interrupt Flag */
    525              valid = TRUE;
   \   00000D   7E01         MOV     R6,#0x1
    526            }
    527            
    528             
    529              if (HAL_KEY_SW_3_PXIFG & HAL_KEY_SW_3_BIT)  /* Interrupt Flag has been set */
   \                     ??halProcessKeyInterrupt_0:
   \   00000F   E58A         MOV     A,0x8a
   \   000011   A2E5         MOV     C,0xE0 /* A   */.5
   \   000013   5002         JNC     ??halProcessKeyInterrupt_1
    530            {
    531            //  HAL_KEY_SW_3_PXIFG = ~(HAL_KEY_SW_3_BIT); /* Clear Interrupt Flag */
    532              valid = TRUE;
   \   000015   7E01         MOV     R6,#0x1
    533            }
    534            
    535              if (HAL_KEY_SW_4_PXIFG & HAL_KEY_SW_4_BIT)  /* Interrupt Flag has been set */
   \                     ??halProcessKeyInterrupt_1:
   \   000017   E58A         MOV     A,0x8a
   \   000019   A2E6         MOV     C,0xE0 /* A   */.6
   \   00001B   5002         JNC     ??halProcessKeyInterrupt_2
    536            {
    537            //  HAL_KEY_SW_4_PXIFG = ~(HAL_KEY_SW_4_BIT); /* Clear Interrupt Flag */
    538              valid = TRUE;
   \   00001D   7E01         MOV     R6,#0x1
    539            }
    540            
    541            if (HAL_KEY_SW_5_PXIFG & HAL_KEY_SW_5_BIT)  /* Interrupt Flag has been set */
   \                     ??halProcessKeyInterrupt_2:
   \   00001F   E589         MOV     A,0x89
   \   000021   A2E5         MOV     C,0xE0 /* A   */.5
   \   000023   5002         JNC     ??halProcessKeyInterrupt_3
    542            {
    543            //  HAL_KEY_SW_5_PXIFG = ~(HAL_KEY_SW_5_BIT); /* Clear Interrupt Flag */
    544              valid = TRUE;
   \   000025   7E01         MOV     R6,#0x1
    545            }
    546          
    547            
    548            if (HAL_KEY_SW_6_PXIFG & HAL_KEY_SW_6_BIT)  /* Interrupt Flag has been set */
   \                     ??halProcessKeyInterrupt_3:
   \   000027   E589         MOV     A,0x89
   \   000029   A2E4         MOV     C,0xE0 /* A   */.4
   \   00002B   5002         JNC     ??halProcessKeyInterrupt_4
    549            {
    550            //  HAL_KEY_SW_6_PXIFG = ~(HAL_KEY_SW_6_BIT); /* Clear Interrupt Flag */
    551              valid = TRUE;
   \   00002D   7E01         MOV     R6,#0x1
    552            }
    553            
    554            
    555          
    556            
    557           
    558          
    559            if (valid)
   \                     ??halProcessKeyInterrupt_4:
   \   00002F   EE           MOV     A,R6
   \   000030   6011         JZ      ??halProcessKeyInterrupt_5
    560            {
    561              osal_start_timerEx (Hal_TaskID, HAL_KEY_EVENT, HAL_KEY_DEBOUNCE_VALUE);
   \   000032                ; Setup parameters for call to function osal_start_timerEx
   \   000032   7C19         MOV     R4,#0x19
   \   000034   7D00         MOV     R5,#0x0
   \   000036   7A01         MOV     R2,#0x1
   \   000038   7B00         MOV     R3,#0x0
   \   00003A   90....       MOV     DPTR,#Hal_TaskID
   \   00003D   E0           MOVX    A,@DPTR
   \   00003E   F9           MOV     R1,A
   \   00003F   12....       LCALL   ??osal_start_timerEx?relay
   \   000042   E9           MOV     A,R1
    562            }
    563          }
   \                     ??halProcessKeyInterrupt_5:
   \   000043   7F01         MOV     R7,#0x1
   \   000045   02....       LJMP    ?BANKED_LEAVE_XDATA
   \   000048                REQUIRE P1IFG
   \   000048                REQUIRE P0IFG
    564          
    565          /**************************************************************************************************
    566           * @fn      HalKeyEnterSleep
    567           *
    568           * @brief  - Get called to enter sleep mode
    569           *
    570           * @param
    571           *
    572           * @return
    573           **************************************************************************************************/

   \                                 In  segment BANKED_CODE, align 1, keep-with-next
    574          void HalKeyEnterSleep ( void )
   \                     HalKeyEnterSleep:
    575          {
   \   000000                ; Saved register size: 0
   \   000000                ; Auto size: 0
    576          }
   \   000000   02....       LJMP    ?BRET
    577          
    578          /**************************************************************************************************
    579           * @fn      HalKeyExitSleep
    580           *
    581           * @brief   - Get called when sleep is over
    582           *
    583           * @param
    584           *
    585           * @return  - return saved keys
    586           **************************************************************************************************/

   \                                 In  segment BANKED_CODE, align 1, keep-with-next
    587          uint8 HalKeyExitSleep ( void )
   \                     HalKeyExitSleep:
    588          {
   \   000000   C082         PUSH    DPL
   \   000002   C083         PUSH    DPH
   \   000004                ; Saved register size: 2
   \   000004                ; Auto size: 0
    589            /* Wake up and read keys */
    590            return ( HalKeyRead () );
   \   000004                ; Setup parameters for call to function HalKeyRead
   \   000004   12....       LCALL   ??HalKeyRead?relay
   \   000007   D083         POP     DPH
   \   000009   D082         POP     DPL
   \   00000B   02....       LJMP    ?BRET
    591          }
    592          
    593          /***************************************************************************************************
    594           *                                    INTERRUPT SERVICE ROUTINE
    595           ***************************************************************************************************/
    596          
    597          /**************************************************************************************************
    598           * @fn      halKeyPort0Isr
    599           *
    600           * @brief   Port0 ISR
    601           *
    602           * @param
    603           *
    604           * @return
    605           **************************************************************************************************/

   \                                 In  segment NEAR_CODE, align 1, keep-with-next
    606          HAL_ISR_FUNCTION( halKeyPort0Isr, P0INT_VECTOR )
   \                     halKeyPort0Isr:
    607          {
   \   000000   C0E0         PUSH    A
   \   000002   74F2         MOV     A,#-0xe
   \   000004   12....       LCALL   ?INTERRUPT_ENTER_XSP
   \   000007                ; Saved register size: 15
   \   000007                ; Auto size: 0
    608            HAL_ENTER_ISR();
   \   000007   A2AF         MOV     C,0xa8.7
   \   000009   E4           CLR     A
   \   00000A   33           RLC     A
   \   00000B   FE           MOV     R6,A
   \   00000C   D2AF         SETB    0xa8.7
    609            
    610             if(HAL_KEY_SW_5_PXIFG & HAL_KEY_SW_5_BIT)
   \   00000E   E589         MOV     A,0x89
   \   000010   A2E5         MOV     C,0xE0 /* A   */.5
   \   000012   5009         JNC     ??halKeyPort0Isr_0
    611            {
    612              halProcessKeyInterrupt();
   \   000014                ; Setup parameters for call to function halProcessKeyInterrupt
   \   000014   12....       LCALL   ??halProcessKeyInterrupt?relay
    613              key_ISR_FLAG =HAL_KEY_SW_5;
   \   000017   90....       MOV     DPTR,#key_ISR_FLAG
   \   00001A   7404         MOV     A,#0x4
   \   00001C   F0           MOVX    @DPTR,A
    614            }
    615          
    616              HAL_KEY_SW_5_PXIFG = 0;
   \                     ??halKeyPort0Isr_0:
   \   00001D   758900       MOV     0x89,#0x0
    617            HAL_KEY_CPU_PORT_0_IF = 0;
   \   000020   C2C5         CLR     0xc0.5
    618            
    619           // osal_start_timerEx( SampleApp_TaskID,OS_TEST_EVT,15000 );
    620          
    621            CLEAR_SLEEP_MODE();
   \   000022   75..00       MOV     halSleepPconValue,#0x0
    622            HAL_EXIT_ISR();
   \   000025   EE           MOV     A,R6
   \   000026   A2E0         MOV     C,0xE0 /* A   */.0
   \   000028   92AF         MOV     0xa8.7,C
    623          }
   \   00002A   7F01         MOV     R7,#0x1
   \   00002C   02....       LJMP    ?INTERRUPT_LEAVE_XSP
   \   00002F                REQUIRE _A_IEN0
   \   00002F                REQUIRE P0IFG
   \   00002F                REQUIRE _A_IRCON
    624          
    625          
    626          /**************************************************************************************************
    627           * @fn      halKeyPort1Isr
    628           *
    629           * @brief   Port1 ISR
    630           *
    631           * @param
    632           *
    633           * @return
    634           **************************************************************************************************/

   \                                 In  segment NEAR_CODE, align 1, keep-with-next
    635          HAL_ISR_FUNCTION( halKeyPort1Isr, P1INT_VECTOR )
   \                     halKeyPort1Isr:
    636          {
   \   000000   C0E0         PUSH    A
   \   000002   74F2         MOV     A,#-0xe
   \   000004   12....       LCALL   ?INTERRUPT_ENTER_XSP
   \   000007                ; Saved register size: 15
   \   000007                ; Auto size: 0
    637            HAL_ENTER_ISR();
   \   000007   A2AF         MOV     C,0xa8.7
   \   000009   E4           CLR     A
   \   00000A   33           RLC     A
   \   00000B   FE           MOV     R6,A
   \   00000C   D2AF         SETB    0xa8.7
    638          
    639           PCON = 0x00;//唤醒
   \   00000E   758700       MOV     0x87,#0x0
    640            // ZDApp_AnnounceNewAddress();
    641             
    642              if(HAL_KEY_SW_8_PXIFG & HAL_KEY_SW_8_BIT)//p1.2中断标志
   \   000011   E58A         MOV     A,0x8a
   \   000013   A2E2         MOV     C,0xE0 /* A   */.2
   \   000015   501A         JNC     ??halKeyPort1Isr_0
    643            {
    644               //halProcessKeyInterrupt();//20110617 note
    645          	 osal_start_timerEx (Hal_TaskID, HAL_KEY_EVENT, HAL_KEY_DEBOUNCE_VALUE);//25ms以后进入
   \   000017                ; Setup parameters for call to function osal_start_timerEx
   \   000017   7C19         MOV     R4,#0x19
   \   000019   7D00         MOV     R5,#0x0
   \   00001B   7A01         MOV     R2,#0x1
   \   00001D   7B00         MOV     R3,#0x0
   \   00001F   90....       MOV     DPTR,#Hal_TaskID
   \   000022   E0           MOVX    A,@DPTR
   \   000023   F9           MOV     R1,A
   \   000024   12....       LCALL   ??osal_start_timerEx?relay
   \   000027   E9           MOV     A,R1
    646          
    647               HAL_KEY_SW_8_PXIFG &= ~(HAL_KEY_SW_8_BIT);//清除p1.2标志
   \   000028   538AFB       ANL     0x8a,#0xfb
    648               key_ISR_FLAG =HAL_KEY_SW_8;
   \   00002B   90....       MOV     DPTR,#key_ISR_FLAG
   \   00002E   7480         MOV     A,#-0x80
   \   000030   F0           MOVX    @DPTR,A
    649               
    650            }
    651           
    652           
    653           HAL_KEY_CPU_PORT_1_IF = 0;
   \                     ??halKeyPort1Isr_0:
   \   000031   C2EB         CLR     0xe8.3
    654          
    655           // NLME_RouteDiscoveryRequest( 0, 0, 0 ); 
    656           // osal_start_timerEx( SampleApp_TaskID,OS_TEST_EVT,15000 );
    657            CLEAR_SLEEP_MODE();
   \   000033   75..00       MOV     halSleepPconValue,#0x0
    658            HAL_EXIT_ISR();
   \   000036   EE           MOV     A,R6
   \   000037   A2E0         MOV     C,0xE0 /* A   */.0
   \   000039   92AF         MOV     0xa8.7,C
    659            
    660          }
   \   00003B   7F01         MOV     R7,#0x1
   \   00003D   02....       LJMP    ?INTERRUPT_LEAVE_XSP
   \   000040                REQUIRE _A_IEN0
   \   000040                REQUIRE PCON
   \   000040                REQUIRE P1IFG
   \   000040                REQUIRE _A_IRCON2
    661          
    662          
    663          
    664          
    665          /**************************************************************************************************
    666           * @fn      halKeyPort2Isr
    667           *
    668           * @brief   Port2 ISR
    669           *
    670           * @param
    671           *
    672           * @return
    673           **************************************************************************************************/

   \                                 In  segment NEAR_CODE, align 1, keep-with-next
    674          HAL_ISR_FUNCTION( halKeyPort2Isr, P2INT_VECTOR )
   \                     halKeyPort2Isr:
    675          {
   \   000000   C0E0         PUSH    A
   \   000002   C0D0         PUSH    PSW
   \   000004   E8           MOV     A,R0
   \   000005   C0E0         PUSH    A
   \   000007                ; Saved register size: 3
   \   000007                ; Auto size: 0
    676            HAL_ENTER_ISR();
   \   000007   A2AF         MOV     C,0xa8.7
   \   000009   E4           CLR     A
   \   00000A   33           RLC     A
   \   00000B   F8           MOV     R0,A
   \   00000C   D2AF         SETB    0xa8.7
    677            
    678          
    679          
    680            CLEAR_SLEEP_MODE();
   \   00000E   75..00       MOV     halSleepPconValue,#0x0
    681            HAL_EXIT_ISR();
   \   000011   A2E0         MOV     C,0xE0 /* A   */.0
   \   000013   92AF         MOV     0xa8.7,C
    682          }
   \   000015   D0E0         POP     A
   \   000017   F8           MOV     R0,A
   \   000018   D0D0         POP     PSW
   \   00001A   D0E0         POP     A
   \   00001C   32           RETI
   \   00001D                REQUIRE _A_IEN0

   \                                 In  segment INTVEC, offset 0x33, root
   \                     `??halKeyPort2Isr??INTVEC 51`:
   \   000033   02....       LJMP       (halKeyPort2Isr)

   \                                 In  segment INTVEC, offset 0x6b, root
   \                     `??halKeyPort0Isr??INTVEC 107`:
   \   00006B   02....       LJMP       (halKeyPort0Isr)

   \                                 In  segment INTVEC, offset 0x7b, root
   \                     `??halKeyPort1Isr??INTVEC 123`:
   \   00007B   02....       LJMP       (halKeyPort1Isr)

   \                                 In  segment BANK_RELAYS, align 1
   \                     ??HalKeyInit?relay:
   \   000000   12....       LCALL   ?BDISPATCH
   \   000003   ......       DC24    HalKeyInit

   \                                 In  segment BANK_RELAYS, align 1
   \                     ??HalKeyConfig?relay:
   \   000000   12....       LCALL   ?BDISPATCH
   \   000003   ......       DC24    HalKeyConfig

   \                                 In  segment BANK_RELAYS, align 1
   \                     ??HalKeyRead?relay:
   \   000000   12....       LCALL   ?BDISPATCH
   \   000003   ......       DC24    HalKeyRead

   \                                 In  segment BANK_RELAYS, align 1
   \                     ??HalKeyPoll?relay:
   \   000000   12....       LCALL   ?BDISPATCH
   \   000003   ......       DC24    HalKeyPoll

   \                                 In  segment BANK_RELAYS, align 1
   \                     ??halGetJoyKeyInput?relay:
   \   000000   12....       LCALL   ?BDISPATCH
   \   000003   ......       DC24    halGetJoyKeyInput

   \                                 In  segment BANK_RELAYS, align 1
   \                     ??halProcessKeyInterrupt?relay:
   \   000000   12....       LCALL   ?BDISPATCH
   \   000003   ......       DC24    halProcessKeyInterrupt

   \                                 In  segment BANK_RELAYS, align 1
   \                     ??HalKeyEnterSleep?relay:
   \   000000   12....       LCALL   ?BDISPATCH
   \   000003   ......       DC24    HalKeyEnterSleep

   \                                 In  segment BANK_RELAYS, align 1
   \                     ??HalKeyExitSleep?relay:
   \   000000   12....       LCALL   ?BDISPATCH
   \   000003   ......       DC24    HalKeyExitSleep
    683          
    684          
    685          
    686          #else
    687          
    688          void Key_Check(void){}
    689          void HalKeyInit(void){}
    690          void HalKeyConfig(bool interruptEnable, halKeyCBack_t cback){}
    691          uint8 HalKeyRead(void){ return 0;}
    692          void HalKeyPoll(void){}
    693          void HalKey_double_detect(void);
    694          #endif /* HAL_KEY */
    695          
    696          
    697          
    698          /**************************************************************************************************
    699          **************************************************************************************************/
    700          
    701          
    702          

   Maximum stack usage in bytes:

     Function                    ISTACK PSTACK XSTACK
     --------                    ------ ------ ------
     HalKeyConfig                    0      0      9
       -> osal_stop_timerEx          0      0     18
       -> osal_set_event             0      0     18
     HalKeyEnterSleep                0      0      0
     HalKeyExitSleep                 2      0      0
       -> HalKeyRead                 4      0      0
     HalKeyInit                      2      0      0
     HalKeyPoll                      0      0      9
       -> osal_stop_timerEx          0      0     18
       -> osal_stop_timerEx          0      0     18
       -> osal_start_timerEx         0      0     18
     HalKeyRead                      0      0      0
     halGetJoyKeyInput               0      0      9
       -> HalAdcRead                 0      0     18
     halKeyPort0Isr                 15      0      0
       -> halProcessKeyInterrupt    30      0      0
     halKeyPort1Isr                 15      0      0
       -> osal_start_timerEx        30      0      0
     halKeyPort2Isr                  3      0      0
     halProcessKeyInterrupt          0      0      9
       -> osal_start_timerEx         0      0     18


   Segment part sizes:

     Function/Label                 Bytes
     --------------                 -----
     PCON                              1
     P0IFG                             1
     P1IFG                             1
     PICTL                             1
     P1IEN                             1
     _A_P1                             1
     IEN2                              1
     _A_IEN0                           1
     P0IEN                             1
     _A_IEN1                           1
     _A_IRCON                          1
     _A_IRCON2                         1
     P0SEL                             1
     P1SEL                             1
     P0DIR                             1
     P1DIR                             1
     halKeySavedKeys                   1
     pHalKeyProcessFunction            2
     HalKeyConfigured                  1
     Hal_KeyIntEnable                  1
     key_press_zdo_flag                1
     kpush0                            1
     kpush1                            1
     key_ISR_FLAG                      1
     key_p1_2_ISR_FLAG                 1
     key_double_flag                   1
     KEY_NET_ISR_FLAG                  1
     key_holdtime_waiting_flag         1
     key_hold_flag                     1
     zdo_start_flag                    1
     P1_2_FLAG                         1
     HalKeyInit                       51
     HalKeyConfig                    121
     HalKeyRead                       14
     HalKeyPoll                      173
     halGetJoyKeyInput                76
     halProcessKeyInterrupt           72
     HalKeyEnterSleep                  3
     HalKeyExitSleep                  14
     halKeyPort0Isr                   47
     halKeyPort1Isr                   64
     halKeyPort2Isr                   29
     ??halKeyPort2Isr??INTVEC 51       3
     ??halKeyPort0Isr??INTVEC 107      3
     ??halKeyPort1Isr??INTVEC 123      3
     ??HalKeyInit?relay                6
     ??HalKeyConfig?relay              6
     ??HalKeyRead?relay                6
     ??HalKeyPoll?relay                6
     ??halGetJoyKeyInput?relay         6
     ??halProcessKeyInterrupt?relay    6
     ??HalKeyEnterSleep?relay          6
     ??HalKeyExitSleep?relay           6

 
 524 bytes in segment BANKED_CODE
  48 bytes in segment BANK_RELAYS
   9 bytes in segment INTVEC
 140 bytes in segment NEAR_CODE
  16 bytes in segment SFR_AN
  16 bytes in segment XDATA_Z
 
 712 bytes of CODE  memory (+  9 bytes shared)
   0 bytes of DATA  memory (+ 16 bytes shared)
  16 bytes of XDATA memory

Errors: none
Warnings: 10
