###############################################################################
#                                                                             #
# IAR C/C++ Compiler V8.10.1.10194/W32 for 8051         08/Jan/2015  18:21:51 #
# Copyright 2004-2011 IAR Systems AB.                                         #
#                                                                             #
#    Core               =  plain                                              #
#    Code model         =  banked                                             #
#    Data model         =  large                                              #
#    Calling convention =  xdata reentrant                                    #
#    Constant location  =  data_rom                                           #
#    Dptr setup         =  1,16                                               #
#    Source file        =  D:\RE_1_2_0_FORMAL_APP(251)-14-12-8\Components\hal #
#                          \common\hal_assert.c                               #
#    Command line       =  -f "D:\RE_1_2_0_FORMAL_APP(251)-14-12-8\Projects\z #
#                          stack\Samples\SampleApp\CC2530DB\..\..\..\Tools\CC #
#                          2530DB\f8wRouter.cfg" (-DCPU32MHZ                  #
#                          -DROOT=__near_func -DMAC_CFG_APP_PENDING_QUEUE=TRU #
#                          E -DMAC_CFG_TX_DATA_MAX=5 -DMAC_CFG_TX_MAX=8       #
#                          -DMAC_CFG_RX_MAX=5 -DRTR_NWK) -f                   #
#                          "D:\RE_1_2_0_FORMAL_APP(251)-14-12-8\Projects\zsta #
#                          ck\Samples\SampleApp\CC2530DB\..\..\..\Tools\CC253 #
#                          0DB\f8wConfig.cfg" (-DZIGBEEPRO -DSECURE=1         #
#                          -DZG_SECURE_DYNAMIC=0 -DREFLECTOR                  #
#                          -DZDAPP_CONFIG_PAN_ID=0xFFFF                       #
#                          -DNWK_START_DELAY=100 -DEXTENDED_JOINING_RANDOM_MA #
#                          SK=0x007F -DBEACON_REQUEST_DELAY=100               #
#                          -DBEACON_REQ_DELAY_MASK=0x00FF                     #
#                          -DLINK_STATUS_JITTER_MASK=0x007F                   #
#                          -DROUTE_EXPIRY_TIME=30 -DAPSC_ACK_WAIT_DURATION_PO #
#                          LLED=3000 -DNWK_INDIRECT_MSG_TIMEOUT=60            #
#                          -DMAX_RREQ_ENTRIES=8 -DAPSC_MAX_FRAME_RETRIES=3    #
#                          -DNWK_MAX_DATA_RETRIES=2                           #
#                          -DMAX_POLL_FAILURE_RETRIES=2 -DMAX_BCAST=9         #
#                          -DAPS_MAX_GROUPS=16 -DMAX_RTG_ENTRIES=30           #
#                          -DNWK_MAX_BINDING_ENTRIES=10                       #
#                          -DMAX_BINDING_CLUSTER_IDS=4 -DASSERT_RESET         #
#                          -DMAC_MAX_FRAME_SIZE=116                           #
#                          -DZDNWKMGR_MIN_TRANSMISSIONS=20 "-DCONST=const     #
#                          __code" -DGENERIC=__generic                        #
#                          -DRFD_RCVC_ALWAYS_ON=FALSE -DPOLL_RATE=8000        #
#                          -DQUEUED_POLL_RATE=100 -DRESPONSE_POLL_RATE=1000)  #
#                          -DREJOIN_POLL_RATE=440 "D:\RE_1_2_0_FORMAL_APP(251 #
#                          )-14-12-8\Components\hal\common\hal_assert.c" -D   #
#                          NV_INIT -D NV_RESTORE -D HOLD_AUTO_START -D        #
#                          MT_TASK -D MT_APP_FUNC -D MT_SYS_FUNC -D           #
#                          MT_ZDO_FUNC -D MT_ZDO_MGMT -D ISR_KEYINTERRUPT -D  #
#                          WDT_IN_PM1 -D xOSC32K_CRYSTAL_INSTALLED=0 -D       #
#                          xLARGER_NETWORK -D POWER_PA -D M0042 -lC           #
#                          "D:\RE_1_2_0_FORMAL_APP(251)-14-12-8\Projects\zsta #
#                          ck\Samples\SampleApp\CC2530DB\M0042_ROUTER\List\"  #
#                          -lA "D:\RE_1_2_0_FORMAL_APP(251)-14-12-8\Projects\ #
#                          zstack\Samples\SampleApp\CC2530DB\M0042_ROUTER\Lis #
#                          t\" --diag_suppress Pe001,Pa010 -o                 #
#                          "D:\RE_1_2_0_FORMAL_APP(251)-14-12-8\Projects\zsta #
#                          ck\Samples\SampleApp\CC2530DB\M0042_ROUTER\Obj\"   #
#                          -e --no_cse --no_unroll --no_inline                #
#                          --no_code_motion --no_tbaa --debug --core=plain    #
#                          --dptr=16,1 --data_model=large                     #
#                          --code_model=banked --calling_convention=xdata_ree #
#                          ntrant --place_constants=data_rom                  #
#                          --nr_virtual_regs 16 -I "D:\RE_1_2_0_FORMAL_APP(25 #
#                          1)-14-12-8\Projects\zstack\Samples\SampleApp\CC253 #
#                          0DB\" -I "D:\RE_1_2_0_FORMAL_APP(251)-14-12-8\Proj #
#                          ects\zstack\Samples\SampleApp\CC2530DB\..\Source\" #
#                           -I "D:\RE_1_2_0_FORMAL_APP(251)-14-12-8\Projects\ #
#                          zstack\Samples\SampleApp\CC2530DB\..\Source\M0042_ #
#                          ROUTER\" -I "D:\RE_1_2_0_FORMAL_APP(251)-14-12-8\P #
#                          rojects\zstack\Samples\SampleApp\CC2530DB\..\..\.. #
#                          \ZMain\TI2530DB\" -I "D:\RE_1_2_0_FORMAL_APP(251)- #
#                          14-12-8\Projects\zstack\Samples\SampleApp\CC2530DB #
#                          \..\..\..\..\..\Components\hal\include\" -I        #
#                          "D:\RE_1_2_0_FORMAL_APP(251)-14-12-8\Projects\zsta #
#                          ck\Samples\SampleApp\CC2530DB\..\..\..\..\..\Compo #
#                          nents\hal\target\CC2530EB\" -I                     #
#                          "D:\RE_1_2_0_FORMAL_APP(251)-14-12-8\Projects\zsta #
#                          ck\Samples\SampleApp\CC2530DB\..\..\..\..\..\Compo #
#                          nents\mac\include\" -I "D:\RE_1_2_0_FORMAL_APP(251 #
#                          )-14-12-8\Projects\zstack\Samples\SampleApp\CC2530 #
#                          DB\..\..\..\..\..\Components\mac\high_level\" -I   #
#                          "D:\RE_1_2_0_FORMAL_APP(251)-14-12-8\Projects\zsta #
#                          ck\Samples\SampleApp\CC2530DB\..\..\..\..\..\Compo #
#                          nents\mac\low_level\srf04\" -I                     #
#                          "D:\RE_1_2_0_FORMAL_APP(251)-14-12-8\Projects\zsta #
#                          ck\Samples\SampleApp\CC2530DB\..\..\..\..\..\Compo #
#                          nents\mac\low_level\srf04\single_chip\" -I         #
#                          "D:\RE_1_2_0_FORMAL_APP(251)-14-12-8\Projects\zsta #
#                          ck\Samples\SampleApp\CC2530DB\..\..\..\..\..\Compo #
#                          nents\mt\" -I "D:\RE_1_2_0_FORMAL_APP(251)-14-12-8 #
#                          \Projects\zstack\Samples\SampleApp\CC2530DB\..\..\ #
#                          ..\..\..\Components\osal\include\" -I              #
#                          "D:\RE_1_2_0_FORMAL_APP(251)-14-12-8\Projects\zsta #
#                          ck\Samples\SampleApp\CC2530DB\..\..\..\..\..\Compo #
#                          nents\services\saddr\" -I                          #
#                          "D:\RE_1_2_0_FORMAL_APP(251)-14-12-8\Projects\zsta #
#                          ck\Samples\SampleApp\CC2530DB\..\..\..\..\..\Compo #
#                          nents\services\sdata\" -I                          #
#                          "D:\RE_1_2_0_FORMAL_APP(251)-14-12-8\Projects\zsta #
#                          ck\Samples\SampleApp\CC2530DB\..\..\..\..\..\Compo #
#                          nents\stack\af\" -I "D:\RE_1_2_0_FORMAL_APP(251)-1 #
#                          4-12-8\Projects\zstack\Samples\SampleApp\CC2530DB\ #
#                          ..\..\..\..\..\Components\stack\nwk\" -I           #
#                          "D:\RE_1_2_0_FORMAL_APP(251)-14-12-8\Projects\zsta #
#                          ck\Samples\SampleApp\CC2530DB\..\..\..\..\..\Compo #
#                          nents\stack\sapi\" -I "D:\RE_1_2_0_FORMAL_APP(251) #
#                          -14-12-8\Projects\zstack\Samples\SampleApp\CC2530D #
#                          B\..\..\..\..\..\Components\stack\sec\" -I         #
#                          "D:\RE_1_2_0_FORMAL_APP(251)-14-12-8\Projects\zsta #
#                          ck\Samples\SampleApp\CC2530DB\..\..\..\..\..\Compo #
#                          nents\stack\sys\" -I "D:\RE_1_2_0_FORMAL_APP(251)- #
#                          14-12-8\Projects\zstack\Samples\SampleApp\CC2530DB #
#                          \..\..\..\..\..\Components\stack\zdo\" -I          #
#                          "D:\RE_1_2_0_FORMAL_APP(251)-14-12-8\Projects\zsta #
#                          ck\Samples\SampleApp\CC2530DB\..\..\..\..\..\Compo #
#                          nents\zmac\" -I "D:\RE_1_2_0_FORMAL_APP(251)-14-12 #
#                          -8\Projects\zstack\Samples\SampleApp\CC2530DB\..\. #
#                          .\..\..\..\Components\zmac\f8w\" -On               #
#                          --require_prototypes                               #
#    List file          =  D:\RE_1_2_0_FORMAL_APP(251)-14-12-8\Projects\zstac #
#                          k\Samples\SampleApp\CC2530DB\M0042_ROUTER\List\hal #
#                          _assert.lst                                        #
#    Object file        =  D:\RE_1_2_0_FORMAL_APP(251)-14-12-8\Projects\zstac #
#                          k\Samples\SampleApp\CC2530DB\M0042_ROUTER\Obj\hal_ #
#                          assert.r51                                         #
#                                                                             #
#                                                                             #
###############################################################################

D:\RE_1_2_0_FORMAL_APP(251)-14-12-8\Components\hal\common\hal_assert.c
      1          /**************************************************************************************************
      2            Filename:       hal_assert.c
      3            Revised:        $Date: 2010-11-22 08:13:43 -0800 (Mon, 22 Nov 2010) $
      4            Revision:       $Revision: 24480 $
      5          
      6            Description:    Describe the purpose and contents of the file.
      7          
      8          
      9            Copyright 2006-2010 Texas Instruments Incorporated. All rights reserved.
     10          
     11            IMPORTANT: Your use of this Software is limited to those specific rights
     12            granted under the terms of a software license agreement between the user
     13            who downloaded the software, his/her employer (which must be your employer)
     14            and Texas Instruments Incorporated (the "License").  You may not use this
     15            Software unless you agree to abide by the terms of the License. The License
     16            limits your use, and you acknowledge, that the Software may not be modified,
     17            copied or distributed unless embedded on a Texas Instruments microcontroller
     18            or used solely and exclusively in conjunction with a Texas Instruments radio
     19            frequency transceiver, which is integrated into your product.  Other than for
     20            the foregoing purpose, you may not use, reproduce, copy, prepare derivative
     21            works of, modify, distribute, perform, display or sell this Software and/or
     22            its documentation for any purpose.
     23          
     24            YOU FURTHER ACKNOWLEDGE AND AGREE THAT THE SOFTWARE AND DOCUMENTATION ARE
     25            PROVIDED “AS IS” WITHOUT WARRANTY OF ANY KIND, EITHER EXPRESS OR IMPLIED,
     26            INCLUDING WITHOUT LIMITATION, ANY WARRANTY OF MERCHANTABILITY, TITLE,
     27            NON-INFRINGEMENT AND FITNESS FOR A PARTICULAR PURPOSE. IN NO EVENT SHALL
     28            TEXAS INSTRUMENTS OR ITS LICENSORS BE LIABLE OR OBLIGATED UNDER CONTRACT,
     29            NEGLIGENCE, STRICT LIABILITY, CONTRIBUTION, BREACH OF WARRANTY, OR OTHER
     30            LEGAL EQUITABLE THEORY ANY DIRECT OR INDIRECT DAMAGES OR EXPENSES
     31            INCLUDING BUT NOT LIMITED TO ANY INCIDENTAL, SPECIAL, INDIRECT, PUNITIVE
     32            OR CONSEQUENTIAL DAMAGES, LOST PROFITS OR LOST DATA, COST OF PROCUREMENT
     33            OF SUBSTITUTE GOODS, TECHNOLOGY, SERVICES, OR ANY CLAIMS BY THIRD PARTIES
     34            (INCLUDING BUT NOT LIMITED TO ANY DEFENSE THEREOF), OR OTHER SIMILAR COSTS.
     35          
     36            Should you have any questions regarding your right to use this Software,
     37            contact Texas Instruments Incorporated at www.TI.com.
     38          **************************************************************************************************/
     39          
     40          
     41          /* ------------------------------------------------------------------------------------------------
     42           *                                          Includes
     43           * ------------------------------------------------------------------------------------------------
     44           */
     45          #include "hal_assert.h"
     46          #include "hal_types.h"
     47          #include "hal_board.h"

   \                                 In  segment SFR_AN, at 0x80
   \   union <unnamed> volatile __sfr _A_P0
   \                     _A_P0:
   \   000000                DS 1

   \                                 In  segment SFR_AN, at 0x8f
   \   unsigned char volatile __sfr P0INP
   \                     P0INP:
   \   000000                DS 1

   \                                 In  segment SFR_AN, at 0x90
   \   union <unnamed> volatile __sfr _A_P1
   \                     _A_P1:
   \   000000                DS 1

   \                                 In  segment SFR_AN, at 0x9d
   \   unsigned char volatile __sfr SLEEPSTA
   \                     SLEEPSTA:
   \   000000                DS 1

   \                                 In  segment SFR_AN, at 0x9e
   \   unsigned char volatile __sfr CLKCONSTA
   \                     CLKCONSTA:
   \   000000                DS 1

   \                                 In  segment SFR_AN, at 0xa0
   \   union <unnamed> volatile __sfr _A_P2
   \                     _A_P2:
   \   000000                DS 1

   \                                 In  segment SFR_AN, at 0xa8
   \   union <unnamed> volatile __sfr _A_IEN0
   \                     _A_IEN0:
   \   000000                DS 1

   \                                 In  segment SFR_AN, at 0xbe
   \   unsigned char volatile __sfr SLEEPCMD
   \                     SLEEPCMD:
   \   000000                DS 1

   \                                 In  segment SFR_AN, at 0xc6
   \   unsigned char volatile __sfr CLKCONCMD
   \                     CLKCONCMD:
   \   000000                DS 1

   \                                 In  segment SFR_AN, at 0xc9
   \   unsigned char volatile __sfr WDCTL
   \                     WDCTL:
   \   000000                DS 1

   \                                 In  segment SFR_AN, at 0xfd
   \   unsigned char volatile __sfr P0DIR
   \                     P0DIR:
   \   000000                DS 1

   \                                 In  segment SFR_AN, at 0xfe
   \   unsigned char volatile __sfr P1DIR
   \                     P1DIR:
   \   000000                DS 1
     48          #include "hal_defs.h"
     49          #include "hal_mcu.h"
     50          
     51          #if (defined HAL_MCU_AVR) || (defined HAL_MCU_CC2430) || (defined HAL_MCU_CC2530) || \
     52              (defined HAL_MCU_CC2533) || (defined HAL_MCU_MSP430)
     53            /* for access to debug data */
     54          #include "mac_rx.h"
     55          #include "mac_tx.h"
     56          #endif
     57          
     58          /* ------------------------------------------------------------------------------------------------
     59           *                                       Local Prototypes
     60           * ------------------------------------------------------------------------------------------------
     61           */
     62          void halAssertHazardLights(void);
     63          
     64          
     65          /**************************************************************************************************
     66           * @fn          halAssertHandler
     67           *
     68           * @brief       Logic to handle an assert.
     69           *
     70           * @param       none
     71           *
     72           * @return      none
     73           **************************************************************************************************
     74           */

   \                                 In  segment BANKED_CODE, align 1, keep-with-next
     75          void halAssertHandler(void)
   \                     halAssertHandler:
     76          {
   \   000000                ; Saved register size: 0
   \   000000                ; Auto size: 0
     77            /* execute code that handles asserts */
     78          #ifdef ASSERT_RESET
     79            HAL_SYSTEM_RESET();
   \   000000   C2AF         CLR     0xa8.7
   \   000002   75C9AB       MOV     0xc9,#-0x55
   \   000005   75C95B       MOV     0xc9,#0x5b
   \                     ??halAssertHandler_0:
   \   000008   80FE         SJMP    ??halAssertHandler_0
   \   00000A                REQUIRE _A_IEN0
   \   00000A                REQUIRE WDCTL
     80          #elif !defined ASSERT_WHILE
     81            halAssertHazardLights();
     82          #else
     83            while(1);
     84          #endif
     85          }
     86          
     87          #if !defined ASSERT_WHILE
     88          /**************************************************************************************************
     89           * @fn          halAssertHazardLights
     90           *
     91           * @brief       Blink LEDs to indicate an error.
     92           *
     93           * @param       none
     94           *
     95           * @return      none
     96           **************************************************************************************************
     97           */

   \                                 In  segment BANKED_CODE, align 1, keep-with-next
     98          void halAssertHazardLights(void)
   \                     halAssertHazardLights:
     99          {
   \   000000   74F0         MOV     A,#-0x10
   \   000002   12....       LCALL   ?BANKED_ENTER_XDATA
   \   000005                ; Saved register size: 16
   \   000005                ; Auto size: 10
   \   000005   74F6         MOV     A,#-0xa
   \   000007   12....       LCALL   ?ALLOC_XSTACK8
    100            enum
    101            {
    102              DEBUG_DATA_RSTACK_HIGH_OFS,
    103              DEBUG_DATA_RSTACK_LOW_OFS,
    104              DEBUG_DATA_TX_ACTIVE_OFS,
    105              DEBUG_DATA_RX_ACTIVE_OFS,
    106          
    107          #if (defined HAL_MCU_AVR) || (defined HAL_MCU_CC2430)
    108              DEBUG_DATA_INT_MASK_OFS,
    109          #elif (defined HAL_MCU_CC2530) || (defined HAL_MCU_CC2533)
    110              DEBUG_DATA_INT_MASK0_OFS,
    111              DEBUG_DATA_INT_MASK1_OFS,
    112          #endif
    113          
    114              DEBUG_DATA_SIZE
    115            };
    116          
    117            uint8 buttonHeld;
    118            uint8 debugData[DEBUG_DATA_SIZE];
    119          
    120            /* disable all interrupts before anything else */
    121            HAL_DISABLE_INTERRUPTS();
   \   00000A   C2AF         CLR     0xa8.7
    122          
    123            /*-------------------------------------------------------------------------------
    124             *  Initialize LEDs and turn them off.
    125             */
    126            HAL_BOARD_INIT();
   \   00000C   53BEFB       ANL     0xbe,#0xfb
   \                     ??halAssertHazardLights_0:
   \   00000F   E59D         MOV     A,0x9d
   \   000011   A2E6         MOV     C,0xE0 /* A   */.6
   \   000013   50FA         JNC     ??halAssertHazardLights_0
   \   000015   00           NOP
   \   000016   7E00         MOV     R6,#0x0
   \   000018   7F00         MOV     R7,#0x0
   \                     ??halAssertHazardLights_1:
   \   00001A   C3           CLR     C
   \   00001B   EE           MOV     A,R6
   \   00001C   94F8         SUBB    A,#-0x8
   \   00001E   EF           MOV     A,R7
   \   00001F   9401         SUBB    A,#0x1
   \   000021   500B         JNC     ??halAssertHazardLights_2
   \   000023   00           NOP
   \   000024   EE           MOV     A,R6
   \   000025   2401         ADD     A,#0x1
   \   000027   FE           MOV     R6,A
   \   000028   EF           MOV     A,R7
   \   000029   3400         ADDC    A,#0x0
   \   00002B   FF           MOV     R7,A
   \   00002C   80EC         SJMP    ??halAssertHazardLights_1
   \                     ??halAssertHazardLights_2:
   \   00002E   75C600       MOV     0xc6,#0x0
   \                     ??halAssertHazardLights_3:
   \   000031   E59E         MOV     A,0x9e
   \   000033   70FC         JNZ     ??halAssertHazardLights_3
   \   000035   43BE04       ORL     0xbe,#0x4
   \   000038   906270       MOV     DPTR,#0x6270
   \   00003B   7408         MOV     A,#0x8
   \   00003D   F0           MOVX    @DPTR,A
   \   00003E   43FD10       ORL     0xfd,#0x10
   \   000041   43FD80       ORL     0xfd,#0x80
   \   000044   438F08       ORL     0x8f,#0x8
   \   000047                ; Setup parameters for call to function MAC_RfFrontendSetup
   \   000047   12....       LCALL   ??MAC_RfFrontendSetup?relay
   \   00004A   43FD10       ORL     0xfd,#0x10
   \   00004D   D284         SETB    0x80.4
   \   00004F   43FD02       ORL     0xfd,#0x2
   \   000052   D281         SETB    0x80.1
   \   000054   43FE80       ORL     0xfe,#0x80
   \   000057   D297         SETB    0x90.7
   \   000059   43FE20       ORL     0xfe,#0x20
   \   00005C   C295         CLR     0x90.5
    127          
    128            HAL_TURN_OFF_LED1();
   \   00005E   D284         SETB    0x80.4
    129            HAL_TURN_OFF_LED2();
   \   000060   D281         SETB    0x80.1
    130            HAL_TURN_OFF_LED3();
   \   000062   D297         SETB    0x90.7
    131            HAL_TURN_OFF_LED4();
   \   000064   D280         SETB    0x80.0
    132          
    133            /*-------------------------------------------------------------------------------
    134             *  Master infinite loop.
    135             */
    136            for (;;)
    137            {
    138              buttonHeld = 0;
   \                     ??halAssertHazardLights_4:
   \   000066   75..00       MOV     ?V0 + 2,#0x0
    139          
    140              /*-------------------------------------------------------------------------------
    141               *  "Hazard lights" loop.  A held keypress will exit this loop.
    142               */
    143              do
    144              {
    145                HAL_LED_BLINK_DELAY();
   \                     ??halAssertHazardLights_5:
   \   000069   90....       MOV     DPTR,#__Constant_0
   \   00006C   12....       LCALL   ?XLOAD_R2345
   \   00006F   85..82       MOV     DPL,?XSP + 0
   \   000072   85..83       MOV     DPH,?XSP + 1
   \   000075   12....       LCALL   ?XSTORE_R2345
   \                     ??halAssertHazardLights_6:
   \   000078   85..82       MOV     DPL,?XSP + 0
   \   00007B   85..83       MOV     DPH,?XSP + 1
   \   00007E   C082         PUSH    DPL
   \   000080   C083         PUSH    DPH
   \   000082   90....       MOV     DPTR,#__Constant_5800
   \   000085   78..         MOV     R0,#?V0 + 4
   \   000087   12....       LCALL   ?L_MOV_X
   \   00008A   D083         POP     DPH
   \   00008C   D082         POP     DPL
   \   00008E   78..         MOV     R0,#?V0 + 4
   \   000090   12....       LCALL   ?UL_GT_X
   \   000093   5015         JNC     ??halAssertHazardLights_7
   \   000095   90....       MOV     DPTR,#__Constant_1
   \   000098   78..         MOV     R0,#?V0 + 4
   \   00009A   12....       LCALL   ?L_MOV_X
   \   00009D   85..82       MOV     DPL,?XSP + 0
   \   0000A0   85..83       MOV     DPH,?XSP + 1
   \   0000A3   78..         MOV     R0,#?V0 + 4
   \   0000A5   12....       LCALL   ?L_ADD_TO_X
   \   0000A8   80CE         SJMP    ??halAssertHazardLights_6
    146          
    147                /* toggle LEDS, the #ifdefs are in case HAL has logically remapped non-existent LEDs */
    148          #if (HAL_NUM_LEDS >= 1)
    149                HAL_TOGGLE_LED1();
   \                     ??halAssertHazardLights_7:
   \   0000AA   A284         MOV     C,0x80.4
   \   0000AC   5004         JNC     ??halAssertHazardLights_8
   \   0000AE   C284         CLR     0x80.4
   \   0000B0   8002         SJMP    ??halAssertHazardLights_9
   \                     ??halAssertHazardLights_8:
   \   0000B2   D284         SETB    0x80.4
    150          #if (HAL_NUM_LEDS >= 2)
    151                HAL_TOGGLE_LED2();
    152          #if (HAL_NUM_LEDS >= 3)
    153                HAL_TOGGLE_LED3();
    154          #if (HAL_NUM_LEDS >= 4)
    155                HAL_TOGGLE_LED4();
    156          #endif
    157          #endif
    158          #endif
    159          #endif
    160          
    161                /* escape hatch to continue execution, set escape to '1' to continue execution */
    162                {
    163                  static uint8 escape = 0;
    164                  if (escape)
   \                     ??halAssertHazardLights_9:
   \   0000B4   90....       MOV     DPTR,#??escape
   \   0000B7   E0           MOVX    A,@DPTR
   \   0000B8   6009         JZ      ??halAssertHazardLights_10
    165                  {
    166                    escape = 0;
   \   0000BA   90....       MOV     DPTR,#??escape
   \   0000BD   7400         MOV     A,#0x0
   \   0000BF   F0           MOVX    @DPTR,A
    167                    return;
   \   0000C0   02....       LJMP    ??halAssertHazardLights_11 & 0xFFFF
    168                  }
    169                }
    170          
    171                /* break out of loop if button is held long enough */
    172                if (HAL_PUSH_BUTTON1())
   \                     ??halAssertHazardLights_10:
   \   0000C3   A2A0         MOV     C,0xa0.0
   \   0000C5   5004         JNC     ??halAssertHazardLights_12
    173                {
    174                  buttonHeld++;
   \   0000C7   05..         INC     ?V0 + 2
   \   0000C9   8003         SJMP    ??halAssertHazardLights_13
    175                }
    176                else
    177                {
    178                  buttonHeld = 0;
   \                     ??halAssertHazardLights_12:
   \   0000CB   75..00       MOV     ?V0 + 2,#0x0
    179                }
    180              }
    181              while (buttonHeld != 10);  /* loop until button is held specified number of loops */
   \                     ??halAssertHazardLights_13:
   \   0000CE   740A         MOV     A,#0xa
   \   0000D0   65..         XRL     A,?V0 + 2
   \   0000D2   7095         JNZ     ??halAssertHazardLights_5
    182          
    183              /*-------------------------------------------------------------------------------
    184               *  Just exited from "hazard lights" loop.
    185               */
    186          
    187              /* turn off all LEDs */
    188              HAL_TURN_OFF_LED1();
   \   0000D4   D284         SETB    0x80.4
    189              HAL_TURN_OFF_LED2();
   \   0000D6   D281         SETB    0x80.1
    190              HAL_TURN_OFF_LED3();
   \   0000D8   D297         SETB    0x90.7
    191              HAL_TURN_OFF_LED4();
   \   0000DA   D280         SETB    0x80.0
    192          
    193              /* wait for button release */
    194              HAL_DEBOUNCE(!HAL_PUSH_BUTTON1());
   \   0000DC   7800         MOV     R0,#0x0
   \   0000DE   7900         MOV     R1,#0x0
   \                     ??halAssertHazardLights_14:
   \   0000E0   C3           CLR     C
   \   0000E1   E8           MOV     A,R0
   \   0000E2   94F4         SUBB    A,#-0xc
   \   0000E4   E9           MOV     A,R1
   \   0000E5   9401         SUBB    A,#0x1
   \   0000E7   A2D2         MOV     C,0xD0 /* PSW */.2
   \   0000E9   65D0         XRL     A,PSW
   \   0000EB   33           RLC     A
   \   0000EC   5012         JNC     ??halAssertHazardLights_15
   \   0000EE   A2A0         MOV     C,0xa0.0
   \   0000F0   5004         JNC     ??halAssertHazardLights_16
   \   0000F2   7800         MOV     R0,#0x0
   \   0000F4   7900         MOV     R1,#0x0
   \                     ??halAssertHazardLights_16:
   \   0000F6   E8           MOV     A,R0
   \   0000F7   2401         ADD     A,#0x1
   \   0000F9   F8           MOV     R0,A
   \   0000FA   E9           MOV     A,R1
   \   0000FB   3400         ADDC    A,#0x0
   \   0000FD   F9           MOV     R1,A
   \   0000FE   80E0         SJMP    ??halAssertHazardLights_14
    195          
    196              /*-------------------------------------------------------------------------------
    197               *  Load debug data into memory.
    198               */
    199          #ifdef HAL_MCU_AVR
    200              {
    201                uint8 * pStack;
    202                pStack = (uint8 *) SP;
    203                pStack++; /* point to return address on stack */
    204                debugData[DEBUG_DATA_RSTACK_HIGH_OFS] = *pStack;
    205                pStack++;
    206                debugData[DEBUG_DATA_RSTACK_LOW_OFS] = *pStack;
    207              }
    208              debugData[DEBUG_DATA_INT_MASK_OFS] = EIMSK;
    209          #endif
    210          
    211          #if (defined HAL_MCU_CC2430)
    212              debugData[DEBUG_DATA_INT_MASK_OFS] = RFIM;
    213          #elif (defined HAL_MCU_CC2530) || (defined HAL_MCU_CC2533)
    214              debugData[DEBUG_DATA_INT_MASK0_OFS] = RFIRQM0;
   \                     ??halAssertHazardLights_15:
   \   000100   9061A3       MOV     DPTR,#0x61a3
   \   000103   E0           MOVX    A,@DPTR
   \   000104   C0E0         PUSH    A
   \   000106   7408         MOV     A,#0x8
   \   000108   12....       LCALL   ?XSTACK_DISP0_8
   \   00010B   D0E0         POP     A
   \   00010D   F0           MOVX    @DPTR,A
    215              debugData[DEBUG_DATA_INT_MASK1_OFS] = RFIRQM1;
   \   00010E   9061A4       MOV     DPTR,#0x61a4
   \   000111   E0           MOVX    A,@DPTR
   \   000112   C0E0         PUSH    A
   \   000114   7409         MOV     A,#0x9
   \   000116   12....       LCALL   ?XSTACK_DISP0_8
   \   000119   D0E0         POP     A
   \   00011B   F0           MOVX    @DPTR,A
    216          #endif
    217          
    218          
    219          #if (defined HAL_MCU_AVR) || (defined HAL_MCU_CC2430) || (defined HAL_MCU_CC2530) || \
    220              (defined HAL_MCU_CC2533) || (defined HAL_MCU_MSP430)
    221              debugData[DEBUG_DATA_TX_ACTIVE_OFS] = macTxActive;
   \   00011C   90....       MOV     DPTR,#macTxActive
   \   00011F   E0           MOVX    A,@DPTR
   \   000120   C0E0         PUSH    A
   \   000122   7406         MOV     A,#0x6
   \   000124   12....       LCALL   ?XSTACK_DISP0_8
   \   000127   D0E0         POP     A
   \   000129   F0           MOVX    @DPTR,A
    222              debugData[DEBUG_DATA_RX_ACTIVE_OFS] = macRxActive;
   \   00012A   90....       MOV     DPTR,#macRxActive
   \   00012D   E0           MOVX    A,@DPTR
   \   00012E   C0E0         PUSH    A
   \   000130   7407         MOV     A,#0x7
   \   000132   12....       LCALL   ?XSTACK_DISP0_8
   \   000135   D0E0         POP     A
   \   000137   F0           MOVX    @DPTR,A
    223          #endif
    224          
    225             /* initialize for data dump loop */
    226              {
    227                uint8 iBit;
    228                uint8 iByte;
    229          
    230                iBit  = 0;
   \   000138   7B00         MOV     R3,#0x0
    231                iByte = 0;
   \   00013A   7A00         MOV     R2,#0x0
    232          
    233                /*-------------------------------------------------------------------------------
    234                 *  Data dump loop.  A button press cycles data bits to an LED.
    235                 */
    236                while (iByte < DEBUG_DATA_SIZE)
   \                     ??halAssertHazardLights_17:
   \   00013C   EA           MOV     A,R2
   \   00013D   C3           CLR     C
   \   00013E   9406         SUBB    A,#0x6
   \   000140   507A         JNC     ??halAssertHazardLights_18
    237                {
    238                  /* wait for key press */
    239                  while(!HAL_PUSH_BUTTON1());
   \                     ??halAssertHazardLights_19:
   \   000142   A2A0         MOV     C,0xa0.0
   \   000144   50FC         JNC     ??halAssertHazardLights_19
    240          
    241                  /* turn on all LEDs for first bit of byte, turn on three LEDs if not first bit */
    242                  HAL_TURN_ON_LED1();
   \   000146   C284         CLR     0x80.4
    243                  HAL_TURN_ON_LED2();
   \   000148   C281         CLR     0x80.1
    244                  HAL_TURN_ON_LED3();
   \   00014A   C297         CLR     0x90.7
    245                  if (iBit == 0)
   \   00014C   EB           MOV     A,R3
   \   00014D   7004         JNZ     ??halAssertHazardLights_20
    246                  {
    247                    HAL_TURN_ON_LED4();
   \   00014F   C280         CLR     0x80.0
   \   000151   8002         SJMP    ??halAssertHazardLights_21
    248                  }
    249                  else
    250                  {
    251                    HAL_TURN_OFF_LED4();
   \                     ??halAssertHazardLights_20:
   \   000153   D280         SETB    0x80.0
    252                  }
    253          
    254                  /* wait for debounced key release */
    255                  HAL_DEBOUNCE(!HAL_PUSH_BUTTON1());
   \                     ??halAssertHazardLights_21:
   \   000155   7800         MOV     R0,#0x0
   \   000157   7900         MOV     R1,#0x0
   \                     ??halAssertHazardLights_22:
   \   000159   C3           CLR     C
   \   00015A   E8           MOV     A,R0
   \   00015B   94F4         SUBB    A,#-0xc
   \   00015D   E9           MOV     A,R1
   \   00015E   9401         SUBB    A,#0x1
   \   000160   A2D2         MOV     C,0xD0 /* PSW */.2
   \   000162   65D0         XRL     A,PSW
   \   000164   33           RLC     A
   \   000165   5012         JNC     ??halAssertHazardLights_23
   \   000167   A2A0         MOV     C,0xa0.0
   \   000169   5004         JNC     ??halAssertHazardLights_24
   \   00016B   7800         MOV     R0,#0x0
   \   00016D   7900         MOV     R1,#0x0
   \                     ??halAssertHazardLights_24:
   \   00016F   E8           MOV     A,R0
   \   000170   2401         ADD     A,#0x1
   \   000172   F8           MOV     R0,A
   \   000173   E9           MOV     A,R1
   \   000174   3400         ADDC    A,#0x0
   \   000176   F9           MOV     R1,A
   \   000177   80E0         SJMP    ??halAssertHazardLights_22
    256          
    257                  /* turn off all LEDs */
    258                  HAL_TURN_OFF_LED1();
   \                     ??halAssertHazardLights_23:
   \   000179   D284         SETB    0x80.4
    259                  HAL_TURN_OFF_LED2();
   \   00017B   D281         SETB    0x80.1
    260                  HAL_TURN_OFF_LED3();
   \   00017D   D297         SETB    0x90.7
    261                  HAL_TURN_OFF_LED4();
   \   00017F   D280         SETB    0x80.0
    262          
    263                  /* output value of data bit to LED1 */
    264                  if (debugData[iByte] & (1 << (7 - iBit)))
   \   000181   75..01       MOV     ?V0 + 0,#0x1
   \   000184   75..00       MOV     ?V0 + 1,#0x0
   \   000187   7407         MOV     A,#0x7
   \   000189   C3           CLR     C
   \   00018A   9B           SUBB    A,R3
   \   00018B   78..         MOV     R0,#?V0 + 0
   \   00018D   12....       LCALL   ?S_SHL
   \   000190   8A..         MOV     ?V0 + 4,R2
   \   000192   75..00       MOV     ?V0 + 5,#0x0
   \   000195   7404         MOV     A,#0x4
   \   000197   12....       LCALL   ?XSTACK_DISP0_8
   \   00019A   E582         MOV     A,DPL
   \   00019C   25..         ADD     A,?V0 + 4
   \   00019E   F582         MOV     DPL,A
   \   0001A0   E583         MOV     A,DPH
   \   0001A2   35..         ADDC    A,?V0 + 5
   \   0001A4   F583         MOV     DPH,A
   \   0001A6   E0           MOVX    A,@DPTR
   \   0001A7   55..         ANL     A,?V0 + 0
   \   0001A9   6004         JZ      ??halAssertHazardLights_25
    265                  {
    266                    HAL_TURN_ON_LED1();
   \   0001AB   C284         CLR     0x80.4
   \   0001AD   8002         SJMP    ??halAssertHazardLights_26
    267                  }
    268                  else
    269                  {
    270                    HAL_TURN_OFF_LED1();
   \                     ??halAssertHazardLights_25:
   \   0001AF   D284         SETB    0x80.4
    271                  }
    272          
    273                  /* advance to next bit */
    274                  iBit++;
   \                     ??halAssertHazardLights_26:
   \   0001B1   0B           INC     R3
    275                  if (iBit == 8)
   \   0001B2   7408         MOV     A,#0x8
   \   0001B4   6B           XRL     A,R3
   \   0001B5   7085         JNZ     ??halAssertHazardLights_17
    276                  {
    277                    iBit = 0;
   \   0001B7   7B00         MOV     R3,#0x0
    278                    iByte++;
   \   0001B9   0A           INC     R2
   \   0001BA   8080         SJMP    ??halAssertHazardLights_17
    279                  }
    280                }
    281              }
    282          
    283              /*
    284               *  About to enter "hazard lights" loop again.  Turn off LED1 in case the last bit
    285               *  displayed happened to be one.  This guarantees all LEDs are off at the start of
    286               *  the flashing loop which uses a toggle operation to change LED states.
    287               */
    288              HAL_TURN_OFF_LED1();
   \                     ??halAssertHazardLights_18:
   \   0001BC   D284         SETB    0x80.4
   \   0001BE   02....       LJMP    ??halAssertHazardLights_4 & 0xFFFF
    289            }
   \                     ??halAssertHazardLights_11:
   \   0001C1   740A         MOV     A,#0xa
   \   0001C3   12....       LCALL   ?DEALLOC_XSTACK8
   \   0001C6   7F08         MOV     R7,#0x8
   \   0001C8   02....       LJMP    ?BANKED_LEAVE_XDATA
   \   0001CB                REQUIRE _A_IEN0
   \   0001CB                REQUIRE SLEEPCMD
   \   0001CB                REQUIRE SLEEPSTA
   \   0001CB                REQUIRE CLKCONCMD
   \   0001CB                REQUIRE CLKCONSTA
   \   0001CB                REQUIRE P0DIR
   \   0001CB                REQUIRE P0INP
   \   0001CB                REQUIRE _A_P0
   \   0001CB                REQUIRE P1DIR
   \   0001CB                REQUIRE _A_P1
   \   0001CB                REQUIRE _A_P2
    290          }

   \                                 In  segment XDATA_Z, align 1, keep-with-next
   \                     ??escape:
   \   000000                DS 1
   \   000001                REQUIRE __INIT_XDATA_Z

   \                                 In  segment XDATA_ROM_C, align 1
   \                     __Constant_0:
   \   000000   00000000     DD 0

   \                                 In  segment XDATA_ROM_C, align 1
   \                     __Constant_5800:
   \   000000   00580000     DD 22528

   \                                 In  segment XDATA_ROM_C, align 1
   \                     __Constant_1:
   \   000000   01000000     DD 1

   \                                 In  segment BANK_RELAYS, align 1
   \                     ??halAssertHandler?relay:
   \   000000   12....       LCALL   ?BDISPATCH
   \   000003   ......       DC24    halAssertHandler

   \                                 In  segment BANK_RELAYS, align 1
   \                     ??halAssertHazardLights?relay:
   \   000000   12....       LCALL   ?BDISPATCH
   \   000003   ......       DC24    halAssertHazardLights
    291          #endif
    292          
    293          /* ------------------------------------------------------------------------------------------------
    294           *                                    Compile Time Assertions
    295           * ------------------------------------------------------------------------------------------------
    296           */
    297          
    298          /* integrity check of type sizes */
    299          HAL_ASSERT_SIZE(  int8, 1);
    300          HAL_ASSERT_SIZE( uint8, 1);
    301          HAL_ASSERT_SIZE( int16, 2);
    302          HAL_ASSERT_SIZE(uint16, 2);
    303          HAL_ASSERT_SIZE( int32, 4);
    304          HAL_ASSERT_SIZE(uint32, 4);
    305          
    306          
    307          /**************************************************************************************************
    308          */

   Maximum stack usage in bytes:

     Function                 ISTACK PSTACK XSTACK
     --------                 ------ ------ ------
     halAssertHandler             0      0      0
     halAssertHazardLights        2      0     26
       -> MAC_RfFrontendSetup     0      0     52


   Segment part sizes:

     Function/Label                Bytes
     --------------                -----
     _A_P0                            1
     P0INP                            1
     _A_P1                            1
     SLEEPSTA                         1
     CLKCONSTA                        1
     _A_P2                            1
     _A_IEN0                          1
     SLEEPCMD                         1
     CLKCONCMD                        1
     WDCTL                            1
     P0DIR                            1
     P1DIR                            1
     halAssertHandler                10
     halAssertHazardLights          459
     escape                           1
     __Constant_0                     4
     __Constant_5800                  4
     __Constant_1                     4
     ??halAssertHandler?relay         6
     ??halAssertHazardLights?relay    6

 
 469 bytes in segment BANKED_CODE
  12 bytes in segment BANK_RELAYS
  12 bytes in segment SFR_AN
  12 bytes in segment XDATA_ROM_C
   1 byte  in segment XDATA_Z
 
 481 bytes of CODE  memory
   0 bytes of CONST memory (+ 12 bytes shared)
   0 bytes of DATA  memory (+ 12 bytes shared)
   1 byte  of XDATA memory

Errors: none
Warnings: none
