###############################################################################
#                                                                             #
# IAR C/C++ Compiler V8.10.1.10194/W32 for 8051         06/Feb/2015  14:50:52 #
# Copyright 2004-2011 IAR Systems AB.                                         #
#                                                                             #
#    Core               =  plain                                              #
#    Code model         =  banked                                             #
#    Data model         =  large                                              #
#    Calling convention =  xdata reentrant                                    #
#    Constant location  =  data_rom                                           #
#    Dptr setup         =  1,16                                               #
#    Source file        =  D:\RE_1_2_0_FORMAL_APP(251)-14-12-8\Projects\zstac #
#                          k\Samples\SampleApp\Source\DOORBELL_device\WLDB_ke #
#                          y.c                                                #
#    Command line       =  -f "D:\RE_1_2_0_FORMAL_APP(251)-14-12-8\Projects\z #
#                          stack\Samples\SampleApp\CC2530DB\..\..\..\Tools\CC #
#                          2530DB\f8wRouter.cfg" (-DCPU32MHZ                  #
#                          -DROOT=__near_func -DMAC_CFG_APP_PENDING_QUEUE=TRU #
#                          E -DMAC_CFG_TX_DATA_MAX=5 -DMAC_CFG_TX_MAX=8       #
#                          -DMAC_CFG_RX_MAX=5 -DRTR_NWK) -f                   #
#                          "D:\RE_1_2_0_FORMAL_APP(251)-14-12-8\Projects\zsta #
#                          ck\Samples\SampleApp\CC2530DB\..\..\..\Tools\CC253 #
#                          0DB\f8wConfig.cfg" (-DZIGBEEPRO -DSECURE=1         #
#                          -DZG_SECURE_DYNAMIC=0 -DREFLECTOR                  #
#                          -DZDAPP_CONFIG_PAN_ID=0xFFFF                       #
#                          -DNWK_START_DELAY=100 -DEXTENDED_JOINING_RANDOM_MA #
#                          SK=0x007F -DBEACON_REQUEST_DELAY=100               #
#                          -DBEACON_REQ_DELAY_MASK=0x00FF                     #
#                          -DLINK_STATUS_JITTER_MASK=0x007F                   #
#                          -DROUTE_EXPIRY_TIME=30 -DAPSC_ACK_WAIT_DURATION_PO #
#                          LLED=3000 -DNWK_INDIRECT_MSG_TIMEOUT=60            #
#                          -DMAX_RREQ_ENTRIES=8 -DAPSC_MAX_FRAME_RETRIES=3    #
#                          -DNWK_MAX_DATA_RETRIES=2                           #
#                          -DMAX_POLL_FAILURE_RETRIES=2 -DMAX_BCAST=9         #
#                          -DAPS_MAX_GROUPS=16 -DMAX_RTG_ENTRIES=30           #
#                          -DNWK_MAX_BINDING_ENTRIES=10                       #
#                          -DMAX_BINDING_CLUSTER_IDS=4 -DASSERT_RESET         #
#                          -DMAC_MAX_FRAME_SIZE=116                           #
#                          -DZDNWKMGR_MIN_TRANSMISSIONS=20 "-DCONST=const     #
#                          __code" -DGENERIC=__generic                        #
#                          -DRFD_RCVC_ALWAYS_ON=FALSE -DPOLL_RATE=8000        #
#                          -DQUEUED_POLL_RATE=100 -DRESPONSE_POLL_RATE=1000)  #
#                          -DREJOIN_POLL_RATE=440 "D:\RE_1_2_0_FORMAL_APP(251 #
#                          )-14-12-8\Projects\zstack\Samples\SampleApp\Source #
#                          \DOORBELL_device\WLDB_key.c" -D NV_INIT -D         #
#                          NV_RESTORE -D HOLD_AUTO_START -D MT_TASK -D        #
#                          MT_APP_FUNC -D MT_SYS_FUNC -D MT_ZDO_FUNC -D       #
#                          xMT_ZDO_MGMT -D ISR_KEYINTERRUPT -D xWDT_IN_PM1    #
#                          -D xOSC32K_CRYSTAL_INSTALLED=0 -D xPOWER_PA -D     #
#                          DOORBELL -D M_V332 -D xHAVE_TEST_FUN -lC           #
#                          "D:\RE_1_2_0_FORMAL_APP(251)-14-12-8\Projects\zsta #
#                          ck\Samples\SampleApp\CC2530DB\DOORBELL\List\" -lA  #
#                          "D:\RE_1_2_0_FORMAL_APP(251)-14-12-8\Projects\zsta #
#                          ck\Samples\SampleApp\CC2530DB\DOORBELL\List\"      #
#                          --diag_suppress Pe001,Pa010 -o                     #
#                          "D:\RE_1_2_0_FORMAL_APP(251)-14-12-8\Projects\zsta #
#                          ck\Samples\SampleApp\CC2530DB\DOORBELL\Obj\" -e    #
#                          --no_cse --no_unroll --no_inline --no_code_motion  #
#                          --no_tbaa --debug --core=plain --dptr=16,1         #
#                          --data_model=large --code_model=banked             #
#                          --calling_convention=xdata_reentrant               #
#                          --place_constants=data_rom --nr_virtual_regs 16    #
#                          -I "D:\RE_1_2_0_FORMAL_APP(251)-14-12-8\Projects\z #
#                          stack\Samples\SampleApp\CC2530DB\" -I              #
#                          "D:\RE_1_2_0_FORMAL_APP(251)-14-12-8\Projects\zsta #
#                          ck\Samples\SampleApp\CC2530DB\..\Source\" -I       #
#                          "D:\RE_1_2_0_FORMAL_APP(251)-14-12-8\Projects\zsta #
#                          ck\Samples\SampleApp\CC2530DB\..\Source\rssi_test\ #
#                          h\" -I "D:\RE_1_2_0_FORMAL_APP(251)-14-12-8\Projec #
#                          ts\zstack\Samples\SampleApp\CC2530DB\..\Source\DOO #
#                          RBELL_device\" -I "D:\RE_1_2_0_FORMAL_APP(251)-14- #
#                          12-8\Projects\zstack\Samples\SampleApp\CC2530DB\.. #
#                          \..\..\ZMain\TI2530DB\" -I                         #
#                          "D:\RE_1_2_0_FORMAL_APP(251)-14-12-8\Projects\zsta #
#                          ck\Samples\SampleApp\CC2530DB\..\..\..\..\..\Compo #
#                          nents\hal\include\" -I "D:\RE_1_2_0_FORMAL_APP(251 #
#                          )-14-12-8\Projects\zstack\Samples\SampleApp\CC2530 #
#                          DB\..\..\..\..\..\Components\hal\target\CC2530EB\" #
#                           -I "D:\RE_1_2_0_FORMAL_APP(251)-14-12-8\Projects\ #
#                          zstack\Samples\SampleApp\CC2530DB\..\..\..\..\..\C #
#                          omponents\mac\include\" -I                         #
#                          "D:\RE_1_2_0_FORMAL_APP(251)-14-12-8\Projects\zsta #
#                          ck\Samples\SampleApp\CC2530DB\..\..\..\..\..\Compo #
#                          nents\mac\high_level\" -I                          #
#                          "D:\RE_1_2_0_FORMAL_APP(251)-14-12-8\Projects\zsta #
#                          ck\Samples\SampleApp\CC2530DB\..\..\..\..\..\Compo #
#                          nents\mac\low_level\srf04\" -I                     #
#                          "D:\RE_1_2_0_FORMAL_APP(251)-14-12-8\Projects\zsta #
#                          ck\Samples\SampleApp\CC2530DB\..\..\..\..\..\Compo #
#                          nents\mac\low_level\srf04\single_chip\" -I         #
#                          "D:\RE_1_2_0_FORMAL_APP(251)-14-12-8\Projects\zsta #
#                          ck\Samples\SampleApp\CC2530DB\..\..\..\..\..\Compo #
#                          nents\mt\" -I "D:\RE_1_2_0_FORMAL_APP(251)-14-12-8 #
#                          \Projects\zstack\Samples\SampleApp\CC2530DB\..\..\ #
#                          ..\..\..\Components\osal\include\" -I              #
#                          "D:\RE_1_2_0_FORMAL_APP(251)-14-12-8\Projects\zsta #
#                          ck\Samples\SampleApp\CC2530DB\..\..\..\..\..\Compo #
#                          nents\services\saddr\" -I                          #
#                          "D:\RE_1_2_0_FORMAL_APP(251)-14-12-8\Projects\zsta #
#                          ck\Samples\SampleApp\CC2530DB\..\..\..\..\..\Compo #
#                          nents\services\sdata\" -I                          #
#                          "D:\RE_1_2_0_FORMAL_APP(251)-14-12-8\Projects\zsta #
#                          ck\Samples\SampleApp\CC2530DB\..\..\..\..\..\Compo #
#                          nents\stack\af\" -I "D:\RE_1_2_0_FORMAL_APP(251)-1 #
#                          4-12-8\Projects\zstack\Samples\SampleApp\CC2530DB\ #
#                          ..\..\..\..\..\Components\stack\nwk\" -I           #
#                          "D:\RE_1_2_0_FORMAL_APP(251)-14-12-8\Projects\zsta #
#                          ck\Samples\SampleApp\CC2530DB\..\..\..\..\..\Compo #
#                          nents\stack\sapi\" -I "D:\RE_1_2_0_FORMAL_APP(251) #
#                          -14-12-8\Projects\zstack\Samples\SampleApp\CC2530D #
#                          B\..\..\..\..\..\Components\stack\sec\" -I         #
#                          "D:\RE_1_2_0_FORMAL_APP(251)-14-12-8\Projects\zsta #
#                          ck\Samples\SampleApp\CC2530DB\..\..\..\..\..\Compo #
#                          nents\stack\sys\" -I "D:\RE_1_2_0_FORMAL_APP(251)- #
#                          14-12-8\Projects\zstack\Samples\SampleApp\CC2530DB #
#                          \..\..\..\..\..\Components\stack\zdo\" -I          #
#                          "D:\RE_1_2_0_FORMAL_APP(251)-14-12-8\Projects\zsta #
#                          ck\Samples\SampleApp\CC2530DB\..\..\..\..\..\Compo #
#                          nents\zmac\" -I "D:\RE_1_2_0_FORMAL_APP(251)-14-12 #
#                          -8\Projects\zstack\Samples\SampleApp\CC2530DB\..\. #
#                          .\..\..\..\Components\zmac\f8w\" -On               #
#                          --require_prototypes                               #
#    List file          =  D:\RE_1_2_0_FORMAL_APP(251)-14-12-8\Projects\zstac #
#                          k\Samples\SampleApp\CC2530DB\DOORBELL\List\WLDB_ke #
#                          y.lst                                              #
#    Object file        =  D:\RE_1_2_0_FORMAL_APP(251)-14-12-8\Projects\zstac #
#                          k\Samples\SampleApp\CC2530DB\DOORBELL\Obj\WLDB_key #
#                          .r51                                               #
#                                                                             #
#                                                                             #
###############################################################################

D:\RE_1_2_0_FORMAL_APP(251)-14-12-8\Projects\zstack\Samples\SampleApp\Source\DOORBELL_device\WLDB_key.c
      1          /**************************************************************************************************
      2            Filename:       hal_key.c
      3            Revised:        $Date: 2010-09-15 19:02:45 -0700 (Wed, 15 Sep 2010) $
      4            Revision:       $Revision: 23815 $
      5          
      6            Description:    This file contains the interface to the HAL KEY Service.
      7          
      8          
      9            Copyright 2006-2010 Texas Instruments Incorporated. All rights reserved.
     10          
     11            IMPORTANT: Your use of this Software is limited to those specific rights
     12            granted under the terms of a software license agreement between the user
     13            who downloaded the software, his/her employer (which must be your employer)
     14            and Texas Instruments Incorporated (the "License").  You may not use this
     15            Software unless you agree to abide by the terms of the License. The License
     16            limits your use, and you acknowledge, that the Software may not be modified,
     17            copied or distributed unless embedded on a Texas Instruments microcontroller
     18            or used solely and exclusively in conjunction with a Texas Instruments radio
     19            frequency transceiver, which is integrated into your product.  Other than for
     20            the foregoing purpose, you may not use, reproduce, copy, prepare derivative
     21            works of, modify, distribute, perform, display or sell this Software and/or
     22            its documentation for any purpose.
     23          
     24            YOU FURTHER ACKNOWLEDGE AND AGREE THAT THE SOFTWARE AND DOCUMENTATION ARE
     25            PROVIDED AS IS?WITHOUT WARRANTY OF ANY KIND, EITHER EXPRESS OR IMPLIED,
     26            INCLUDING WITHOUT LIMITATION, ANY WARRANTY OF MERCHANTABILITY, TITLE,
     27            NON-INFRINGEMENT AND FITNESS FOR A PARTICULAR PURPOSE. IN NO EVENT SHALL
     28            TEXAS INSTRUMENTS OR ITS LICENSORS BE LIABLE OR OBLIGATED UNDER CONTRACT,
     29            NEGLIGENCE, STRICT LIABILITY, CONTRIBUTION, BREACH OF WARRANTY, OR OTHER
     30            LEGAL EQUITABLE THEORY ANY DIRECT OR INDIRECT DAMAGES OR EXPENSES
     31            INCLUDING BUT NOT LIMITED TO ANY INCIDENTAL, SPECIAL, INDIRECT, PUNITIVE
     32            OR CONSEQUENTIAL DAMAGES, LOST PROFITS OR LOST DATA, COST OF PROCUREMENT
     33            OF SUBSTITUTE GOODS, TECHNOLOGY, SERVICES, OR ANY CLAIMS BY THIRD PARTIES
     34            (INCLUDING BUT NOT LIMITED TO ANY DEFENSE THEREOF), OR OTHER SIMILAR COSTS.
     35          
     36            Should you have any questions regarding your right to use this Software,
     37            contact Texas Instruments Incorporated at www.TI.com.
     38          **************************************************************************************************/
     39          /*********************************************************************
     40           NOTE: If polling is used, the hal_driver task schedules the KeyRead()
     41                 to occur every 100ms.  This should be long enough to naturally
     42                 debounce the keys.  The KeyRead() function remembers the key
     43                 state of the previous poll and will only return a non-zero
     44                 value if the key state changes.
     45          
     46           NOTE: If interrupts are used, the KeyRead() function is scheduled
     47                 25ms after the interrupt occurs by the ISR.  This delay is used
     48                 for key debouncing.  The ISR disables any further Key interrupt
     49                 until KeyRead() is executed.  KeyRead() will re-enable Key
     50                 interrupts after executing.  Unlike polling, when interrupts
     51                 are enabled, the previous key state is not remembered.  This
     52                 means that KeyRead() will return the current state of the keys
     53                 (not a change in state of the keys).
     54          
     55           NOTE: If interrupts are used, the KeyRead() fucntion is scheduled by
     56                 the ISR.  Therefore, the joystick movements will only be detected
     57                 during a pushbutton interrupt caused by S1 or the center joystick
     58                 pushbutton.
     59          
     60           NOTE: When a switch like S1 is pushed, the S1 signal goes from a normally
     61                 high state to a low state.  This transition is typically clean.  The
     62                 duration of the low state is around 200ms.  When the signal returns
     63                 to the high state, there is a high likelihood of signal bounce, which
     64                 causes a unwanted interrupts.  Normally, we would set the interrupt
     65                 edge to falling edge to generate an interrupt when S1 is pushed, but
     66                 because of the signal bounce, it is better to set the edge to rising
     67                 edge to generate an interrupt when S1 is released.  The debounce logic
     68                 can then filter out the signal bounce.  The result is that we typically
     69                 get only 1 interrupt per button push.  This mechanism is not totally
     70                 foolproof because occasionally, signal bound occurs during the falling
     71                 edge as well.  A similar mechanism is used to handle the joystick
     72                 pushbutton on the DB.  For the EB, we do not have independent control
     73                 of the interrupt edge for the S1 and center joystick pushbutton.  As
     74                 a result, only one or the other pushbuttons work reasonably well with
     75                 interrupts.  The default is the make the S1 switch on the EB work more
     76                 reliably.
     77          
     78          *********************************************************************/
     79          
     80          /**************************************************************************************************
     81           *                                            INCLUDES
     82           **************************************************************************************************/
     83          #include "hal_mcu.h"

   \                                 In  segment SFR_AN, at 0x80
   \   union <unnamed> volatile __sfr _A_P0
   \                     _A_P0:
   \   000000                DS 1

   \                                 In  segment SFR_AN, at 0x89
   \   unsigned char volatile __sfr P0IFG
   \                     P0IFG:
   \   000000                DS 1

   \                                 In  segment SFR_AN, at 0x8a
   \   unsigned char volatile __sfr P1IFG
   \                     P1IFG:
   \   000000                DS 1

   \                                 In  segment SFR_AN, at 0x8b
   \   unsigned char volatile __sfr P2IFG
   \                     P2IFG:
   \   000000                DS 1

   \                                 In  segment SFR_AN, at 0x8c
   \   unsigned char volatile __sfr PICTL
   \                     PICTL:
   \   000000                DS 1

   \                                 In  segment SFR_AN, at 0x8d
   \   unsigned char volatile __sfr P1IEN
   \                     P1IEN:
   \   000000                DS 1

   \                                 In  segment SFR_AN, at 0x90
   \   union <unnamed> volatile __sfr _A_P1
   \                     _A_P1:
   \   000000                DS 1

   \                                 In  segment SFR_AN, at 0x9a
   \   unsigned char volatile __sfr IEN2
   \                     IEN2:
   \   000000                DS 1

   \                                 In  segment SFR_AN, at 0xa0
   \   union <unnamed> volatile __sfr _A_P2
   \                     _A_P2:
   \   000000                DS 1

   \                                 In  segment SFR_AN, at 0xa8
   \   union <unnamed> volatile __sfr _A_IEN0
   \                     _A_IEN0:
   \   000000                DS 1

   \                                 In  segment SFR_AN, at 0xab
   \   unsigned char volatile __sfr P0IEN
   \                     P0IEN:
   \   000000                DS 1

   \                                 In  segment SFR_AN, at 0xb8
   \   union <unnamed> volatile __sfr _A_IEN1
   \                     _A_IEN1:
   \   000000                DS 1

   \                                 In  segment SFR_AN, at 0xc0
   \   union <unnamed> volatile __sfr _A_IRCON
   \                     _A_IRCON:
   \   000000                DS 1

   \                                 In  segment SFR_AN, at 0xe8
   \   union <unnamed> volatile __sfr _A_IRCON2
   \                     _A_IRCON2:
   \   000000                DS 1

   \                                 In  segment SFR_AN, at 0xf3
   \   unsigned char volatile __sfr P0SEL
   \                     P0SEL:
   \   000000                DS 1

   \                                 In  segment SFR_AN, at 0xf4
   \   unsigned char volatile __sfr P1SEL
   \                     P1SEL:
   \   000000                DS 1

   \                                 In  segment SFR_AN, at 0xfd
   \   unsigned char volatile __sfr P0DIR
   \                     P0DIR:
   \   000000                DS 1

   \                                 In  segment SFR_AN, at 0xfe
   \   unsigned char volatile __sfr P1DIR
   \                     P1DIR:
   \   000000                DS 1
     84          #include "hal_defs.h"
     85          #include "hal_types.h"
     86          #include "hal_board.h"
     87          #include "hal_drivers.h"
     88          #include "hal_adc.h"
     89          #include "hal_key.h"
     90          #include "osal.h"
     91             #include "IO_config.h"
     92          
     93          #include "WldbFun.h"
     94          
     95          #include "WLDB_device.h"
     96          
     97            extern uint8 UserApp_TaskID;
     98          
     99          #if (defined HAL_KEY) && (HAL_KEY == TRUE)
    100          
    101          /**************************************************************************************************
    102           *                                              MACROS
    103           **************************************************************************************************/
    104          
    105          /**************************************************************************************************
    106           *                                            CONSTANTS
    107           **************************************************************************************************/
    108          
    109          
    110          /**************************************************************************************************
    111           *                                            TYPEDEFS
    112           **************************************************************************************************/
    113          
    114          
    115          /**************************************************************************************************
    116           *                                        GLOBAL VARIABLES
    117           **************************************************************************************************/

   \                                 In  segment XDATA_Z, align 1, keep-with-next
    118          static uint8 halKeySavedKeys;     /* used to store previous key state in polling mode */
   \                     halKeySavedKeys:
   \   000000                DS 1
   \   000001                REQUIRE __INIT_XDATA_Z

   \                                 In  segment XDATA_Z, align 1, keep-with-next
    119           halKeyCBack_t pHalKeyProcessFunction;
   \                     pHalKeyProcessFunction:
   \   000000                DS 2
   \   000002                REQUIRE __INIT_XDATA_Z

   \                                 In  segment XDATA_Z, align 1, keep-with-next
    120          static uint8 HalKeyConfigured;
   \                     HalKeyConfigured:
   \   000000                DS 1
   \   000001                REQUIRE __INIT_XDATA_Z

   \                                 In  segment XDATA_Z, align 1, keep-with-next
    121          bool Hal_KeyIntEnable;            /* interrupt enable/disable flag */
   \                     Hal_KeyIntEnable:
   \   000000                DS 1
   \   000001                REQUIRE __INIT_XDATA_Z
    122          
    123          /**************************************************************************************************
    124           *                                        FUNCTIONS - Local
    125           **************************************************************************************************/
    126          void halProcessKeyInterrupt(void);
    127          uint8 halGetJoyKeyInput(void);
    128          
    129          void swIo(uint8 tBtn,uint8 tBtm);
    130          
    131          
    132          
    133          #define WLDB_BTN_PLAY		(uint8)1
    134          #define WLDB_BTN_SELE		(uint8)2
    135          #define WLDB_BTN_VOLU		(uint8)3
    136          #define WLDB_BTN_BUTTONEN	(uint8)4
    137          

   \                                 In  segment XDATA_I, align 1, keep-with-next
    138          uint8 ButtonEn=1;
   \                     ButtonEn:
   \   000000                DS 1
   \   000001                REQUIRE `?<Initializer for ButtonEn>`
   \   000001                REQUIRE __INIT_XDATA_I
    139          

   \                                 In  segment XDATA_Z, align 1, keep-with-next
    140          uint8 kpush0=0;
   \                     kpush0:
   \   000000                DS 1
   \   000001                REQUIRE __INIT_XDATA_Z

   \                                 In  segment XDATA_Z, align 1, keep-with-next
    141          uint8 kpush1=0;
   \                     kpush1:
   \   000000                DS 1
   \   000001                REQUIRE __INIT_XDATA_Z

   \                                 In  segment XDATA_Z, align 1, keep-with-next
    142          uint8 key_ISR_FLAG=0;
   \                     key_ISR_FLAG:
   \   000000                DS 1
   \   000001                REQUIRE __INIT_XDATA_Z

   \                                 In  segment XDATA_Z, align 1, keep-with-next
    143          uint8 KEY_NET_ISR_FLAG=0;//test p1.2口的单击 双击
   \                     KEY_NET_ISR_FLAG:
   \   000000                DS 1
   \   000001                REQUIRE __INIT_XDATA_Z

   \                                 In  segment XDATA_Z, align 1, keep-with-next
    144          uint8 key_double_flag = 0;//按键双击状态
   \                     key_double_flag:
   \   000000                DS 1
   \   000001                REQUIRE __INIT_XDATA_Z
    145          

   \                                 In  segment XDATA_Z, align 1, keep-with-next
    146          uint8 key_holdtime_waiting_flag = 0;//等待长按时间（10s）标志 ，0无等待 1正在等待
   \                     key_holdtime_waiting_flag:
   \   000000                DS 1
   \   000001                REQUIRE __INIT_XDATA_Z
    147          

   \                                 In  segment XDATA_Z, align 1, keep-with-next
    148          uint8 key_hold_flag = 0;  //按键长按标志
   \                     key_hold_flag:
   \   000000                DS 1
   \   000001                REQUIRE __INIT_XDATA_Z
    149          extern uint8 FRONT_ALARM_FLAG;
    150          
    151          /**************************************************************************************************
    152           *                                        FUNCTIONS - API
    153           **************************************************************************************************/
    154          
    155          
    156          /**************************************************************************************************
    157           * @fn      HalKeyInit
    158           *
    159           * @brief   Initilize Key Service
    160           *
    161           * @param   none
    162           *
    163           * @return  None
    164           **************************************************************************************************/

   \                                 In  segment BANKED_CODE, align 1, keep-with-next
    165          void HalKeyInit( void )
   \                     HalKeyInit:
    166          {
   \   000000   C082         PUSH    DPL
   \   000002   C083         PUSH    DPH
   \   000004                ; Saved register size: 2
   \   000004                ; Auto size: 0
    167            /* Initialize previous key to 0 */
    168            halKeySavedKeys = 0;
   \   000004   90....       MOV     DPTR,#halKeySavedKeys
   \   000007   7400         MOV     A,#0x0
   \   000009   F0           MOVX    @DPTR,A
    169          
    170            
    171            HAL_KEY_SW_6_SEL &= ~(HAL_KEY_SW_6_BIT);    /* Set pin function to GPIO */
   \   00000A   53F3EF       ANL     0xf3,#0xef
    172            HAL_KEY_SW_6_DIR &= ~(HAL_KEY_SW_6_BIT);    /* Set pin direction to Input */
   \   00000D   53FDEF       ANL     0xfd,#0xef
    173            
    174            HAL_KEY_SW_8_SEL &= ~(HAL_KEY_SW_8_BIT);    /* Set pin function to GPIO */
   \   000010   53F4FB       ANL     0xf4,#0xfb
    175            HAL_KEY_SW_8_DIR &= ~(HAL_KEY_SW_8_BIT);    /* Set pin direction to Input */
   \   000013   53FEFB       ANL     0xfe,#0xfb
    176            
    177            HAL_KEY_SW_9_SEL &= ~(HAL_KEY_SW_9_BIT);    /* Set pin function to GPIO */
   \   000016   53F4DF       ANL     0xf4,#0xdf
    178            HAL_KEY_SW_9_DIR &= ~(HAL_KEY_SW_9_BIT);    /* Set pin direction to Input */
   \   000019   53FEDF       ANL     0xfe,#0xdf
    179            
    180            /* Initialize callback function */
    181            pHalKeyProcessFunction  = NULL;
   \   00001C   90....       MOV     DPTR,#pHalKeyProcessFunction
   \   00001F   7400         MOV     A,#0x0
   \   000021   F0           MOVX    @DPTR,A
   \   000022   A3           INC     DPTR
   \   000023   7400         MOV     A,#0x0
   \   000025   F0           MOVX    @DPTR,A
    182          
    183            /* Start with key is not configured */
    184            HalKeyConfigured = FALSE;
   \   000026   90....       MOV     DPTR,#HalKeyConfigured
   \   000029   7400         MOV     A,#0x0
   \   00002B   F0           MOVX    @DPTR,A
    185          }
   \   00002C   D083         POP     DPH
   \   00002E   D082         POP     DPL
   \   000030   02....       LJMP    ?BRET
   \   000033                REQUIRE P0SEL
   \   000033                REQUIRE P0DIR
   \   000033                REQUIRE P1SEL
   \   000033                REQUIRE P1DIR
    186          
    187          
    188          /**************************************************************************************************
    189           * @fn      HalKeyConfig
    190           *
    191           * @brief   Configure the Key serivce
    192           *
    193           * @param   interruptEnable - TRUE/FALSE, enable/disable interrupt
    194           *          cback - pointer to the CallBack function
    195           *
    196           * @return  None
    197           **************************************************************************************************/

   \                                 In  segment BANKED_CODE, align 1, keep-with-next
    198          void HalKeyConfig (bool interruptEnable, halKeyCBack_t cback)
   \                     HalKeyConfig:
    199          {
   \   000000   74F7         MOV     A,#-0x9
   \   000002   12....       LCALL   ?BANKED_ENTER_XDATA
   \   000005                ; Saved register size: 9
   \   000005                ; Auto size: 0
   \   000005   89..         MOV     ?V0 + 0,R1
   \   000007   EA           MOV     A,R2
   \   000008   FE           MOV     R6,A
   \   000009   EB           MOV     A,R3
   \   00000A   FF           MOV     R7,A
    200            /* Enable/Disable Interrupt or */
    201            Hal_KeyIntEnable = interruptEnable;
   \   00000B   E5..         MOV     A,?V0 + 0
   \   00000D   90....       MOV     DPTR,#Hal_KeyIntEnable
   \   000010   F0           MOVX    @DPTR,A
    202          
    203            /* Register the callback fucntion */
    204            pHalKeyProcessFunction = cback;
   \   000011   90....       MOV     DPTR,#pHalKeyProcessFunction
   \   000014   EE           MOV     A,R6
   \   000015   F0           MOVX    @DPTR,A
   \   000016   A3           INC     DPTR
   \   000017   EF           MOV     A,R7
   \   000018   F0           MOVX    @DPTR,A
    205          
    206            /* Determine if interrupt is enable or not */
    207            if (Hal_KeyIntEnable)
   \   000019   90....       MOV     DPTR,#Hal_KeyIntEnable
   \   00001C   E0           MOVX    A,@DPTR
   \   00001D   6026         JZ      ??HalKeyConfig_0
    208            {
    209                /* Rising/Falling edge configuratinn */
    210          
    211             
    212              
    213              //P0.4  下降沿触发
    214              //PICTL &= ~(HAL_KEY_SW_6_EDGEBIT);    /* Clear the edge bit */
    215              /* For falling edge, the bit must be set. */
    216            #if (HAL_KEY_SW_6_EDGE == HAL_KEY_FALLING_EDGE)//2530的上升 下降沿触发是按端口设置的，即P0要么是上升要么全是下降
    217             // PICTL |= HAL_KEY_SW_6_EDGEBIT;
    218            #endif
    219          
    220          
    221              /* Interrupt configuration:
    222               * - Enable interrupt generation at the port
    223               * - Enable CPU interrupt
    224               * - Clear any pending interrupt
    225               */
    226              //HAL_KEY_SW_6_ICTL |= HAL_KEY_SW_6_ICTLBIT;//P0IEN | 00010000  即P0.4使能中断
    227              //HAL_KEY_SW_6_IEN |= HAL_KEY_SW_6_IENBIT;//使能整个CPU的P0口中断
    228              //HAL_KEY_SW_6_PXIFG = ~(HAL_KEY_SW_6_BIT);//清中断标记位
    229            
    230              
    231              
    232             //p1.2 下升沿触发 
    233               PICTL &= ~(HAL_KEY_SW_8_EDGEBIT);    /* Clear the edge bit */
   \   00001F   538CFD       ANL     0x8c,#0xfd
    234              /* For falling edge, the bit must be set. */
    235            #if (HAL_KEY_SW_8_EDGE == HAL_KEY_FALLING_EDGE)
    236              PICTL |= HAL_KEY_SW_8_EDGEBIT;			//P1.0~p1.3下降沿 。p1.2 按键下降沿
   \   000022   438C02       ORL     0x8c,#0x2
    237            #endif
    238          
    239          
    240              /* Interrupt configuration:
    241               * - Enable interrupt generation at the port
    242               * - Enable CPU interrupt
    243               * - Clear any pending interrupt
    244               */
    245              HAL_KEY_SW_8_ICTL |= HAL_KEY_SW_8_ICTLBIT;//P1IEN | 00000100  即P1.2使能中断
   \   000025   438D04       ORL     0x8d,#0x4
    246              HAL_KEY_SW_8_IEN |= HAL_KEY_SW_8_IENBIT;//使能整个CPU的P1口中断
   \   000028   439A10       ORL     0x9a,#0x10
    247              HAL_KEY_SW_8_PXIFG = ~(HAL_KEY_SW_8_BIT);//清中断标记位
   \   00002B   758AFB       MOV     0x8a,#-0x5
    248             
    249              
    250          
    251          //P1.5 上升沿触发
    252              // PICTL &= ~(HAL_KEY_SW_9_EDGEBIT);    /* Clear the edge bit */
    253              /* For falling edge, the bit must be set. */
    254            #if (HAL_KEY_SW_9_EDGE == HAL_KEY_FALLING_EDGE)//2530的上升 下降沿触发是按端口设置的，即P0要么是上升要么全是下降
    255              //PICTL |= HAL_KEY_SW_9_EDGEBIT;
    256            #endif
    257          
    258              //HAL_KEY_SW_9_ICTL |= HAL_KEY_SW_9_ICTLBIT;//P1IEN | 00100000  即P1.5使能中断
    259             // HAL_KEY_SW_9_IEN |= HAL_KEY_SW_9_IENBIT;//使能整个CPU的P1口中断
    260             // HAL_KEY_SW_9_PXIFG = ~(HAL_KEY_SW_9_BIT);//清中断标记位
    261              
    262              
    263          
    264          
    265          
    266              /* Do this only after the hal_key is configured - to work with sleep stuff */
    267              if (HalKeyConfigured == TRUE)
   \   00002E   90....       MOV     DPTR,#HalKeyConfigured
   \   000031   E0           MOVX    A,@DPTR
   \   000032   6401         XRL     A,#0x1
   \   000034   7021         JNZ     ??HalKeyConfig_1
    268              {
    269                osal_stop_timerEx(Hal_TaskID, HAL_KEY_EVENT);  /* Cancel polling if active */
   \   000036                ; Setup parameters for call to function osal_stop_timerEx
   \   000036   7A01         MOV     R2,#0x1
   \   000038   7B00         MOV     R3,#0x0
   \   00003A   90....       MOV     DPTR,#Hal_TaskID
   \   00003D   E0           MOVX    A,@DPTR
   \   00003E   F9           MOV     R1,A
   \   00003F   12....       LCALL   ??osal_stop_timerEx?relay
   \   000042   E9           MOV     A,R1
   \   000043   8012         SJMP    ??HalKeyConfig_1
    270              }
    271            }
    272            else    /* Interrupts NOT enabled */
    273            {
    274              HAL_KEY_SW_6_ICTL &= ~(HAL_KEY_SW_6_ICTLBIT); /* don't generate interrupt */
   \                     ??HalKeyConfig_0:
   \   000045   53ABEF       ANL     0xab,#0xef
    275              HAL_KEY_SW_6_IEN &= ~(HAL_KEY_SW_6_IENBIT);   /* Clear interrupt enable bit */
   \   000048   C2BD         CLR     0xb8.5
    276          
    277              osal_set_event(Hal_TaskID, HAL_KEY_EVENT);
   \   00004A                ; Setup parameters for call to function osal_set_event
   \   00004A   7A01         MOV     R2,#0x1
   \   00004C   7B00         MOV     R3,#0x0
   \   00004E   90....       MOV     DPTR,#Hal_TaskID
   \   000051   E0           MOVX    A,@DPTR
   \   000052   F9           MOV     R1,A
   \   000053   12....       LCALL   ??osal_set_event?relay
   \   000056   E9           MOV     A,R1
    278            }
    279          
    280            /* Key now is configured */
    281            HalKeyConfigured = TRUE;
   \                     ??HalKeyConfig_1:
   \   000057   90....       MOV     DPTR,#HalKeyConfigured
   \   00005A   7401         MOV     A,#0x1
   \   00005C   F0           MOVX    @DPTR,A
    282          }
   \   00005D   7F01         MOV     R7,#0x1
   \   00005F   02....       LJMP    ?BANKED_LEAVE_XDATA
   \   000062                REQUIRE PICTL
   \   000062                REQUIRE P1IEN
   \   000062                REQUIRE IEN2
   \   000062                REQUIRE P1IFG
   \   000062                REQUIRE P0IEN
   \   000062                REQUIRE _A_IEN1
    283          
    284          
    285          /**************************************************************************************************
    286           * @fn      HalKeyRead
    287           *
    288           * @brief   Read the current value of a key
    289           *
    290           * @param   None
    291           *
    292           * @return  keys - current keys status
    293           **************************************************************************************************/

   \                                 In  segment BANKED_CODE, align 1, keep-with-next
    294          uint8 HalKeyRead ( void )
   \                     HalKeyRead:
    295          {
   \   000000                ; Saved register size: 0
   \   000000                ; Auto size: 0
    296            uint8 keys = 0;
   \   000000   7900         MOV     R1,#0x0
    297          
    298            return keys;
   \   000002   02....       LJMP    ?BRET
    299          }
    300          
    301          
    302          /**************************************************************************************************
    303           * @fn      HalKeyPoll
    304           *
    305           * @brief   Called by hal_driver to poll the keys
    306           *
    307           * @param   None
    308           *
    309           * @return  None
    310           **************************************************************************************************/

   \                                 In  segment BANKED_CODE, align 1, keep-with-next
    311          void HalKeyPoll (void)
   \                     HalKeyPoll:
    312          {
   \   000000   74F7         MOV     A,#-0x9
   \   000002   12....       LCALL   ?BANKED_ENTER_XDATA
   \   000005                ; Saved register size: 9
   \   000005                ; Auto size: 0
    313           uint8 keys = 0;
   \   000005   7E00         MOV     R6,#0x0
    314          
    315           if ((HAL_KEY_JOY_MOVE_PORT & HAL_KEY_JOY_MOVE_BIT))  /* Key is active HIGH */
   \   000007   E5A0         MOV     A,0xa0
   \   000009   F8           MOV     R0,A
    316            {
    317           
    318            }
    319            
    320          
    321            /* If interrupts are not enabled, previous key status and current key status
    322             * are compared to find out if a key has changed status.
    323             */
    324            if (!Hal_KeyIntEnable)
   \   00000A   90....       MOV     DPTR,#Hal_KeyIntEnable
   \   00000D   E0           MOVX    A,@DPTR
   \   00000E   7011         JNZ     ??HalKeyPoll_0
    325            {
    326              if (keys == halKeySavedKeys)
   \   000010   90....       MOV     DPTR,#halKeySavedKeys
   \   000013   E0           MOVX    A,@DPTR
   \   000014   6E           XRL     A,R6
   \   000015   7003         JNZ     $+5
   \   000017   02....       LJMP    ??HalKeyPoll_1 & 0xFFFF
    327              {
    328                 /* Exit - since no keys have changed */
    329                return;
    330              }
    331              /* Store the current keys for comparation next time */
    332              halKeySavedKeys = keys;
   \   00001A   EE           MOV     A,R6
   \   00001B   90....       MOV     DPTR,#halKeySavedKeys
   \   00001E   F0           MOVX    @DPTR,A
   \   00001F   8076         SJMP    ??HalKeyPoll_2
    333            }
    334            else
    335            {
    336              /* Key interrupt handled here */
    337                 
    338             if ((key_ISR_FLAG==HAL_KEY_SW_9) && (HAL_PUSH_BUTTON5()))//初步理解，设置p1.5为上升沿触发，触发唤醒系统后，25ms到这，判断是否为1，是1则读取见键值
   \                     ??HalKeyPoll_0:
   \   000021   90....       MOV     DPTR,#key_ISR_FLAG
   \   000024   E0           MOVX    A,@DPTR
   \   000025   6440         XRL     A,#0x40
   \   000027   700B         JNZ     ??HalKeyPoll_3
   \   000029   A295         MOV     C,0x90.5
   \   00002B   5007         JNC     ??HalKeyPoll_3
    339             {
    340          
    341              //FRONT_ALARM_FLAG=1;// 确实是报警的
    342              keys |= HAL_KEY_SW_9; 
   \   00002D   D3           SETB    C
   \   00002E   EE           MOV     A,R6
   \   00002F   92E6         MOV     0xE0 /* A   */.6,C
   \   000031   FE           MOV     R6,A
   \   000032   8063         SJMP    ??HalKeyPoll_2
    343             }
    344            
    345             else if ((key_ISR_FLAG==HAL_KEY_SW_6) && (!HAL_PUSH_BUTTON4()))//初步理解，设置p0.4为下降沿触发，触发唤醒系统后，25ms到这，判断是否为0，是0则读取见键值
   \                     ??HalKeyPoll_3:
   \   000034   90....       MOV     DPTR,#key_ISR_FLAG
   \   000037   E0           MOVX    A,@DPTR
   \   000038   6420         XRL     A,#0x20
   \   00003A   700B         JNZ     ??HalKeyPoll_4
   \   00003C   A284         MOV     C,0x80.4
   \   00003E   4007         JC      ??HalKeyPoll_4
    346             {
    347               //FRONT_ALARM_FLAG=0;
    348              keys |= HAL_KEY_SW_6;
   \   000040   D3           SETB    C
   \   000041   EE           MOV     A,R6
   \   000042   92E5         MOV     0xE0 /* A   */.5,C
   \   000044   FE           MOV     R6,A
   \   000045   8050         SJMP    ??HalKeyPoll_2
    349             }
    350             
    351              else if ((key_ISR_FLAG==HAL_KEY_SW_8) && (!(HAL_PUSH_BUTTON3())))//初步理解，设置p1.2为上升沿触发，触发唤醒系统后，25ms到这，判断是否为1，是1则读取见键值
   \                     ??HalKeyPoll_4:
   \   000047   90....       MOV     DPTR,#key_ISR_FLAG
   \   00004A   E0           MOVX    A,@DPTR
   \   00004B   6480         XRL     A,#0x80
   \   00004D   7048         JNZ     ??HalKeyPoll_2
   \   00004F   A292         MOV     C,0x90.2
   \   000051   4044         JC      ??HalKeyPoll_2
    352             {
    353               if(key_holdtime_waiting_flag)
   \   000053   90....       MOV     DPTR,#key_holdtime_waiting_flag
   \   000056   E0           MOVX    A,@DPTR
   \   000057   6019         JZ      ??HalKeyPoll_5
    354          	 {
    355          	   key_holdtime_waiting_flag = 0;//在等待长按时间时再次按下按钮 此时需要清等待长按时间标志以及取消之前设置的等待长按时间满以后进入事件
   \   000059   90....       MOV     DPTR,#key_holdtime_waiting_flag
   \   00005C   7400         MOV     A,#0x0
   \   00005E   F0           MOVX    @DPTR,A
    356          	   osal_stop_timerEx (Hal_TaskID, HAL_KEY_HOLD_EVENT);//  停止之前进入的事件
   \   00005F                ; Setup parameters for call to function osal_stop_timerEx
   \   00005F   7A40         MOV     R2,#0x40
   \   000061   7B00         MOV     R3,#0x0
   \   000063   90....       MOV     DPTR,#Hal_TaskID
   \   000066   E0           MOVX    A,@DPTR
   \   000067   F9           MOV     R1,A
   \   000068   12....       LCALL   ??osal_stop_timerEx?relay
   \   00006B   E9           MOV     A,R1
    357          	   KEY_NET_ISR_FLAG = 0;// 等待长按时间被打断后 重新计数按键次数
   \   00006C   90....       MOV     DPTR,#KEY_NET_ISR_FLAG
   \   00006F   7400         MOV     A,#0x0
   \   000071   F0           MOVX    @DPTR,A
    358          	 }
    359          	 KEY_NET_ISR_FLAG++;//test 测试单击 双击等程序
   \                     ??HalKeyPoll_5:
   \   000072   90....       MOV     DPTR,#KEY_NET_ISR_FLAG
   \   000075   E0           MOVX    A,@DPTR
   \   000076   2401         ADD     A,#0x1
   \   000078   F0           MOVX    @DPTR,A
    360               osal_stop_timerEx (Hal_TaskID, HAL_KEY_MULTI_CLICK_EVENT);//  停止之前进入的事件
   \   000079                ; Setup parameters for call to function osal_stop_timerEx
   \   000079   7A20         MOV     R2,#0x20
   \   00007B   7B00         MOV     R3,#0x0
   \   00007D   90....       MOV     DPTR,#Hal_TaskID
   \   000080   E0           MOVX    A,@DPTR
   \   000081   F9           MOV     R1,A
   \   000082   12....       LCALL   ??osal_stop_timerEx?relay
   \   000085   E9           MOV     A,R1
    361               osal_start_timerEx (Hal_TaskID, HAL_KEY_MULTI_CLICK_EVENT, HAL_KEY_CLICKED_VALUE);//600mS后触发检测几击程序
   \   000086                ; Setup parameters for call to function osal_start_timerEx
   \   000086   7C58         MOV     R4,#0x58
   \   000088   7D02         MOV     R5,#0x2
   \   00008A   7A20         MOV     R2,#0x20
   \   00008C   7B00         MOV     R3,#0x0
   \   00008E   90....       MOV     DPTR,#Hal_TaskID
   \   000091   E0           MOVX    A,@DPTR
   \   000092   F9           MOV     R1,A
   \   000093   12....       LCALL   ??osal_start_timerEx?relay
   \   000096   E9           MOV     A,R1
    362               
    363             }
    364              
    365            }
    366          
    367            
    368           
    369            /* Invoke Callback if new keys were depressed */
    370            if (keys && (pHalKeyProcessFunction))
   \                     ??HalKeyPoll_2:
   \   000097   EE           MOV     A,R6
   \   000098   6024         JZ      ??HalKeyPoll_1
   \   00009A   90....       MOV     DPTR,#pHalKeyProcessFunction
   \   00009D   E0           MOVX    A,@DPTR
   \   00009E   F8           MOV     R0,A
   \   00009F   A3           INC     DPTR
   \   0000A0   E0           MOVX    A,@DPTR
   \   0000A1   F9           MOV     R1,A
   \   0000A2   E8           MOV     A,R0
   \   0000A3   49           ORL     A,R1
   \   0000A4   6018         JZ      ??HalKeyPoll_1
    371            {
    372              (pHalKeyProcessFunction) (keys, HAL_KEY_STATE_NORMAL);
   \   0000A6                ; Setup parameters for indirect call
   \   0000A6   7A00         MOV     R2,#0x0
   \   0000A8   EE           MOV     A,R6
   \   0000A9   F9           MOV     R1,A
   \   0000AA   90....       MOV     DPTR,#pHalKeyProcessFunction
   \   0000AD   E0           MOVX    A,@DPTR
   \   0000AE   F8           MOV     R0,A
   \   0000AF   A3           INC     DPTR
   \   0000B0   E0           MOVX    A,@DPTR
   \   0000B1   F583         MOV     DPH,A
   \   0000B3   8882         MOV     DPL,R0
   \   0000B5   12....       LCALL   ?CALL_IND
    373              key_ISR_FLAG=0;
   \   0000B8   90....       MOV     DPTR,#key_ISR_FLAG
   \   0000BB   7400         MOV     A,#0x0
   \   0000BD   F0           MOVX    @DPTR,A
    374            }
    375          }
   \                     ??HalKeyPoll_1:
   \   0000BE   7F01         MOV     R7,#0x1
   \   0000C0   02....       LJMP    ?BANKED_LEAVE_XDATA
   \   0000C3                REQUIRE _A_P2
   \   0000C3                REQUIRE _A_P1
   \   0000C3                REQUIRE _A_P0
    376          
    377          
    378          
    379          
    380          /**************************************************************************************************
    381           * @fn      halGetJoyKeyInput
    382           *
    383           * @brief   Map the ADC value to its corresponding key.
    384           *
    385           * @param   None
    386           *
    387           * @return  keys - current joy key status
    388           **************************************************************************************************/

   \                                 In  segment BANKED_CODE, align 1, keep-with-next
    389          uint8 halGetJoyKeyInput(void)
   \                     halGetJoyKeyInput:
    390          {
   \   000000   74F7         MOV     A,#-0x9
   \   000002   12....       LCALL   ?BANKED_ENTER_XDATA
   \   000005                ; Saved register size: 9
   \   000005                ; Auto size: 0
    391            /* The joystick control is encoded as an analog voltage.
    392             * Read the JOY_LEVEL analog value and map it to joy movement.
    393             */
    394            uint8 adc;
    395            uint8 ksave0 = 0;
   \   000005   7E00         MOV     R6,#0x0
    396            uint8 ksave1;
    397          
    398            /* Keep on reading the ADC until two consecutive key decisions are the same. */
    399            do
    400            {
    401              ksave1 = ksave0;    /* save previouse key reading */
   \                     ??halGetJoyKeyInput_0:
   \   000007   8E..         MOV     ?V0 + 0,R6
    402          
    403              adc = HalAdcRead (HAL_KEY_JOY_CHN, HAL_ADC_RESOLUTION_8);
   \   000009                ; Setup parameters for call to function HalAdcRead
   \   000009   7A01         MOV     R2,#0x1
   \   00000B   7906         MOV     R1,#0x6
   \   00000D   12....       LCALL   ??HalAdcRead?relay
   \   000010   EA           MOV     A,R2
   \   000011   FF           MOV     R7,A
    404          
    405              if ((adc >= 2) && (adc <= 38))
   \   000012   EF           MOV     A,R7
   \   000013   C3           CLR     C
   \   000014   9402         SUBB    A,#0x2
   \   000016   4006         JC      ??halGetJoyKeyInput_1
   \   000018   EF           MOV     A,R7
   \   000019   C3           CLR     C
   \   00001A   9427         SUBB    A,#0x27
   \   00001C   4022         JC      ??halGetJoyKeyInput_2
    406              {
    407              //   ksave0 |= HAL_KEY_UP;
    408              }
    409              else if ((adc >= 74) && (adc <= 88))
   \                     ??halGetJoyKeyInput_1:
   \   00001E   EF           MOV     A,R7
   \   00001F   C3           CLR     C
   \   000020   944A         SUBB    A,#0x4a
   \   000022   4006         JC      ??halGetJoyKeyInput_3
   \   000024   EF           MOV     A,R7
   \   000025   C3           CLR     C
   \   000026   9459         SUBB    A,#0x59
   \   000028   4016         JC      ??halGetJoyKeyInput_2
    410              {
    411             //   ksave0 |= HAL_KEY_RIGHT;
    412              }
    413              else if ((adc >= 60) && (adc <= 73))
   \                     ??halGetJoyKeyInput_3:
   \   00002A   EF           MOV     A,R7
   \   00002B   C3           CLR     C
   \   00002C   943C         SUBB    A,#0x3c
   \   00002E   4006         JC      ??halGetJoyKeyInput_4
   \   000030   EF           MOV     A,R7
   \   000031   C3           CLR     C
   \   000032   944A         SUBB    A,#0x4a
   \   000034   400A         JC      ??halGetJoyKeyInput_2
    414              {
    415             //   ksave0 |= HAL_KEY_LEFT;
    416              }
    417              else if ((adc >= 39) && (adc <= 59))
   \                     ??halGetJoyKeyInput_4:
   \   000036   EF           MOV     A,R7
   \   000037   C3           CLR     C
   \   000038   9427         SUBB    A,#0x27
   \   00003A   4004         JC      ??halGetJoyKeyInput_2
   \   00003C   EF           MOV     A,R7
   \   00003D   C3           CLR     C
   \   00003E   943C         SUBB    A,#0x3c
    418              {
    419             //   ksave0 |= HAL_KEY_DOWN;
    420              }
    421              else if ((adc >= 89) && (adc <= 100))
    422              {
    423             //   ksave0 |= HAL_KEY_CENTER;
    424              }
    425            } while (ksave0 != ksave1);
   \                     ??halGetJoyKeyInput_2:
   \   000040   E5..         MOV     A,?V0 + 0
   \   000042   6E           XRL     A,R6
   \   000043   70C2         JNZ     ??halGetJoyKeyInput_0
    426          
    427            return ksave0;
   \   000045   EE           MOV     A,R6
   \   000046   F9           MOV     R1,A
   \   000047   7F01         MOV     R7,#0x1
   \   000049   02....       LJMP    ?BANKED_LEAVE_XDATA
    428          }
    429          
    430          
    431          
    432          
    433          
    434          /**************************************************************************************************
    435           * @fn      halProcessKeyInterrupt
    436           *
    437           * @brief   Checks to see if it's a valid key interrupt, saves interrupt driven key states for
    438           *          processing by HalKeyRead(), and debounces keys by scheduling HalKeyRead() 25ms later.
    439           *
    440           * @param
    441           *
    442           * @return
    443           **************************************************************************************************/

   \                                 In  segment BANKED_CODE, align 1, keep-with-next
    444          void halProcessKeyInterrupt (void)
   \                     halProcessKeyInterrupt:
    445          {
   \   000000   74F7         MOV     A,#-0x9
   \   000002   12....       LCALL   ?BANKED_ENTER_XDATA
   \   000005                ; Saved register size: 9
   \   000005                ; Auto size: 0
    446            bool valid=FALSE;
   \   000005   7E00         MOV     R6,#0x0
    447            
    448            
    449            
    450               if (HAL_KEY_SW_6_PXIFG & HAL_KEY_SW_6_BIT)  /* Interrupt Flag has been set */
   \   000007   E589         MOV     A,0x89
   \   000009   A2E4         MOV     C,0xE0 /* A   */.4
   \   00000B   5005         JNC     ??halProcessKeyInterrupt_0
    451            {
    452              HAL_KEY_SW_6_PXIFG = ~(HAL_KEY_SW_6_BIT); /* Clear Interrupt Flag */
   \   00000D   7589EF       MOV     0x89,#-0x11
    453              valid = TRUE;
   \   000010   7E01         MOV     R6,#0x1
    454            }
    455          
    456            
    457              if (HAL_KEY_SW_8_PXIFG & HAL_KEY_SW_8_BIT)  /* Interrupt Flag has been set */
   \                     ??halProcessKeyInterrupt_0:
   \   000012   E58A         MOV     A,0x8a
   \   000014   A2E2         MOV     C,0xE0 /* A   */.2
   \   000016   5005         JNC     ??halProcessKeyInterrupt_1
    458            {
    459              HAL_KEY_SW_8_PXIFG = ~(HAL_KEY_SW_8_BIT); /* Clear Interrupt Flag */
   \   000018   758AFB       MOV     0x8a,#-0x5
    460              valid = TRUE;
   \   00001B   7E01         MOV     R6,#0x1
    461            }
    462            
    463              if (HAL_KEY_SW_9_PXIFG & HAL_KEY_SW_9_BIT)  /* Interrupt Flag has been set */
   \                     ??halProcessKeyInterrupt_1:
   \   00001D   E58A         MOV     A,0x8a
   \   00001F   A2E5         MOV     C,0xE0 /* A   */.5
   \   000021   5005         JNC     ??halProcessKeyInterrupt_2
    464            {
    465              HAL_KEY_SW_9_PXIFG = ~(HAL_KEY_SW_9_BIT); /* Clear Interrupt Flag */
   \   000023   758ADF       MOV     0x8a,#-0x21
    466              valid = TRUE;
   \   000026   7E01         MOV     R6,#0x1
    467            }
    468            
    469            
    470            if (valid)
   \                     ??halProcessKeyInterrupt_2:
   \   000028   EE           MOV     A,R6
   \   000029   6011         JZ      ??halProcessKeyInterrupt_3
    471            {
    472              osal_start_timerEx (Hal_TaskID, HAL_KEY_EVENT, HAL_KEY_DEBOUNCE_VALUE);
   \   00002B                ; Setup parameters for call to function osal_start_timerEx
   \   00002B   7C19         MOV     R4,#0x19
   \   00002D   7D00         MOV     R5,#0x0
   \   00002F   7A01         MOV     R2,#0x1
   \   000031   7B00         MOV     R3,#0x0
   \   000033   90....       MOV     DPTR,#Hal_TaskID
   \   000036   E0           MOVX    A,@DPTR
   \   000037   F9           MOV     R1,A
   \   000038   12....       LCALL   ??osal_start_timerEx?relay
   \   00003B   E9           MOV     A,R1
    473            }
    474          }
   \                     ??halProcessKeyInterrupt_3:
   \   00003C   7F01         MOV     R7,#0x1
   \   00003E   02....       LJMP    ?BANKED_LEAVE_XDATA
   \   000041                REQUIRE P0IFG
   \   000041                REQUIRE P1IFG
    475          
    476          /**************************************************************************************************
    477           * @fn      HalKeyEnterSleep
    478           *
    479           * @brief  - Get called to enter sleep mode
    480           *
    481           * @param
    482           *
    483           * @return
    484           **************************************************************************************************/

   \                                 In  segment BANKED_CODE, align 1, keep-with-next
    485          void HalKeyEnterSleep ( void )
   \                     HalKeyEnterSleep:
    486          {
   \   000000                ; Saved register size: 0
   \   000000                ; Auto size: 0
    487          }
   \   000000   02....       LJMP    ?BRET
    488          
    489          /**************************************************************************************************
    490           * @fn      HalKeyExitSleep
    491           *
    492           * @brief   - Get called when sleep is over
    493           *
    494           * @param
    495           *
    496           * @return  - return saved keys
    497           **************************************************************************************************/

   \                                 In  segment BANKED_CODE, align 1, keep-with-next
    498          uint8 HalKeyExitSleep ( void )
   \                     HalKeyExitSleep:
    499          {
   \   000000   C082         PUSH    DPL
   \   000002   C083         PUSH    DPH
   \   000004                ; Saved register size: 2
   \   000004                ; Auto size: 0
    500            /* Wake up and read keys */
    501            return ( HalKeyRead () );
   \   000004                ; Setup parameters for call to function HalKeyRead
   \   000004   12....       LCALL   ??HalKeyRead?relay
   \   000007   D083         POP     DPH
   \   000009   D082         POP     DPL
   \   00000B   02....       LJMP    ?BRET
    502          }
    503          
    504          /***************************************************************************************************
    505           *                                    INTERRUPT SERVICE ROUTINE
    506           ***************************************************************************************************/
    507          
    508          /**************************************************************************************************
    509           * @fn      halKeyPort0Isr
    510           *
    511           * @brief   Port0 ISR
    512           *
    513           * @param
    514           *
    515           * @return
    516           **************************************************************************************************/
    517          
    518          //消除警告

   \                                 In  segment NEAR_CODE, align 1, keep-with-next
    519          HAL_ISR_FUNCTION( halKeyPort0Isr, P0INT_VECTOR )
   \                     halKeyPort0Isr:
    520          {
   \   000000   C0E0         PUSH    A
   \   000002   74F2         MOV     A,#-0xe
   \   000004   12....       LCALL   ?INTERRUPT_ENTER_XSP
   \   000007                ; Saved register size: 15
   \   000007                ; Auto size: 0
    521            uint8 P0IEN_FLAG_1=0;
   \   000007   7E00         MOV     R6,#0x0
    522            HAL_ENTER_ISR();
   \   000009   A2AF         MOV     C,0xa8.7
   \   00000B   E4           CLR     A
   \   00000C   33           RLC     A
   \   00000D   FF           MOV     R7,A
   \   00000E   D2AF         SETB    0xa8.7
    523           if (HAL_KEY_SW_6_PXIFG & HAL_KEY_SW_6_BIT)
   \   000010   E589         MOV     A,0x89
   \   000012   A2E4         MOV     C,0xE0 /* A   */.4
   \   000014   5016         JNC     ??halKeyPort0Isr_0
    524            {
    525              P0IEN_FLAG_1 = P0IEN & BV(4);//P0.4
   \   000016   E5AB         MOV     A,0xab
   \   000018   5410         ANL     A,#0x10
   \   00001A   FE           MOV     R6,A
    526              if(P0IEN_FLAG_1 == 0X10)
   \   00001B   7410         MOV     A,#0x10
   \   00001D   6E           XRL     A,R6
   \   00001E   700C         JNZ     ??halKeyPort0Isr_0
    527              {  
    528                halProcessKeyInterrupt();
   \   000020                ; Setup parameters for call to function halProcessKeyInterrupt
   \   000020   12....       LCALL   ??halProcessKeyInterrupt?relay
    529                HAL_KEY_SW_6_PXIFG = 0;
   \   000023   758900       MOV     0x89,#0x0
    530                key_ISR_FLAG =HAL_KEY_SW_6;
   \   000026   90....       MOV     DPTR,#key_ISR_FLAG
   \   000029   7420         MOV     A,#0x20
   \   00002B   F0           MOVX    @DPTR,A
    531              }
    532            }
    533             HAL_KEY_CPU_PORT_0_IF = 0;
   \                     ??halKeyPort0Isr_0:
   \   00002C   C2C5         CLR     0xc0.5
    534             CLEAR_SLEEP_MODE();
    535            HAL_EXIT_ISR();
   \   00002E   EF           MOV     A,R7
   \   00002F   A2E0         MOV     C,0xE0 /* A   */.0
   \   000031   92AF         MOV     0xa8.7,C
    536          }
   \   000033   7F01         MOV     R7,#0x1
   \   000035   02....       LJMP    ?INTERRUPT_LEAVE_XSP
   \   000038                REQUIRE _A_IEN0
   \   000038                REQUIRE P0IFG
   \   000038                REQUIRE P0IEN
   \   000038                REQUIRE _A_IRCON
    537          
    538          
    539          /**************************************************************************************************
    540           * @fn      halKeyPort1Isr
    541           *
    542           * @brief   Port1 ISR
    543           *
    544           * @param
    545           *
    546           * @return
    547           **************************************************************************************************/

   \                                 In  segment NEAR_CODE, align 1, keep-with-next
    548          HAL_ISR_FUNCTION( halKeyPort1Isr, P1INT_VECTOR )
   \                     halKeyPort1Isr:
    549          {
   \   000000   C0E0         PUSH    A
   \   000002   74F2         MOV     A,#-0xe
   \   000004   12....       LCALL   ?INTERRUPT_ENTER_XSP
   \   000007                ; Saved register size: 15
   \   000007                ; Auto size: 0
    550            uint8 P1IEN_FLAG_1=0;
                         ^
Warning[Pe177]: variable "P1IEN_FLAG_1" was declared but never referenced
   \   000007   7E00         MOV     R6,#0x0
    551            
    552            
    553            
    554            HAL_ENTER_ISR();
   \   000009   A2AF         MOV     C,0xa8.7
   \   00000B   E4           CLR     A
   \   00000C   33           RLC     A
   \   00000D   FF           MOV     R7,A
   \   00000E   D2AF         SETB    0xa8.7
    555            if(HAL_KEY_SW_8_PXIFG & HAL_KEY_SW_8_BIT)
   \   000010   E58A         MOV     A,0x8a
   \   000012   A2E2         MOV     C,0xE0 /* A   */.2
   \   000014   500E         JNC     ??halKeyPort1Isr_0
    556            {
    557              halProcessKeyInterrupt();
   \   000016                ; Setup parameters for call to function halProcessKeyInterrupt
   \   000016   12....       LCALL   ??halProcessKeyInterrupt?relay
    558              HAL_KEY_SW_8_PXIFG &= ~(HAL_KEY_SW_8_BIT);
   \   000019   538AFB       ANL     0x8a,#0xfb
    559              key_ISR_FLAG =HAL_KEY_SW_8;
   \   00001C   90....       MOV     DPTR,#key_ISR_FLAG
   \   00001F   7480         MOV     A,#-0x80
   \   000021   F0           MOVX    @DPTR,A
   \   000022   8002         SJMP    ??halKeyPort1Isr_1
    560              
    561            }
    562            else if (HAL_KEY_SW_9_PXIFG & HAL_KEY_SW_9_BIT)
   \                     ??halKeyPort1Isr_0:
   \   000024   E58A         MOV     A,0x8a
    563            {
    564              //P1IEN_FLAG_1 = P1IEN & BV(5);//p1.3
    565              //if(P1IEN_FLAG_1==0X20)
    566              //{
    567               // halProcessKeyInterrupt();
    568               // HAL_KEY_SW_9_PXIFG = 0;
    569               // key_ISR_FLAG =HAL_KEY_SW_9;
    570             // }
    571            }
    572            HAL_KEY_CPU_PORT_1_IF = 0;
   \                     ??halKeyPort1Isr_1:
   \   000026   C2EB         CLR     0xe8.3
    573            
    574            CLEAR_SLEEP_MODE();
    575            HAL_EXIT_ISR();
   \   000028   EF           MOV     A,R7
   \   000029   A2E0         MOV     C,0xE0 /* A   */.0
   \   00002B   92AF         MOV     0xa8.7,C
    576            
    577          }
   \   00002D   7F01         MOV     R7,#0x1
   \   00002F   02....       LJMP    ?INTERRUPT_LEAVE_XSP
   \   000032                REQUIRE _A_IEN0
   \   000032                REQUIRE P1IFG
   \   000032                REQUIRE _A_IRCON2
    578          
    579          
    580          
    581          
    582          /**************************************************************************************************
    583           * @fn      halKeyPort2Isr
    584           *
    585           * @brief   Port2 ISR
    586           *
    587           * @param
    588           *
    589           * @return
    590           **************************************************************************************************/

   \                                 In  segment NEAR_CODE, align 1, keep-with-next
    591          HAL_ISR_FUNCTION( halKeyPort2Isr, P2INT_VECTOR )
   \                     halKeyPort2Isr:
    592          {
   \   000000   C0E0         PUSH    A
   \   000002   74F2         MOV     A,#-0xe
   \   000004   12....       LCALL   ?INTERRUPT_ENTER_XSP
   \   000007                ; Saved register size: 15
   \   000007                ; Auto size: 0
    593            HAL_ENTER_ISR();
   \   000007   A2AF         MOV     C,0xa8.7
   \   000009   E4           CLR     A
   \   00000A   33           RLC     A
   \   00000B   FE           MOV     R6,A
   \   00000C   D2AF         SETB    0xa8.7
    594            
    595            if (HAL_KEY_JOY_MOVE_PXIFG & HAL_KEY_JOY_MOVE_BIT)
   \   00000E   E58B         MOV     A,0x8b
   \   000010   A2E0         MOV     C,0xE0 /* A   */.0
   \   000012   5003         JNC     ??halKeyPort2Isr_0
    596            {
    597              halProcessKeyInterrupt();
   \   000014                ; Setup parameters for call to function halProcessKeyInterrupt
   \   000014   12....       LCALL   ??halProcessKeyInterrupt?relay
    598            }
    599          
    600          
    601            HAL_KEY_JOY_MOVE_PXIFG = 0;
   \                     ??halKeyPort2Isr_0:
   \   000017   758B00       MOV     0x8b,#0x0
    602            HAL_KEY_CPU_PORT_2_IF = 0;
   \   00001A   C2E8         CLR     0xe8.0
    603          
    604            CLEAR_SLEEP_MODE();
    605            HAL_EXIT_ISR();
   \   00001C   EE           MOV     A,R6
   \   00001D   A2E0         MOV     C,0xE0 /* A   */.0
   \   00001F   92AF         MOV     0xa8.7,C
    606          }
   \   000021   7F01         MOV     R7,#0x1
   \   000023   02....       LJMP    ?INTERRUPT_LEAVE_XSP
   \   000026                REQUIRE _A_IEN0
   \   000026                REQUIRE P2IFG
   \   000026                REQUIRE _A_IRCON2
    607          
    608          
    609          #define MELODY_INIT_VOLUM		1
    610          #define MELODY_MAX_DUR			10000

   \                                 In  segment XDATA_I, align 1, keep-with-next
    611          uint8 gPlayVal = 1;
   \                     gPlayVal:
   \   000000                DS 1
   \   000001                REQUIRE `?<Initializer for gPlayVal>`
   \   000001                REQUIRE __INIT_XDATA_I

   \                                 In  segment XDATA_I, align 1, keep-with-next
    612          uint8 gVolumVal = MELODY_INIT_VOLUM;//init state
   \                     gVolumVal:
   \   000000                DS 1
   \   000001                REQUIRE `?<Initializer for gVolumVal>`
   \   000001                REQUIRE __INIT_XDATA_I

   \                                 In  segment XDATA_Z, align 1, keep-with-next
    613          uint8 gMelodyVal = 0;
   \                     gMelodyVal:
   \   000000                DS 1
   \   000001                REQUIRE __INIT_XDATA_Z
    614          /*
    615          void ButtonSW(uint8 btn)
    616          {
    617          	swIo(btn);
    618          	SampleApp_SendInMessage();// upload current switch state
    619          }
    620          */
    621          
    622          #define DBOP_MAX_DUR		2000//ms

   \                                 In  segment XDATA_I, align 1, keep-with-next
    623          uint8 gFlagOp = 1;
   \                     gFlagOp:
   \   000000                DS 1
   \   000001                REQUIRE `?<Initializer for gFlagOp>`
   \   000001                REQUIRE __INIT_XDATA_I

   \                                 In  segment BANKED_CODE, align 1, keep-with-next
    624          void swIo(uint8 tBtn,uint8 tBtm)
   \                     swIo:
    625          {
   \   000000   74F7         MOV     A,#-0x9
   \   000002   12....       LCALL   ?BANKED_ENTER_XDATA
   \   000005                ; Saved register size: 9
   \   000005                ; Auto size: 0
   \   000005   E9           MOV     A,R1
   \   000006   FE           MOV     R6,A
   \   000007   EA           MOV     A,R2
   \   000008   FF           MOV     R7,A
    626          	if(gFlagOp)
   \   000009   90....       MOV     DPTR,#gFlagOp
   \   00000C   E0           MOVX    A,@DPTR
   \   00000D   7003         JNZ     $+5
   \   00000F   02....       LJMP    ??swIo_0 & 0xFFFF
    627          	{
    628          		switch(tBtn)
   \   000012   EE           MOV     A,R6
   \   000013   14           DEC     A
   \   000014   600B         JZ      ??swIo_1
   \   000016   14           DEC     A
   \   000017   600C         JZ      ??swIo_2
   \   000019   14           DEC     A
   \   00001A   6022         JZ      ??swIo_3
   \   00001C   14           DEC     A
   \   00001D   6049         JZ      ??swIo_4
   \   00001F   8060         SJMP    ??swIo_5
    629          		{
    630          			case WLDB_BTN_PLAY:
    631          			{
    632          				//gPlayVal = 1;
    633          				
    634                                          IO_PLAY_SBIT = 1;
   \                     ??swIo_1:
   \   000021   D283         SETB    0x80.3
    635          				break;
   \   000023   805C         SJMP    ??swIo_5
    636          			}
    637          			case WLDB_BTN_SELE:
    638          			{
    639          				if(++gMelodyVal>37){gMelodyVal = 0;}
   \                     ??swIo_2:
   \   000025   90....       MOV     DPTR,#gMelodyVal
   \   000028   E0           MOVX    A,@DPTR
   \   000029   2401         ADD     A,#0x1
   \   00002B   90....       MOV     DPTR,#gMelodyVal
   \   00002E   F0           MOVX    @DPTR,A
   \   00002F   C3           CLR     C
   \   000030   9426         SUBB    A,#0x26
   \   000032   4006         JC      ??swIo_6
   \   000034   90....       MOV     DPTR,#gMelodyVal
   \   000037   7400         MOV     A,#0x0
   \   000039   F0           MOVX    @DPTR,A
    640          				IO_SELE_SBIT = 1;
   \                     ??swIo_6:
   \   00003A   D285         SETB    0x80.5
    641          				break;
   \   00003C   8043         SJMP    ??swIo_5
    642          			}
    643          			case WLDB_BTN_VOLU:
    644          			{
    645          				if(--gVolumVal<1){gVolumVal = 3;}
   \                     ??swIo_3:
   \   00003E   90....       MOV     DPTR,#gVolumVal
   \   000041   E0           MOVX    A,@DPTR
   \   000042   24FF         ADD     A,#-0x1
   \   000044   90....       MOV     DPTR,#gVolumVal
   \   000047   F0           MOVX    @DPTR,A
   \   000048   C3           CLR     C
   \   000049   9401         SUBB    A,#0x1
   \   00004B   5008         JNC     ??swIo_7
   \   00004D   90....       MOV     DPTR,#gVolumVal
   \   000050   7403         MOV     A,#0x3
   \   000052   F0           MOVX    @DPTR,A
   \   000053   800F         SJMP    ??swIo_8
    646          				else if(gVolumVal>3){gVolumVal = 3;}
   \                     ??swIo_7:
   \   000055   90....       MOV     DPTR,#gVolumVal
   \   000058   E0           MOVX    A,@DPTR
   \   000059   C3           CLR     C
   \   00005A   9404         SUBB    A,#0x4
   \   00005C   4006         JC      ??swIo_8
   \   00005E   90....       MOV     DPTR,#gVolumVal
   \   000061   7403         MOV     A,#0x3
   \   000063   F0           MOVX    @DPTR,A
    647                                        
    648          				IO_VOLU_SBIT = 1;
   \                     ??swIo_8:
   \   000064   D284         SETB    0x80.4
    649          				break;
   \   000066   8019         SJMP    ??swIo_5
    650          			}
    651                                  case WLDB_BTN_BUTTONEN:
    652          			{
    653          				
    654                                          ButtonEn = tBtm;
   \                     ??swIo_4:
   \   000068   EF           MOV     A,R7
   \   000069   90....       MOV     DPTR,#ButtonEn
   \   00006C   F0           MOVX    @DPTR,A
    655                                          if(ButtonEn==0)
   \   00006D   90....       MOV     DPTR,#ButtonEn
   \   000070   E0           MOVX    A,@DPTR
   \   000071   7008         JNZ     ??swIo_9
    656                                          {
    657                                           gPlayVal = 0;
   \   000073   90....       MOV     DPTR,#gPlayVal
   \   000076   7400         MOV     A,#0x0
   \   000078   F0           MOVX    @DPTR,A
   \   000079   8006         SJMP    ??swIo_5
    658                                          }
    659                                          else
    660                                          {
    661                                           gPlayVal = 1;
   \                     ??swIo_9:
   \   00007B   90....       MOV     DPTR,#gPlayVal
   \   00007E   7401         MOV     A,#0x1
   \   000080   F0           MOVX    @DPTR,A
    662                                          }  
    663          				
    664          				break;
    665          			}
    666          			default:
    667          			{
    668          				break;
    669          			}
    670          		}
    671          		gFlagOp = 0;
   \                     ??swIo_5:
   \   000081   90....       MOV     DPTR,#gFlagOp
   \   000084   7400         MOV     A,#0x0
   \   000086   F0           MOVX    @DPTR,A
    672          		//re-enable gFlagOp and clr after DBOP_MAX_DUR
    673          osal_start_timerEx( UserApp_TaskID,WLDB_CLRDB_EVENT,DBOP_MAX_DUR);//max , duration 2S
   \   000087                ; Setup parameters for call to function osal_start_timerEx
   \   000087   7CD0         MOV     R4,#-0x30
   \   000089   7D07         MOV     R5,#0x7
   \   00008B   7A04         MOV     R2,#0x4
   \   00008D   7B00         MOV     R3,#0x0
   \   00008F   90....       MOV     DPTR,#UserApp_TaskID
   \   000092   E0           MOVX    A,@DPTR
   \   000093   F9           MOV     R1,A
   \   000094   12....       LCALL   ??osal_start_timerEx?relay
   \   000097   E9           MOV     A,R1
    674          	}
    675          	//clear output after 10ms
    676          	osal_start_timerEx( UserApp_TaskID, WLDB_CLRIO_EVENT,250);
   \                     ??swIo_0:
   \   000098                ; Setup parameters for call to function osal_start_timerEx
   \   000098   7CFA         MOV     R4,#-0x6
   \   00009A   7D00         MOV     R5,#0x0
   \   00009C   7A02         MOV     R2,#0x2
   \   00009E   7B00         MOV     R3,#0x0
   \   0000A0   90....       MOV     DPTR,#UserApp_TaskID
   \   0000A3   E0           MOVX    A,@DPTR
   \   0000A4   F9           MOV     R1,A
   \   0000A5   12....       LCALL   ??osal_start_timerEx?relay
   \   0000A8   E9           MOV     A,R1
    677          }
   \   0000A9   7F01         MOV     R7,#0x1
   \   0000AB   02....       LJMP    ?BANKED_LEAVE_XDATA
   \   0000AE                REQUIRE _A_P0
    678          
    679          void clrIo(void);

   \                                 In  segment BANKED_CODE, align 1, keep-with-next
    680          void clrIo(void)
   \                     clrIo:
    681          {
   \   000000                ; Saved register size: 0
   \   000000                ; Auto size: 0
    682          	IO_PLAY_SBIT = 0;
   \   000000   C283         CLR     0x80.3
    683          	IO_SELE_SBIT = 0;
   \   000002   C285         CLR     0x80.5
    684          	IO_VOLU_SBIT = 0;
   \   000004   C284         CLR     0x80.4
    685          }
   \   000006   02....       LJMP    ?BRET
   \   000009                REQUIRE _A_P0
    686          
    687          void clrDb(void);

   \                                 In  segment BANKED_CODE, align 1, keep-with-next
    688          void clrDb(void)
   \                     clrDb:
    689          {
   \   000000   C082         PUSH    DPL
   \   000002   C083         PUSH    DPH
   \   000004                ; Saved register size: 2
   \   000004                ; Auto size: 0
    690          	//gPlayVal = 0;
    691          	gFlagOp = 1;
   \   000004   90....       MOV     DPTR,#gFlagOp
   \   000007   7401         MOV     A,#0x1
   \   000009   F0           MOVX    @DPTR,A
    692          	//SampleApp_SendInMessage();
    693          }
   \   00000A   D083         POP     DPH
   \   00000C   D082         POP     DPL
   \   00000E   02....       LJMP    ?BRET
    694          
    695          uint8 getCurMelody(uint8 btn);

   \                                 In  segment BANKED_CODE, align 1, keep-with-next
    696          uint8 getCurMelody(uint8 btn)
   \                     getCurMelody:
    697          {
   \   000000   C082         PUSH    DPL
   \   000002   C083         PUSH    DPH
   \   000004                ; Saved register size: 2
   \   000004                ; Auto size: 0
   \   000004   E9           MOV     A,R1
   \   000005   F8           MOV     R0,A
    698          	if(btn == WLDB_BTN_PLAY){return gPlayVal;}
   \   000006   7401         MOV     A,#0x1
   \   000008   68           XRL     A,R0
   \   000009   7007         JNZ     ??getCurMelody_0
   \   00000B   90....       MOV     DPTR,#gPlayVal
   \   00000E   E0           MOVX    A,@DPTR
   \   00000F   F9           MOV     R1,A
   \   000010   801A         SJMP    ??getCurMelody_1
    699          	else if(btn == WLDB_BTN_SELE){return gMelodyVal;}
   \                     ??getCurMelody_0:
   \   000012   7402         MOV     A,#0x2
   \   000014   68           XRL     A,R0
   \   000015   7007         JNZ     ??getCurMelody_2
   \   000017   90....       MOV     DPTR,#gMelodyVal
   \   00001A   E0           MOVX    A,@DPTR
   \   00001B   F9           MOV     R1,A
   \   00001C   800E         SJMP    ??getCurMelody_1
    700          	else if(btn == WLDB_BTN_VOLU){return gVolumVal;}
   \                     ??getCurMelody_2:
   \   00001E   7403         MOV     A,#0x3
   \   000020   68           XRL     A,R0
   \   000021   7007         JNZ     ??getCurMelody_3
   \   000023   90....       MOV     DPTR,#gVolumVal
   \   000026   E0           MOVX    A,@DPTR
   \   000027   F9           MOV     R1,A
   \   000028   8002         SJMP    ??getCurMelody_1
    701          	else return 0;
   \                     ??getCurMelody_3:
   \   00002A   7900         MOV     R1,#0x0
   \                     ??getCurMelody_1:
   \   00002C   D083         POP     DPH
   \   00002E   D082         POP     DPL
   \   000030   02....       LJMP    ?BRET
    702          }

   \                                 In  segment INTVEC, offset 0x33, root
   \                     `??halKeyPort2Isr??INTVEC 51`:
   \   000033   02....       LJMP       (halKeyPort2Isr)

   \                                 In  segment INTVEC, offset 0x6b, root
   \                     `??halKeyPort0Isr??INTVEC 107`:
   \   00006B   02....       LJMP       (halKeyPort0Isr)

   \                                 In  segment INTVEC, offset 0x7b, root
   \                     `??halKeyPort1Isr??INTVEC 123`:
   \   00007B   02....       LJMP       (halKeyPort1Isr)

   \                                 In  segment XDATA_ID, align 1, keep-with-next
   \                     `?<Initializer for ButtonEn>`:
   \   000000   01           DB 1

   \                                 In  segment XDATA_ID, align 1, keep-with-next
   \                     `?<Initializer for gPlayVal>`:
   \   000000   01           DB 1

   \                                 In  segment XDATA_ID, align 1, keep-with-next
   \                     `?<Initializer for gVolumVal>`:
   \   000000   01           DB 1

   \                                 In  segment XDATA_ID, align 1, keep-with-next
   \                     `?<Initializer for gFlagOp>`:
   \   000000   01           DB 1

   \                                 In  segment BANK_RELAYS, align 1
   \                     ??HalKeyInit?relay:
   \   000000   12....       LCALL   ?BDISPATCH
   \   000003   ......       DC24    HalKeyInit

   \                                 In  segment BANK_RELAYS, align 1
   \                     ??HalKeyConfig?relay:
   \   000000   12....       LCALL   ?BDISPATCH
   \   000003   ......       DC24    HalKeyConfig

   \                                 In  segment BANK_RELAYS, align 1
   \                     ??HalKeyRead?relay:
   \   000000   12....       LCALL   ?BDISPATCH
   \   000003   ......       DC24    HalKeyRead

   \                                 In  segment BANK_RELAYS, align 1
   \                     ??HalKeyPoll?relay:
   \   000000   12....       LCALL   ?BDISPATCH
   \   000003   ......       DC24    HalKeyPoll

   \                                 In  segment BANK_RELAYS, align 1
   \                     ??halGetJoyKeyInput?relay:
   \   000000   12....       LCALL   ?BDISPATCH
   \   000003   ......       DC24    halGetJoyKeyInput

   \                                 In  segment BANK_RELAYS, align 1
   \                     ??halProcessKeyInterrupt?relay:
   \   000000   12....       LCALL   ?BDISPATCH
   \   000003   ......       DC24    halProcessKeyInterrupt

   \                                 In  segment BANK_RELAYS, align 1
   \                     ??HalKeyEnterSleep?relay:
   \   000000   12....       LCALL   ?BDISPATCH
   \   000003   ......       DC24    HalKeyEnterSleep

   \                                 In  segment BANK_RELAYS, align 1
   \                     ??HalKeyExitSleep?relay:
   \   000000   12....       LCALL   ?BDISPATCH
   \   000003   ......       DC24    HalKeyExitSleep

   \                                 In  segment BANK_RELAYS, align 1
   \                     ??swIo?relay:
   \   000000   12....       LCALL   ?BDISPATCH
   \   000003   ......       DC24    swIo

   \                                 In  segment BANK_RELAYS, align 1
   \                     ??clrIo?relay:
   \   000000   12....       LCALL   ?BDISPATCH
   \   000003   ......       DC24    clrIo

   \                                 In  segment BANK_RELAYS, align 1
   \                     ??clrDb?relay:
   \   000000   12....       LCALL   ?BDISPATCH
   \   000003   ......       DC24    clrDb

   \                                 In  segment BANK_RELAYS, align 1
   \                     ??getCurMelody?relay:
   \   000000   12....       LCALL   ?BDISPATCH
   \   000003   ......       DC24    getCurMelody
    703          
    704          
    705          
    706          #else
    707          
    708          void Key_Check(void){}
    709          void HalKeyInit(void){}
    710          void HalKeyConfig(bool interruptEnable, halKeyCBack_t cback){}
    711          uint8 HalKeyRead(void){ return 0;}
    712          void HalKeyPoll(void){}
    713          void HalKey_double_detect(void);
    714          #endif /* HAL_KEY */
    715          
    716          
    717          
    718          
    719          
    720          /**************************************************************************************************
    721          **************************************************************************************************/
    722          
    723          
    724          

   Maximum stack usage in bytes:

     Function                    ISTACK PSTACK XSTACK
     --------                    ------ ------ ------
     HalKeyConfig                    0      0      9
       -> osal_stop_timerEx          0      0     18
       -> osal_set_event             0      0     18
     HalKeyEnterSleep                0      0      0
     HalKeyExitSleep                 2      0      0
       -> HalKeyRead                 4      0      0
     HalKeyInit                      2      0      0
     HalKeyPoll                      0      0      9
       -> osal_stop_timerEx          0      0     18
       -> osal_stop_timerEx          0      0     18
       -> osal_start_timerEx         0      0     18
     HalKeyRead                      0      0      0
     clrDb                           2      0      0
     clrIo                           0      0      0
     getCurMelody                    2      0      0
     halGetJoyKeyInput               0      0      9
       -> HalAdcRead                 0      0     18
     halKeyPort0Isr                 15      0      0
       -> halProcessKeyInterrupt    30      0      0
     halKeyPort1Isr                 15      0      0
       -> halProcessKeyInterrupt    30      0      0
     halKeyPort2Isr                 15      0      0
       -> halProcessKeyInterrupt    30      0      0
     halProcessKeyInterrupt          0      0      9
       -> osal_start_timerEx         0      0     18
     swIo                            0      0      9
       -> osal_start_timerEx         0      0     18
       -> osal_start_timerEx         0      0     18


   Segment part sizes:

     Function/Label                 Bytes
     --------------                 -----
     _A_P0                             1
     P0IFG                             1
     P1IFG                             1
     P2IFG                             1
     PICTL                             1
     P1IEN                             1
     _A_P1                             1
     IEN2                              1
     _A_P2                             1
     _A_IEN0                           1
     P0IEN                             1
     _A_IEN1                           1
     _A_IRCON                          1
     _A_IRCON2                         1
     P0SEL                             1
     P1SEL                             1
     P0DIR                             1
     P1DIR                             1
     halKeySavedKeys                   1
     pHalKeyProcessFunction            2
     HalKeyConfigured                  1
     Hal_KeyIntEnable                  1
     ButtonEn                          1
     kpush0                            1
     kpush1                            1
     key_ISR_FLAG                      1
     KEY_NET_ISR_FLAG                  1
     key_double_flag                   1
     key_holdtime_waiting_flag         1
     key_hold_flag                     1
     HalKeyInit                       51
     HalKeyConfig                     98
     HalKeyRead                        5
     HalKeyPoll                      195
     halGetJoyKeyInput                76
     halProcessKeyInterrupt           65
     HalKeyEnterSleep                  3
     HalKeyExitSleep                  14
     halKeyPort0Isr                   56
     halKeyPort1Isr                   50
     halKeyPort2Isr                   38
     gPlayVal                          1
     gVolumVal                         1
     gMelodyVal                        1
     gFlagOp                           1
     swIo                            174
     clrIo                             9
     clrDb                            17
     getCurMelody                     51
     ??halKeyPort2Isr??INTVEC 51       3
     ??halKeyPort0Isr??INTVEC 107      3
     ??halKeyPort1Isr??INTVEC 123      3
     ?<Initializer for ButtonEn>       1
     ?<Initializer for gPlayVal>       1
     ?<Initializer for gVolumVal>      1
     ?<Initializer for gFlagOp>        1
     ??HalKeyInit?relay                6
     ??HalKeyConfig?relay              6
     ??HalKeyRead?relay                6
     ??HalKeyPoll?relay                6
     ??halGetJoyKeyInput?relay         6
     ??halProcessKeyInterrupt?relay    6
     ??HalKeyEnterSleep?relay          6
     ??HalKeyExitSleep?relay           6
     ??swIo?relay                      6
     ??clrIo?relay                     6
     ??clrDb?relay                     6
     ??getCurMelody?relay              6

 
 758 bytes in segment BANKED_CODE
  72 bytes in segment BANK_RELAYS
   9 bytes in segment INTVEC
 144 bytes in segment NEAR_CODE
  18 bytes in segment SFR_AN
   4 bytes in segment XDATA_I
   4 bytes in segment XDATA_ID
  13 bytes in segment XDATA_Z
 
 978 bytes of CODE  memory (+  9 bytes shared)
   0 bytes of DATA  memory (+ 18 bytes shared)
  17 bytes of XDATA memory

Errors: none
Warnings: 1
